2017-10-10 18:33:14.535+0000 WARN [o.n.i.p.PageCache] The dbms.memory.pagecache.size setting has not been configured. It is recommended that this setting is always explicitly configured, to ensure the system has a balanced configuration. Until then, a computed heuristic value of 6615441408 bytes will be used instead. 
2017-10-10 18:33:14.597+0000 INFO [o.n.k.i.f.CommunityEditionModule] No locking implementation specified, defaulting to 'community'
2017-10-10 18:33:14.613+0000 INFO [o.n.k.AvailabilityGuard] Requirement makes database unavailable: Database available
2017-10-10 18:33:14.613+0000 INFO [o.n.k.i.DiagnosticsManager] --- INITIALIZED diagnostics START ---
2017-10-10 18:33:14.613+0000 INFO [o.n.k.i.DiagnosticsManager] Neo4j Kernel properties:
2017-10-10 18:33:14.613+0000 INFO [o.n.k.i.DiagnosticsManager] unsupported.dbms.edition=community
2017-10-10 18:33:14.613+0000 INFO [o.n.k.i.DiagnosticsManager] unsupported.dbms.directories.neo4j_home=C:\software_dev\Code\intellij_workspace\ie-viz\resource\db\smoking
2017-10-10 18:33:14.613+0000 INFO [o.n.k.i.DiagnosticsManager] unsupported.dbms.ephemeral=false
2017-10-10 18:33:14.613+0000 INFO [o.n.k.i.DiagnosticsManager] Diagnostics providers:
2017-10-10 18:33:14.613+0000 INFO [o.n.k.i.DiagnosticsManager] org.neo4j.kernel.configuration.Config
2017-10-10 18:33:14.613+0000 INFO [o.n.k.i.DiagnosticsManager] org.neo4j.kernel.info.DiagnosticsManager
2017-10-10 18:33:14.613+0000 INFO [o.n.k.i.DiagnosticsManager] SYSTEM_MEMORY
2017-10-10 18:33:14.613+0000 INFO [o.n.k.i.DiagnosticsManager] JAVA_MEMORY
2017-10-10 18:33:14.613+0000 INFO [o.n.k.i.DiagnosticsManager] OPERATING_SYSTEM
2017-10-10 18:33:14.613+0000 INFO [o.n.k.i.DiagnosticsManager] JAVA_VIRTUAL_MACHINE
2017-10-10 18:33:14.613+0000 INFO [o.n.k.i.DiagnosticsManager] CLASSPATH
2017-10-10 18:33:14.613+0000 INFO [o.n.k.i.DiagnosticsManager] LIBRARY_PATH
2017-10-10 18:33:14.613+0000 INFO [o.n.k.i.DiagnosticsManager] SYSTEM_PROPERTIES
2017-10-10 18:33:14.613+0000 INFO [o.n.k.i.DiagnosticsManager] NETWORK
2017-10-10 18:33:14.613+0000 INFO [o.n.k.i.DiagnosticsManager] System memory information:
2017-10-10 18:33:14.613+0000 INFO [o.n.k.i.DiagnosticsManager] Total Physical memory: 15.85 GB
2017-10-10 18:33:14.613+0000 INFO [o.n.k.i.DiagnosticsManager] Free Physical memory: 7.16 GB
2017-10-10 18:33:14.613+0000 INFO [o.n.k.i.DiagnosticsManager] Committed virtual memory: 1.00 GB
2017-10-10 18:33:14.613+0000 INFO [o.n.k.i.DiagnosticsManager] Total swap space: 18.22 GB
2017-10-10 18:33:14.613+0000 INFO [o.n.k.i.DiagnosticsManager] Free swap space: 6.91 GB
2017-10-10 18:33:14.613+0000 INFO [o.n.k.i.DiagnosticsManager] JVM memory information:
2017-10-10 18:33:14.613+0000 INFO [o.n.k.i.DiagnosticsManager] Free  memory: 298.94 MB
2017-10-10 18:33:14.613+0000 INFO [o.n.k.i.DiagnosticsManager] Total memory: 539.00 MB
2017-10-10 18:33:14.613+0000 INFO [o.n.k.i.DiagnosticsManager] Max   memory: 3.52 GB
2017-10-10 18:33:14.613+0000 INFO [o.n.k.i.DiagnosticsManager] Garbage Collector: PS Scavenge: [PS Eden Space, PS Survivor Space]
2017-10-10 18:33:14.613+0000 INFO [o.n.k.i.DiagnosticsManager] Garbage Collector: PS MarkSweep: [PS Eden Space, PS Survivor Space, PS Old Gen]
2017-10-10 18:33:14.613+0000 INFO [o.n.k.i.DiagnosticsManager] Memory Pool: Code Cache (Non-heap memory): committed=21.50 MB, used=21.35 MB, max=240.00 MB, threshold=0.00 B
2017-10-10 18:33:14.613+0000 INFO [o.n.k.i.DiagnosticsManager] Memory Pool: Metaspace (Non-heap memory): committed=51.88 MB, used=50.42 MB, max=-1.00 B, threshold=0.00 B
2017-10-10 18:33:14.613+0000 INFO [o.n.k.i.DiagnosticsManager] Memory Pool: Compressed Class Space (Non-heap memory): committed=8.63 MB, used=8.32 MB, max=1.00 GB, threshold=0.00 B
2017-10-10 18:33:14.613+0000 INFO [o.n.k.i.DiagnosticsManager] Memory Pool: PS Eden Space (Heap memory): committed=219.00 MB, used=161.28 MB, max=1.21 GB, threshold=?
2017-10-10 18:33:14.613+0000 INFO [o.n.k.i.DiagnosticsManager] Memory Pool: PS Survivor Space (Heap memory): committed=59.50 MB, used=20.48 MB, max=59.50 MB, threshold=?
2017-10-10 18:33:14.613+0000 INFO [o.n.k.i.DiagnosticsManager] Memory Pool: PS Old Gen (Heap memory): committed=260.50 MB, used=58.31 MB, max=2.64 GB, threshold=0.00 B
2017-10-10 18:33:14.613+0000 INFO [o.n.k.i.DiagnosticsManager] Operating system information:
2017-10-10 18:33:14.613+0000 INFO [o.n.k.i.DiagnosticsManager] Operating System: Windows 10; version: 10.0; arch: amd64; cpus: 8
2017-10-10 18:33:14.613+0000 INFO [o.n.k.i.DiagnosticsManager] Process id: 7120@DESKTOP-FKG400I
2017-10-10 18:33:14.613+0000 INFO [o.n.k.i.DiagnosticsManager] Byte order: LITTLE_ENDIAN
2017-10-10 18:33:14.613+0000 INFO [o.n.k.i.DiagnosticsManager] Local timezone: America/Los_Angeles
2017-10-10 18:33:14.613+0000 INFO [o.n.k.i.DiagnosticsManager] JVM information:
2017-10-10 18:33:14.613+0000 INFO [o.n.k.i.DiagnosticsManager] VM Name: Java HotSpot(TM) 64-Bit Server VM
2017-10-10 18:33:14.613+0000 INFO [o.n.k.i.DiagnosticsManager] VM Vendor: Oracle Corporation
2017-10-10 18:33:14.613+0000 INFO [o.n.k.i.DiagnosticsManager] VM Version: 25.91-b15
2017-10-10 18:33:14.613+0000 INFO [o.n.k.i.DiagnosticsManager] JIT compiler: HotSpot 64-Bit Tiered Compilers
2017-10-10 18:33:14.613+0000 INFO [o.n.k.i.DiagnosticsManager] VM Arguments: [-Didea.launcher.port=7536, -Didea.launcher.bin.path=C:\Program Files (x86)\JetBrains\IntelliJ IDEA Community Edition 2016.2\bin, -Dfile.encoding=UTF-8]
2017-10-10 18:33:14.613+0000 INFO [o.n.k.i.DiagnosticsManager] Java classpath:
2017-10-10 18:33:14.613+0000 INFO [o.n.k.i.DiagnosticsManager]  [classpath + loader.0] file:/C:/Users/Bill/.m2/repository/org/scala-lang/scala-reflect/2.11.8/scala-reflect-2.11.8.jar
2017-10-10 18:33:14.613+0000 INFO [o.n.k.i.DiagnosticsManager]  [classpath + loader.0] file:/C:/Users/Bill/.m2/repository/xerces/xercesImpl/2.8.0/xercesImpl-2.8.0.jar
2017-10-10 18:33:14.613+0000 INFO [o.n.k.i.DiagnosticsManager]  [classpath + loader.0] file:/C:/Users/Bill/.m2/repository/org/neo4j/neo4j-udc/3.2.2/neo4j-udc-3.2.2.jar
2017-10-10 18:33:14.613+0000 INFO [o.n.k.i.DiagnosticsManager]  [loader.0] file:/C:/Program%20Files/Java/jdk1.8.0_91/jre/lib/jsse.jar
2017-10-10 18:33:14.613+0000 INFO [o.n.k.i.DiagnosticsManager]  [classpath + loader.0] file:/C:/Users/Bill/.m2/repository/org/apache/lucene/lucene-core/5.5.0/lucene-core-5.5.0.jar
2017-10-10 18:33:14.613+0000 INFO [o.n.k.i.DiagnosticsManager]  [classpath] C:\Program Files\Java\jdk1.8.0_91\jre\lib\ext\sunmscapi.jar
2017-10-10 18:33:14.613+0000 INFO [o.n.k.i.DiagnosticsManager]  [bootstrap + classpath] C:\Program Files\Java\jdk1.8.0_91\jre\lib\rt.jar
2017-10-10 18:33:14.613+0000 INFO [o.n.k.i.DiagnosticsManager]  [loader.0] file:/C:/Program%20Files/Java/jdk1.8.0_91/jre/lib/resources.jar
2017-10-10 18:33:14.613+0000 INFO [o.n.k.i.DiagnosticsManager]  [loader.1] file:/C:/Program%20Files/Java/jdk1.8.0_91/jre/lib/ext/nashorn.jar
2017-10-10 18:33:14.613+0000 INFO [o.n.k.i.DiagnosticsManager]  [classpath] C:\Program Files\Java\jdk1.8.0_91\jre\lib\ext\sunjce_provider.jar
2017-10-10 18:33:14.613+0000 INFO [o.n.k.i.DiagnosticsManager]  [classpath + loader.0] file:/C:/Users/Bill/.m2/repository/org/neo4j/neo4j-cypher-compiler-3.2/3.2.2/neo4j-cypher-compiler-3.2-3.2.2.jar
2017-10-10 18:33:14.613+0000 INFO [o.n.k.i.DiagnosticsManager]  [classpath + loader.0] file:/C:/Users/Bill/.m2/repository/org/ow2/asm/asm/5.2/asm-5.2.jar
2017-10-10 18:33:14.613+0000 INFO [o.n.k.i.DiagnosticsManager]  [classpath + loader.0] file:/C:/Users/Bill/.m2/repository/net/sourceforge/owlapi/owlapi-parsers/3.5.2/owlapi-parsers-3.5.2.jar
2017-10-10 18:33:14.613+0000 INFO [o.n.k.i.DiagnosticsManager]  [loader.1] file:/C:/Program%20Files/Java/jdk1.8.0_91/jre/lib/ext/sunpkcs11.jar
2017-10-10 18:33:14.613+0000 INFO [o.n.k.i.DiagnosticsManager]  [loader.0] file:/C:/Program%20Files/Java/jdk1.8.0_91/jre/lib/deploy.jar
2017-10-10 18:33:14.613+0000 INFO [o.n.k.i.DiagnosticsManager]  [classpath + loader.0] file:/C:/Users/Bill/.m2/repository/net/sf/opencsv/opencsv/2.3/opencsv-2.3.jar
2017-10-10 18:33:14.613+0000 INFO [o.n.k.i.DiagnosticsManager]  [classpath] C:\Program Files\Java\jdk1.8.0_91\jre\lib\ext\jaccess.jar
2017-10-10 18:33:14.613+0000 INFO [o.n.k.i.DiagnosticsManager]  [classpath + loader.0] file:/C:/Users/Bill/.m2/repository/commons-cli/commons-cli/1.2/commons-cli-1.2.jar
2017-10-10 18:33:14.613+0000 INFO [o.n.k.i.DiagnosticsManager]  [classpath + loader.0] file:/C:/Users/Bill/.m2/repository/org/slf4j/slf4j-api/1.7.5/slf4j-api-1.7.5.jar
2017-10-10 18:33:14.613+0000 INFO [o.n.k.i.DiagnosticsManager]  [classpath + loader.0] file:/C:/Users/Bill/.m2/repository/org/apache/directory/studio/org.apache.commons.io/2.4/org.apache.commons.io-2.4.jar
2017-10-10 18:33:14.613+0000 INFO [o.n.k.i.DiagnosticsManager]  [classpath + loader.0] file:/C:/Users/Bill/.m2/repository/org/neo4j/neo4j-consistency-check/3.2.2/neo4j-consistency-check-3.2.2.jar
2017-10-10 18:33:14.613+0000 INFO [o.n.k.i.DiagnosticsManager]  [classpath + loader.0] file:/C:/Users/Bill/.m2/repository/edu/stanford/nlp/stanford-corenlp/3.6.0/stanford-corenlp-3.6.0.jar
2017-10-10 18:33:14.613+0000 INFO [o.n.k.i.DiagnosticsManager]  [classpath + loader.0] file:/C:/Users/Bill/.m2/repository/com/io7m/xom/xom/1.2.10/xom-1.2.10.jar
2017-10-10 18:33:14.613+0000 INFO [o.n.k.i.DiagnosticsManager]  [classpath + loader.0] file:/C:/Users/Bill/.m2/repository/org/jdom/jdom/1.1/jdom-1.1.jar
2017-10-10 18:33:14.613+0000 INFO [o.n.k.i.DiagnosticsManager]  [loader.0] file:/C:/Program%20Files/Java/jdk1.8.0_91/jre/lib/jce.jar
2017-10-10 18:33:14.613+0000 INFO [o.n.k.i.DiagnosticsManager]  [classpath + loader.0] file:/C:/Users/Bill/.m2/repository/net/sourceforge/owlapi/owlapi-distribution/3.5.2/owlapi-distribution-3.5.2.jar
2017-10-10 18:33:14.613+0000 INFO [o.n.k.i.DiagnosticsManager]  [classpath + loader.0] file:/C:/Users/Bill/.m2/repository/org/neo4j/neo4j-command-line/3.2.2/neo4j-command-line-3.2.2.jar
2017-10-10 18:33:14.613+0000 INFO [o.n.k.i.DiagnosticsManager]  [classpath] C:\Program Files\Java\jdk1.8.0_91\jre\lib\management-agent.jar
2017-10-10 18:33:14.613+0000 INFO [o.n.k.i.DiagnosticsManager]  [classpath + loader.0] file:/C:/Users/Bill/.m2/repository/org/parboiled/parboiled-scala_2.11/1.1.7/parboiled-scala_2.11-1.1.7.jar
2017-10-10 18:33:14.613+0000 INFO [o.n.k.i.DiagnosticsManager]  [classpath + loader.0] file:/C:/Users/Bill/.m2/repository/org/neo4j/neo4j-csv/3.2.2/neo4j-csv-3.2.2.jar
2017-10-10 18:33:14.613+0000 INFO [o.n.k.i.DiagnosticsManager]  [classpath + loader.0] file:/C:/Users/Bill/.m2/repository/org/apache/lucene/lucene-queryparser/5.5.0/lucene-queryparser-5.5.0.jar
2017-10-10 18:33:14.613+0000 INFO [o.n.k.i.DiagnosticsManager]  [classpath + loader.0] file:/C:/Users/Bill/.m2/repository/org/neo4j/neo4j-dbms/3.2.2/neo4j-dbms-3.2.2.jar
2017-10-10 18:33:14.613+0000 INFO [o.n.k.i.DiagnosticsManager]  [classpath + loader.0] file:/C:/Users/Bill/.m2/repository/org/neo4j/neo4j-cypher-frontend-3.2/3.2.2/neo4j-cypher-frontend-3.2-3.2.2.jar
2017-10-10 18:33:14.613+0000 INFO [o.n.k.i.DiagnosticsManager]  [classpath] C:\Program Files\Java\jdk1.8.0_91\jre\lib\ext\jfxrt.jar
2017-10-10 18:33:14.613+0000 INFO [o.n.k.i.DiagnosticsManager]  [classpath] C:\Program Files\Java\jdk1.8.0_91\jre\lib\ext\zipfs.jar
2017-10-10 18:33:14.613+0000 INFO [o.n.k.i.DiagnosticsManager]  [loader.0] file:/C:/Program%20Files/Java/jdk1.8.0_91/jre/lib/rt.jar
2017-10-10 18:33:14.613+0000 INFO [o.n.k.i.DiagnosticsManager]  [classpath + loader.0] file:/C:/Users/Bill/.m2/repository/org/slf4j/slf4j-log4j12/1.7.5/slf4j-log4j12-1.7.5.jar
2017-10-10 18:33:14.613+0000 INFO [o.n.k.i.DiagnosticsManager]  [classpath + loader.0] file:/C:/Users/Bill/.m2/repository/org/parboiled/parboiled-core/1.1.7/parboiled-core-1.1.7.jar
2017-10-10 18:33:14.613+0000 INFO [o.n.k.i.DiagnosticsManager]  [classpath + loader.0] file:/C:/Users/Bill/.m2/repository/org/neo4j/neo4j/3.2.2/neo4j-3.2.2.jar
2017-10-10 18:33:14.613+0000 INFO [o.n.k.i.DiagnosticsManager]  [loader.1] file:/C:/Program%20Files/Java/jdk1.8.0_91/jre/lib/ext/dnsns.jar
2017-10-10 18:33:14.613+0000 INFO [o.n.k.i.DiagnosticsManager]  [classpath + loader.0] file:/C:/Users/Bill/.m2/repository/org/neo4j/neo4j-graph-matching/3.1.3/neo4j-graph-matching-3.1.3.jar
2017-10-10 18:33:14.613+0000 INFO [o.n.k.i.DiagnosticsManager]  [classpath] C:\Program Files\Java\jdk1.8.0_91\jre\lib\ext\sunpkcs11.jar
2017-10-10 18:33:14.613+0000 INFO [o.n.k.i.DiagnosticsManager]  [classpath + loader.0] file:/C:/Users/Bill/.m2/repository/org/neo4j/neo4j-cypher-frontend-2.3/2.3.11/neo4j-cypher-frontend-2.3-2.3.11.jar
2017-10-10 18:33:14.613+0000 INFO [o.n.k.i.DiagnosticsManager]  [classpath + loader.0] file:/C:/Users/Bill/.m2/repository/org/neo4j/neo4j-configuration/3.2.2/neo4j-configuration-3.2.2.jar
2017-10-10 18:33:14.613+0000 INFO [o.n.k.i.DiagnosticsManager]  [classpath + loader.0] file:/C:/Users/Bill/.m2/repository/org/apache/lucene/lucene-codecs/5.5.0/lucene-codecs-5.5.0.jar
2017-10-10 18:33:14.613+0000 INFO [o.n.k.i.DiagnosticsManager]  [loader.0] file:/C:/Program%20Files/Java/jdk1.8.0_91/jre/lib/charsets.jar
2017-10-10 18:33:14.613+0000 INFO [o.n.k.i.DiagnosticsManager]  [classpath + loader.0] file:/C:/Users/Bill/.m2/repository/org/neo4j/neo4j-resource/3.2.2/neo4j-resource-3.2.2.jar
2017-10-10 18:33:14.613+0000 INFO [o.n.k.i.DiagnosticsManager]  [loader.0] file:/C:/Program%20Files/Java/jdk1.8.0_91/jre/lib/jfr.jar
2017-10-10 18:33:14.613+0000 INFO [o.n.k.i.DiagnosticsManager]  [classpath + loader.0] file:/C:/Users/Bill/.m2/repository/org/neo4j/neo4j-graph-algo/3.2.2/neo4j-graph-algo-3.2.2.jar
2017-10-10 18:33:14.613+0000 INFO [o.n.k.i.DiagnosticsManager]  [classpath + loader.0] file:/C:/Users/Bill/.m2/repository/org/neo4j/neo4j-cypher-compiler-3.1/3.1.5/neo4j-cypher-compiler-3.1-3.1.5.jar
2017-10-10 18:33:14.613+0000 INFO [o.n.k.i.DiagnosticsManager]  [classpath] C:\Program Files\Java\jdk1.8.0_91\jre\lib\deploy.jar
2017-10-10 18:33:14.613+0000 INFO [o.n.k.i.DiagnosticsManager]  [classpath + loader.0] file:/C:/Users/Bill/.m2/repository/net/sourceforge/owlapi/owlapi-impl/3.5.2/owlapi-impl-3.5.2.jar
2017-10-10 18:33:14.613+0000 INFO [o.n.k.i.DiagnosticsManager]  [classpath + loader.0] file:/C:/Users/Bill/.m2/repository/org/neo4j/neo4j-unsafe/3.2.2/neo4j-unsafe-3.2.2.jar
2017-10-10 18:33:14.613+0000 INFO [o.n.k.i.DiagnosticsManager]  [classpath + loader.0] file:/C:/Users/Bill/.m2/repository/org/neo4j/neo4j-lucene-index/3.2.2/neo4j-lucene-index-3.2.2.jar
2017-10-10 18:33:14.613+0000 INFO [o.n.k.i.DiagnosticsManager]  [classpath + loader.0] file:/C:/Users/Bill/.m2/repository/org/neo4j/neo4j-cypher-frontend-3.1/3.1.5/neo4j-cypher-frontend-3.1-3.1.5.jar
2017-10-10 18:33:14.613+0000 INFO [o.n.k.i.DiagnosticsManager]  [classpath] C:\Program Files\Java\jdk1.8.0_91\jre\lib\ext\dnsns.jar
2017-10-10 18:33:14.613+0000 INFO [o.n.k.i.DiagnosticsManager]  [classpath + loader.0] file:/C:/Users/Bill/.m2/repository/org/apache/lucene/lucene-analyzers-common/5.5.0/lucene-analyzers-common-5.5.0.jar
2017-10-10 18:33:14.613+0000 INFO [o.n.k.i.DiagnosticsManager]  [loader.0] file:/C:/Program%20Files%20(x86)/JetBrains/IntelliJ%20IDEA%20Community%20Edition%202016.2/lib/idea_rt.jar
2017-10-10 18:33:14.613+0000 INFO [o.n.k.i.DiagnosticsManager]  [classpath + loader.0] file:/C:/Users/Bill/.m2/repository/io/netty/netty-all/4.1.8.Final/netty-all-4.1.8.Final.jar
2017-10-10 18:33:14.613+0000 INFO [o.n.k.i.DiagnosticsManager]  [classpath + loader.0] file:/C:/Users/Bill/.m2/repository/org/neo4j/neo4j-common/3.2.2/neo4j-common-3.2.2.jar
2017-10-10 18:33:14.613+0000 INFO [o.n.k.i.DiagnosticsManager]  [loader.0] file:/C:/Program%20Files/Java/jdk1.8.0_91/jre/lib/jfxswt.jar
2017-10-10 18:33:14.613+0000 INFO [o.n.k.i.DiagnosticsManager]  [loader.0] file:/C:/Program%20Files/Java/jdk1.8.0_91/jre/lib/plugin.jar
2017-10-10 18:33:14.613+0000 INFO [o.n.k.i.DiagnosticsManager]  [classpath + loader.0] file:/C:/Users/Bill/.m2/repository/org/neo4j/neo4j-lucene-upgrade/3.2.2/neo4j-lucene-upgrade-3.2.2.jar
2017-10-10 18:33:14.613+0000 INFO [o.n.k.i.DiagnosticsManager]  [classpath + loader.0] file:/C:/Users/Bill/.m2/repository/org/neo4j/neo4j-jmx/3.2.2/neo4j-jmx-3.2.2.jar
2017-10-10 18:33:14.613+0000 INFO [o.n.k.i.DiagnosticsManager]  [loader.1] file:/C:/Program%20Files/Java/jdk1.8.0_91/jre/lib/ext/access-bridge-64.jar
2017-10-10 18:33:14.613+0000 INFO [o.n.k.i.DiagnosticsManager]  [classpath + loader.0] file:/C:/Users/Bill/.m2/repository/com/googlecode/concurrentlinkedhashmap/concurrentlinkedhashmap-lru/1.4.2/concurrentlinkedhashmap-lru-1.4.2.jar
2017-10-10 18:33:14.613+0000 INFO [o.n.k.i.DiagnosticsManager]  [classpath + loader.0] file:/C:/Users/Bill/.m2/repository/org/neo4j/neo4j-import-tool/3.2.2/neo4j-import-tool-3.2.2.jar
2017-10-10 18:33:14.613+0000 INFO [o.n.k.i.DiagnosticsManager]  [classpath + loader.0] file:/C:/Users/Bill/.m2/repository/net/sourceforge/owlapi/owlapi-apibinding/3.5.2/owlapi-apibinding-3.5.2.jar
2017-10-10 18:33:14.613+0000 INFO [o.n.k.i.DiagnosticsManager]  [classpath + loader.0] file:/C:/Users/Bill/.m2/repository/net/sf/trove4j/trove4j/3.0.3/trove4j-3.0.3.jar
2017-10-10 18:33:14.613+0000 INFO [o.n.k.i.DiagnosticsManager]  [classpath + loader.0] file:/C:/Users/Bill/.m2/repository/org/neo4j/neo4j-kernel/3.2.2/neo4j-kernel-3.2.2.jar
2017-10-10 18:33:14.613+0000 INFO [o.n.k.i.DiagnosticsManager]  [classpath + loader.0] file:/C:/Users/Bill/.m2/repository/net/sourceforge/owlapi/owlapi-tools/3.5.2/owlapi-tools-3.5.2.jar
2017-10-10 18:33:14.613+0000 INFO [o.n.k.i.DiagnosticsManager]  [bootstrap + classpath] C:\Program Files\Java\jdk1.8.0_91\jre\lib\jfr.jar
2017-10-10 18:33:14.613+0000 INFO [o.n.k.i.DiagnosticsManager]  [classpath + loader.0] file:/C:/Users/Bill/.m2/repository/org/neo4j/neo4j-graphdb-api/3.2.2/neo4j-graphdb-api-3.2.2.jar
2017-10-10 18:33:14.613+0000 INFO [o.n.k.i.DiagnosticsManager]  [loader.1] file:/C:/Program%20Files/Java/jdk1.8.0_91/jre/lib/ext/localedata.jar
2017-10-10 18:33:14.613+0000 INFO [o.n.k.i.DiagnosticsManager]  [classpath + loader.0] file:/C:/Users/Bill/.m2/repository/javax/xml/bind/jaxb-api/2.2.7/jaxb-api-2.2.7.jar
2017-10-10 18:33:14.613+0000 INFO [o.n.k.i.DiagnosticsManager]  [classpath + loader.0] file:/C:/Users/Bill/.m2/repository/com/googlecode/efficient-java-matrix-library/ejml/0.23/ejml-0.23.jar
2017-10-10 18:33:14.613+0000 INFO [o.n.k.i.DiagnosticsManager]  [loader.1] file:/C:/Program%20Files/Java/jdk1.8.0_91/jre/lib/ext/cldrdata.jar
2017-10-10 18:33:14.613+0000 INFO [o.n.k.i.DiagnosticsManager]  [classpath + loader.0] file:/C:/Users/Bill/.m2/repository/org/neo4j/neo4j-index/3.2.2/neo4j-index-3.2.2.jar
2017-10-10 18:33:14.613+0000 INFO [o.n.k.i.DiagnosticsManager]  [classpath] C:\Program Files\Java\jdk1.8.0_91\jre\lib\ext\access-bridge-64.jar
2017-10-10 18:33:14.613+0000 INFO [o.n.k.i.DiagnosticsManager]  [classpath + loader.0] file:/C:/Users/Bill/.m2/repository/org/apache/lucene/lucene-backward-codecs/5.5.0/lucene-backward-codecs-5.5.0.jar
2017-10-10 18:33:14.613+0000 INFO [o.n.k.i.DiagnosticsManager]  [classpath + loader.0] file:/C:/Users/Bill/.m2/repository/org/neo4j/neo4j-cypher/3.2.2/neo4j-cypher-3.2.2.jar
2017-10-10 18:33:14.613+0000 INFO [o.n.k.i.DiagnosticsManager]  [loader.1] file:/C:/Program%20Files/Java/jdk1.8.0_91/jre/lib/ext/sunec.jar
2017-10-10 18:33:14.613+0000 INFO [o.n.k.i.DiagnosticsManager]  [classpath + loader.0] file:/C:/Users/Bill/.m2/repository/com/github/ben-manes/caffeine/caffeine/2.3.3/caffeine-2.3.3.jar
2017-10-10 18:33:14.613+0000 INFO [o.n.k.i.DiagnosticsManager]  [loader.0] file:/C:/Program%20Files/Java/jdk1.8.0_91/jre/lib/management-agent.jar
2017-10-10 18:33:14.613+0000 INFO [o.n.k.i.DiagnosticsManager]  [classpath + loader.0] file:/C:/Users/Bill/.m2/repository/org/scala-lang/scala-library/2.11.8/scala-library-2.11.8.jar
2017-10-10 18:33:14.613+0000 INFO [o.n.k.i.DiagnosticsManager]  [classpath] C:\Program Files (x86)\JetBrains\IntelliJ IDEA Community Edition 2016.2\lib\idea_rt.jar
2017-10-10 18:33:14.613+0000 INFO [o.n.k.i.DiagnosticsManager]  [loader.1] file:/C:/Program%20Files/Java/jdk1.8.0_91/jre/lib/ext/jaccess.jar
2017-10-10 18:33:14.613+0000 INFO [o.n.k.i.DiagnosticsManager]  [classpath + loader.0] file:/C:/Users/Bill/.m2/repository/org/bouncycastle/bcprov-jdk15on/1.53/bcprov-jdk15on-1.53.jar
2017-10-10 18:33:14.613+0000 INFO [o.n.k.i.DiagnosticsManager]  [loader.0] file:/C:/Program%20Files/Java/jdk1.8.0_91/jre/lib/javaws.jar
2017-10-10 18:33:14.613+0000 INFO [o.n.k.i.DiagnosticsManager]  [classpath + loader.0] file:/C:/Users/Bill/.m2/repository/org/neo4j/neo4j-primitive-collections/3.2.2/neo4j-primitive-collections-3.2.2.jar
2017-10-10 18:33:14.613+0000 INFO [o.n.k.i.DiagnosticsManager]  [classpath + loader.0] file:/C:/Users/Bill/.m2/repository/org/apache/commons/commons-compress/1.12/commons-compress-1.12.jar
2017-10-10 18:33:14.613+0000 INFO [o.n.k.i.DiagnosticsManager]  [classpath] C:\Program Files\Java\jdk1.8.0_91\jre\lib\ext\localedata.jar
2017-10-10 18:33:14.613+0000 INFO [o.n.k.i.DiagnosticsManager]  [bootstrap] C:\Program Files\Java\jdk1.8.0_91\jre\classes
2017-10-10 18:33:14.613+0000 INFO [o.n.k.i.DiagnosticsManager]  [loader.1] file:/C:/Program%20Files/Java/jdk1.8.0_91/jre/lib/ext/zipfs.jar
2017-10-10 18:33:14.613+0000 INFO [o.n.k.i.DiagnosticsManager]  [classpath + loader.0] file:/C:/Users/Bill/.m2/repository/org/neo4j/neo4j-cypher-compiler-2.3/2.3.11/neo4j-cypher-compiler-2.3-2.3.11.jar
2017-10-10 18:33:14.613+0000 INFO [o.n.k.i.DiagnosticsManager]  [bootstrap] C:\Program Files\Java\jdk1.8.0_91\jre\lib\sunrsasign.jar
2017-10-10 18:33:14.613+0000 INFO [o.n.k.i.DiagnosticsManager]  [bootstrap + classpath] C:\Program Files\Java\jdk1.8.0_91\jre\lib\resources.jar
2017-10-10 18:33:14.613+0000 INFO [o.n.k.i.DiagnosticsManager]  [classpath + loader.0] file:/C:/Users/Bill/.m2/repository/javax/json/javax.json-api/1.0/javax.json-api-1.0.jar
2017-10-10 18:33:14.613+0000 INFO [o.n.k.i.DiagnosticsManager]  [classpath + loader.0] file:/C:/Users/Bill/.m2/repository/net/sourceforge/owlapi/owlapi-api/3.5.2/owlapi-api-3.5.2.jar
2017-10-10 18:33:14.613+0000 INFO [o.n.k.i.DiagnosticsManager]  [bootstrap + classpath] C:\Program Files\Java\jdk1.8.0_91\jre\lib\jsse.jar
2017-10-10 18:33:14.613+0000 INFO [o.n.k.i.DiagnosticsManager]  [classpath] C:\Program Files\Java\jdk1.8.0_91\jre\lib\ext\nashorn.jar
2017-10-10 18:33:14.613+0000 INFO [o.n.k.i.DiagnosticsManager]  [classpath + loader.0] file:/C:/Users/Bill/.m2/repository/edu/utah/blulab/domainontology/3.0-SNAPSHOT/domainontology-3.0-20170118.183531-1.jar
2017-10-10 18:33:14.613+0000 INFO [o.n.k.i.DiagnosticsManager]  [bootstrap + classpath] C:\Program Files\Java\jdk1.8.0_91\jre\lib\charsets.jar
2017-10-10 18:33:14.613+0000 INFO [o.n.k.i.DiagnosticsManager]  [classpath + loader.0] file:/C:/Users/Bill/.m2/repository/commons-io/commons-io/2.4/commons-io-2.4.jar
2017-10-10 18:33:14.613+0000 INFO [o.n.k.i.DiagnosticsManager]  [classpath + loader.0] file:/C:/Users/Bill/.m2/repository/xalan/xalan/2.7.0/xalan-2.7.0.jar
2017-10-10 18:33:14.613+0000 INFO [o.n.k.i.DiagnosticsManager]  [classpath + loader.0] file:/C:/Users/Bill/.m2/repository/org/neo4j/neo4j-codegen/3.2.2/neo4j-codegen-3.2.2.jar
2017-10-10 18:33:14.613+0000 INFO [o.n.k.i.DiagnosticsManager]  [classpath + loader.0] file:/C:/Users/Bill/.m2/repository/org/neo4j/neo4j-cypher-ir-3.2/3.2.2/neo4j-cypher-ir-3.2-3.2.2.jar
2017-10-10 18:33:14.613+0000 INFO [o.n.k.i.DiagnosticsManager]  [loader.1] file:/C:/Program%20Files/Java/jdk1.8.0_91/jre/lib/ext/jfxrt.jar
2017-10-10 18:33:14.613+0000 INFO [o.n.k.i.DiagnosticsManager]  [classpath + loader.0] file:/C:/Users/Bill/.m2/repository/log4j/log4j/1.2.17/log4j-1.2.17.jar
2017-10-10 18:33:14.613+0000 INFO [o.n.k.i.DiagnosticsManager]  [classpath + loader.0] file:/C:/Users/Bill/.m2/repository/org/neo4j/neo4j-collections/3.2.2/neo4j-collections-3.2.2.jar
2017-10-10 18:33:14.613+0000 INFO [o.n.k.i.DiagnosticsManager]  [loader.1] file:/C:/Program%20Files/Java/jdk1.8.0_91/jre/lib/ext/sunjce_provider.jar
2017-10-10 18:33:14.613+0000 INFO [o.n.k.i.DiagnosticsManager]  [bootstrap + classpath] C:\Program Files\Java\jdk1.8.0_91\jre\lib\jce.jar
2017-10-10 18:33:14.613+0000 INFO [o.n.k.i.DiagnosticsManager]  [classpath + loader.0] file:/C:/Users/Bill/.m2/repository/org/neo4j/neo4j-io/3.2.2/neo4j-io-3.2.2.jar
2017-10-10 18:33:14.613+0000 INFO [o.n.k.i.DiagnosticsManager]  [classpath] C:\Program Files\Java\jdk1.8.0_91\jre\lib\ext\sunec.jar
2017-10-10 18:33:14.613+0000 INFO [o.n.k.i.DiagnosticsManager]  [classpath + loader.0] file:/C:/Users/Bill/.m2/repository/org/neo4j/neo4j-ssl/3.2.2/neo4j-ssl-3.2.2.jar
2017-10-10 18:33:14.613+0000 INFO [o.n.k.i.DiagnosticsManager]  [classpath] C:\Program Files\Java\jdk1.8.0_91\jre\lib\plugin.jar
2017-10-10 18:33:14.613+0000 INFO [o.n.k.i.DiagnosticsManager]  [classpath] C:\Program Files\Java\jdk1.8.0_91\jre\lib\javaws.jar
2017-10-10 18:33:14.613+0000 INFO [o.n.k.i.DiagnosticsManager]  [classpath + loader.0] file:/C:/Users/Bill/.m2/repository/joda-time/joda-time/2.9/joda-time-2.9.jar
2017-10-10 18:33:14.613+0000 INFO [o.n.k.i.DiagnosticsManager]  [classpath] C:\Program Files\Java\jdk1.8.0_91\jre\lib\jfxswt.jar
2017-10-10 18:33:14.613+0000 INFO [o.n.k.i.DiagnosticsManager]  [classpath + loader.0] file:/C:/Users/Bill/.m2/repository/org/bouncycastle/bcpkix-jdk15on/1.53/bcpkix-jdk15on-1.53.jar
2017-10-10 18:33:14.613+0000 INFO [o.n.k.i.DiagnosticsManager]  [classpath + loader.0] file:/C:/software_dev/Code/intellij_workspace/ie-viz/target/classes/
2017-10-10 18:33:14.613+0000 INFO [o.n.k.i.DiagnosticsManager]  [classpath + loader.0] file:/C:/Users/Bill/.m2/repository/de/jollyday/jollyday/0.4.7/jollyday-0.4.7.jar
2017-10-10 18:33:14.613+0000 INFO [o.n.k.i.DiagnosticsManager]  [classpath + loader.0] file:/C:/Users/Bill/.m2/repository/org/neo4j/neo4j-logging/3.2.2/neo4j-logging-3.2.2.jar
2017-10-10 18:33:14.613+0000 INFO [o.n.k.i.DiagnosticsManager]  [classpath + loader.0] file:/C:/Users/Bill/.m2/repository/net/sourceforge/owlapi/owlapi-oboformat/3.5.2/owlapi-oboformat-3.5.2.jar
2017-10-10 18:33:14.613+0000 INFO [o.n.k.i.DiagnosticsManager]  [classpath + loader.0] file:/C:/Users/Bill/.m2/repository/org/apache/felix/org.osgi.core/1.4.0/org.osgi.core-1.4.0.jar
2017-10-10 18:33:14.613+0000 INFO [o.n.k.i.DiagnosticsManager]  [classpath] C:\Program Files\Java\jdk1.8.0_91\jre\lib\ext\cldrdata.jar
2017-10-10 18:33:14.613+0000 INFO [o.n.k.i.DiagnosticsManager]  [classpath + loader.0] file:/C:/Users/Bill/.m2/repository/com/google/guava/guava/18.0/guava-18.0.jar
2017-10-10 18:33:14.613+0000 INFO [o.n.k.i.DiagnosticsManager]  [loader.1] file:/C:/Program%20Files/Java/jdk1.8.0_91/jre/lib/ext/sunmscapi.jar
2017-10-10 18:33:14.613+0000 INFO [o.n.k.i.DiagnosticsManager]  [classpath + loader.0] file:/C:/Users/Bill/.m2/repository/xml-apis/xml-apis/1.3.03/xml-apis-1.3.03.jar
2017-10-10 18:33:14.613+0000 INFO [o.n.k.i.DiagnosticsManager]  [classpath + loader.0] file:/C:/Users/Bill/.m2/repository/org/apache/commons/commons-lang3/3.4/commons-lang3-3.4.jar
2017-10-10 18:33:14.613+0000 INFO [o.n.k.i.DiagnosticsManager] Library path:
2017-10-10 18:33:14.613+0000 INFO [o.n.k.i.DiagnosticsManager] C:\Program Files\Java\jdk1.8.0_91\bin
2017-10-10 18:33:14.613+0000 INFO [o.n.k.i.DiagnosticsManager] C:\Windows\Sun\Java\bin
2017-10-10 18:33:14.613+0000 INFO [o.n.k.i.DiagnosticsManager] C:\Windows\System32
2017-10-10 18:33:14.613+0000 INFO [o.n.k.i.DiagnosticsManager] C:\Windows
2017-10-10 18:33:14.613+0000 INFO [o.n.k.i.DiagnosticsManager] C:\Program Files\Docker\Docker\resources\bin
2017-10-10 18:33:14.613+0000 INFO [o.n.k.i.DiagnosticsManager] C:\ProgramData\Oracle\Java\javapath
2017-10-10 18:33:14.613+0000 INFO [o.n.k.i.DiagnosticsManager] C:\Program Files\Dell\DW WLAN Card
2017-10-10 18:33:14.613+0000 INFO [o.n.k.i.DiagnosticsManager] C:\Program Files (x86)\Intel\iCLS Client
2017-10-10 18:33:14.613+0000 INFO [o.n.k.i.DiagnosticsManager] C:\Program Files\Intel\iCLS Client
2017-10-10 18:33:14.613+0000 INFO [o.n.k.i.DiagnosticsManager] C:\Windows\System32
2017-10-10 18:33:14.613+0000 INFO [o.n.k.i.DiagnosticsManager] C:\Windows
2017-10-10 18:33:14.613+0000 INFO [o.n.k.i.DiagnosticsManager] C:\Windows\System32\wbem
2017-10-10 18:33:14.613+0000 INFO [o.n.k.i.DiagnosticsManager] C:\Windows\System32\WindowsPowerShell\v1.0
2017-10-10 18:33:14.613+0000 INFO [o.n.k.i.DiagnosticsManager] C:\Program Files (x86)\Intel\Intel(R) Management Engine Components\DAL
2017-10-10 18:33:14.613+0000 INFO [o.n.k.i.DiagnosticsManager] C:\Program Files\Intel\Intel(R) Management Engine Components\DAL
2017-10-10 18:33:14.613+0000 INFO [o.n.k.i.DiagnosticsManager] C:\Program Files (x86)\Intel\Intel(R) Management Engine Components\IPT
2017-10-10 18:33:14.613+0000 INFO [o.n.k.i.DiagnosticsManager] C:\Program Files\Intel\Intel(R) Management Engine Components\IPT
2017-10-10 18:33:14.613+0000 INFO [o.n.k.i.DiagnosticsManager] C:\Program Files\WIDCOMM\Bluetooth Software
2017-10-10 18:33:14.613+0000 INFO [o.n.k.i.DiagnosticsManager] C:\Program Files\WIDCOMM\Bluetooth Software\syswow64
2017-10-10 18:33:14.613+0000 INFO [o.n.k.i.DiagnosticsManager] C:\Program Files (x86)\NVIDIA Corporation\PhysX\Common
2017-10-10 18:33:14.613+0000 INFO [o.n.k.i.DiagnosticsManager] C:\software_dev\Tools\Maven\apache-maven-3.3.9\bin
2017-10-10 18:33:14.613+0000 INFO [o.n.k.i.DiagnosticsManager] C:\Program Files\Git\cmd
2017-10-10 18:33:14.613+0000 INFO [o.n.k.i.DiagnosticsManager] C:\Program Files\MySQL\MySQL Utilities 1.6
2017-10-10 18:33:14.613+0000 INFO [o.n.k.i.DiagnosticsManager] C:\Windows\System32
2017-10-10 18:33:14.613+0000 INFO [o.n.k.i.DiagnosticsManager] C:\Windows
2017-10-10 18:33:14.613+0000 INFO [o.n.k.i.DiagnosticsManager] C:\Windows\System32\wbem
2017-10-10 18:33:14.613+0000 INFO [o.n.k.i.DiagnosticsManager] C:\Windows\System32\WindowsPowerShell\v1.0
2017-10-10 18:33:14.613+0000 INFO [o.n.k.i.DiagnosticsManager] C:\Program Files\Matlab\R2016b\runtime\win64
2017-10-10 18:33:14.613+0000 INFO [o.n.k.i.DiagnosticsManager] C:\Program Files\Matlab\R2016b\bin
2017-10-10 18:33:14.613+0000 INFO [o.n.k.i.DiagnosticsManager] C:\software_dev\Tools\Gradle\gradle-3.2.1\bin
2017-10-10 18:33:14.613+0000 INFO [o.n.k.i.DiagnosticsManager] C:\software_dev\Tools\mingw-w64\x86_64-7.1.0-posix-seh-rt_v5-rev0\mingw64\bin
2017-10-10 18:33:14.613+0000 INFO [o.n.k.i.DiagnosticsManager] C:\Program Files (x86)\Skype\Phone
2017-10-10 18:33:14.613+0000 INFO [o.n.k.i.DiagnosticsManager] C:\software_dev\Tools\Anaconda3
2017-10-10 18:33:14.613+0000 INFO [o.n.k.i.DiagnosticsManager] C:\software_dev\Tools\Anaconda3\Scripts
2017-10-10 18:33:14.613+0000 INFO [o.n.k.i.DiagnosticsManager] C:\software_dev\Tools\Anaconda3\Library\bin
2017-10-10 18:33:14.613+0000 INFO [o.n.k.i.DiagnosticsManager] C:\Users\Bill\AppData\Local\Programs\Python\Python36-32\Scripts
2017-10-10 18:33:14.613+0000 INFO [o.n.k.i.DiagnosticsManager] C:\Users\Bill\AppData\Local\Programs\Python\Python36-32
2017-10-10 18:33:14.613+0000 INFO [o.n.k.i.DiagnosticsManager] C:\Users\Bill\AppData\Local\Microsoft\WindowsApps
2017-10-10 18:33:14.613+0000 INFO [o.n.k.i.DiagnosticsManager] C:\software_dev\Code\intellij_workspace\ie-viz
2017-10-10 18:33:14.613+0000 INFO [o.n.k.i.DiagnosticsManager] C:\software_dev\Code\intellij_workspace\ie-viz
2017-10-10 18:33:14.613+0000 INFO [o.n.k.i.DiagnosticsManager] System.properties:
2017-10-10 18:33:14.613+0000 INFO [o.n.k.i.DiagnosticsManager] sun.boot.library.path = C:\Program Files\Java\jdk1.8.0_91\jre\bin
2017-10-10 18:33:14.613+0000 INFO [o.n.k.i.DiagnosticsManager] path.separator = ;
2017-10-10 18:33:14.613+0000 INFO [o.n.k.i.DiagnosticsManager] idea.launcher.port = 7536
2017-10-10 18:33:14.613+0000 INFO [o.n.k.i.DiagnosticsManager] file.encoding.pkg = sun.io
2017-10-10 18:33:14.613+0000 INFO [o.n.k.i.DiagnosticsManager] user.country = US
2017-10-10 18:33:14.613+0000 INFO [o.n.k.i.DiagnosticsManager] user.script = 
2017-10-10 18:33:14.613+0000 INFO [o.n.k.i.DiagnosticsManager] sun.java.launcher = SUN_STANDARD
2017-10-10 18:33:14.613+0000 INFO [o.n.k.i.DiagnosticsManager] sun.os.patch.level = 
2017-10-10 18:33:14.613+0000 INFO [o.n.k.i.DiagnosticsManager] user.dir = C:\software_dev\Code\intellij_workspace\ie-viz
2017-10-10 18:33:14.613+0000 INFO [o.n.k.i.DiagnosticsManager] user.variant = 
2017-10-10 18:33:14.613+0000 INFO [o.n.k.i.DiagnosticsManager] sun.jnu.encoding = Cp1252
2017-10-10 18:33:14.613+0000 INFO [o.n.k.i.DiagnosticsManager] sun.management.compiler = HotSpot 64-Bit Tiered Compilers
2017-10-10 18:33:14.613+0000 INFO [o.n.k.i.DiagnosticsManager] user.home = C:\Users\Bill
2017-10-10 18:33:14.613+0000 INFO [o.n.k.i.DiagnosticsManager] user.timezone = America/Los_Angeles
2017-10-10 18:33:14.613+0000 INFO [o.n.k.i.DiagnosticsManager] file.encoding = UTF-8
2017-10-10 18:33:14.613+0000 INFO [o.n.k.i.DiagnosticsManager] idea.launcher.bin.path = C:\Program Files (x86)\JetBrains\IntelliJ IDEA Community Edition 2016.2\bin
2017-10-10 18:33:14.613+0000 INFO [o.n.k.i.DiagnosticsManager] user.name = Bill
2017-10-10 18:33:14.613+0000 INFO [o.n.k.i.DiagnosticsManager] entityExpansionLimit = 100000000
2017-10-10 18:33:14.613+0000 INFO [o.n.k.i.DiagnosticsManager] sun.java.command = com.intellij.rt.execution.application.AppMain edu.utah.blulab.marshallers.graph.CreateKADatabase
2017-10-10 18:33:14.613+0000 INFO [o.n.k.i.DiagnosticsManager] sun.arch.data.model = 64
2017-10-10 18:33:14.613+0000 INFO [o.n.k.i.DiagnosticsManager] user.language = en
2017-10-10 18:33:14.613+0000 INFO [o.n.k.i.DiagnosticsManager] awt.toolkit = sun.awt.windows.WToolkit
2017-10-10 18:33:14.613+0000 INFO [o.n.k.i.DiagnosticsManager] file.separator = \
2017-10-10 18:33:14.613+0000 INFO [o.n.k.i.DiagnosticsManager] sun.io.unicode.encoding = UnicodeLittle
2017-10-10 18:33:14.613+0000 INFO [o.n.k.i.DiagnosticsManager] sun.cpu.endian = little
2017-10-10 18:33:14.613+0000 INFO [o.n.k.i.DiagnosticsManager] sun.desktop = windows
2017-10-10 18:33:14.613+0000 INFO [o.n.k.i.DiagnosticsManager] sun.cpu.isalist = amd64
2017-10-10 18:33:14.613+0000 INFO [o.n.k.i.DiagnosticsManager] Network information:
2017-10-10 18:33:14.675+0000 INFO [o.n.k.i.DiagnosticsManager] Interface Software Loopback Interface 1:
2017-10-10 18:33:14.675+0000 INFO [o.n.k.i.DiagnosticsManager]     address: 127.0.0.1
2017-10-10 18:33:14.675+0000 INFO [o.n.k.i.DiagnosticsManager]     address: 0:0:0:0:0:0:0:1
2017-10-10 18:33:14.675+0000 INFO [o.n.k.i.DiagnosticsManager] Interface Hyper-V Virtual Ethernet Adapter:
2017-10-10 18:33:14.675+0000 INFO [o.n.k.i.DiagnosticsManager]     address: 10.0.75.1
2017-10-10 18:33:14.675+0000 INFO [o.n.k.i.DiagnosticsManager]     address: fe80:0:0:0:5db2:7cb8:76ad:6c72%eth0
2017-10-10 18:33:14.675+0000 INFO [o.n.k.i.DiagnosticsManager] Interface Cisco AnyConnect Secure Mobility Client Virtual Miniport Adapter for Windows x64:
2017-10-10 18:33:14.675+0000 INFO [o.n.k.i.DiagnosticsManager] Interface Microsoft Wi-Fi Direct Virtual Adapter:
2017-10-10 18:33:14.675+0000 INFO [o.n.k.i.DiagnosticsManager]     address: fe80:0:0:0:c433:887d:f8af:34d2%wlan0
2017-10-10 18:33:14.675+0000 INFO [o.n.k.i.DiagnosticsManager] Interface Microsoft Wi-Fi Direct Virtual Adapter #2:
2017-10-10 18:33:14.675+0000 INFO [o.n.k.i.DiagnosticsManager] Interface Realtek USB GbE Family Controller:
2017-10-10 18:33:14.675+0000 INFO [o.n.k.i.DiagnosticsManager] Interface WAN Miniport (IKEv2):
2017-10-10 18:33:14.675+0000 INFO [o.n.k.i.DiagnosticsManager] Interface Dell Wireless 1830 802.11ac:
2017-10-10 18:33:14.675+0000 INFO [o.n.k.i.DiagnosticsManager]     address: 192.168.0.7
2017-10-10 18:33:14.675+0000 INFO [o.n.k.i.DiagnosticsManager]     address: 2606:6000:c3c7:4300:0:0:0:7
2017-10-10 18:33:14.675+0000 INFO [o.n.k.i.DiagnosticsManager]     address: 2606:6000:c3c7:4300:d56:3992:1d5:d253
2017-10-10 18:33:14.675+0000 INFO [o.n.k.i.DiagnosticsManager]     address: 2606:6000:c3c7:4300:1132:1ce4:5d85:651b
2017-10-10 18:33:14.675+0000 INFO [o.n.k.i.DiagnosticsManager]     address: fe80:0:0:0:d56:3992:1d5:d253%wlan2
2017-10-10 18:33:14.675+0000 INFO [o.n.k.i.DiagnosticsManager] Interface WAN Miniport (PPTP):
2017-10-10 18:33:14.675+0000 INFO [o.n.k.i.DiagnosticsManager] Interface WAN Miniport (IP):
2017-10-10 18:33:14.675+0000 INFO [o.n.k.i.DiagnosticsManager] Interface Hyper-V Virtual Switch Extension Adapter:
2017-10-10 18:33:14.675+0000 INFO [o.n.k.i.DiagnosticsManager] Interface WAN Miniport (PPPOE):
2017-10-10 18:33:14.675+0000 INFO [o.n.k.i.DiagnosticsManager] Interface WAN Miniport (SSTP):
2017-10-10 18:33:14.675+0000 INFO [o.n.k.i.DiagnosticsManager] Interface WAN Miniport (IPv6):
2017-10-10 18:33:14.675+0000 INFO [o.n.k.i.DiagnosticsManager] Interface WAN Miniport (Network Monitor):
2017-10-10 18:33:14.675+0000 INFO [o.n.k.i.DiagnosticsManager] Interface Microsoft Kernel Debug Network Adapter:
2017-10-10 18:33:14.675+0000 INFO [o.n.k.i.DiagnosticsManager] Interface WAN Miniport (L2TP):
2017-10-10 18:33:14.675+0000 INFO [o.n.k.i.DiagnosticsManager] Interface Hyper-V Virtual Switch Extension Adapter-Hyper-V Virtual Switch Extension Filter-0000:
2017-10-10 18:33:14.675+0000 INFO [o.n.k.i.DiagnosticsManager] Interface Hyper-V Virtual Ethernet Adapter-WFP Native MAC Layer LightWeight Filter-0000:
2017-10-10 18:33:14.675+0000 INFO [o.n.k.i.DiagnosticsManager] Interface Hyper-V Virtual Ethernet Adapter-VirtualBox NDIS Light-Weight Filter-0000:
2017-10-10 18:33:14.675+0000 INFO [o.n.k.i.DiagnosticsManager] Interface Hyper-V Virtual Ethernet Adapter-QoS Packet Scheduler-0000:
2017-10-10 18:33:14.675+0000 INFO [o.n.k.i.DiagnosticsManager] Interface Hyper-V Virtual Ethernet Adapter-WFP 802.3 MAC Layer LightWeight Filter-0000:
2017-10-10 18:33:14.675+0000 INFO [o.n.k.i.DiagnosticsManager] Interface Dell Wireless 1830 802.11ac-WFP Native MAC Layer LightWeight Filter-0000:
2017-10-10 18:33:14.675+0000 INFO [o.n.k.i.DiagnosticsManager] Interface Dell Wireless 1830 802.11ac-Virtual WiFi Filter Driver-0000:
2017-10-10 18:33:14.675+0000 INFO [o.n.k.i.DiagnosticsManager] Interface Dell Wireless 1830 802.11ac-Native WiFi Filter Driver-0000:
2017-10-10 18:33:14.675+0000 INFO [o.n.k.i.DiagnosticsManager] Interface Dell Wireless 1830 802.11ac-VirtualBox NDIS Light-Weight Filter-0000:
2017-10-10 18:33:14.675+0000 INFO [o.n.k.i.DiagnosticsManager] Interface Dell Wireless 1830 802.11ac-QoS Packet Scheduler-0000:
2017-10-10 18:33:14.675+0000 INFO [o.n.k.i.DiagnosticsManager] Interface Dell Wireless 1830 802.11ac-WFP 802.3 MAC Layer LightWeight Filter-0000:
2017-10-10 18:33:14.675+0000 INFO [o.n.k.i.DiagnosticsManager] Interface Microsoft Wi-Fi Direct Virtual Adapter-WFP Native MAC Layer LightWeight Filter-0000:
2017-10-10 18:33:14.675+0000 INFO [o.n.k.i.DiagnosticsManager] Interface Microsoft Wi-Fi Direct Virtual Adapter-Native WiFi Filter Driver-0000:
2017-10-10 18:33:14.675+0000 INFO [o.n.k.i.DiagnosticsManager] Interface Microsoft Wi-Fi Direct Virtual Adapter-VirtualBox NDIS Light-Weight Filter-0000:
2017-10-10 18:33:14.675+0000 INFO [o.n.k.i.DiagnosticsManager] Interface Microsoft Wi-Fi Direct Virtual Adapter-QoS Packet Scheduler-0000:
2017-10-10 18:33:14.675+0000 INFO [o.n.k.i.DiagnosticsManager] Interface Microsoft Wi-Fi Direct Virtual Adapter-WFP 802.3 MAC Layer LightWeight Filter-0000:
2017-10-10 18:33:14.675+0000 INFO [o.n.k.i.DiagnosticsManager] Interface WAN Miniport (IP)-WFP Native MAC Layer LightWeight Filter-0000:
2017-10-10 18:33:14.675+0000 INFO [o.n.k.i.DiagnosticsManager] Interface WAN Miniport (IP)-QoS Packet Scheduler-0000:
2017-10-10 18:33:14.675+0000 INFO [o.n.k.i.DiagnosticsManager] Interface WAN Miniport (IPv6)-WFP Native MAC Layer LightWeight Filter-0000:
2017-10-10 18:33:14.675+0000 INFO [o.n.k.i.DiagnosticsManager] Interface WAN Miniport (IPv6)-QoS Packet Scheduler-0000:
2017-10-10 18:33:14.675+0000 INFO [o.n.k.i.DiagnosticsManager] Interface WAN Miniport (Network Monitor)-WFP Native MAC Layer LightWeight Filter-0000:
2017-10-10 18:33:14.675+0000 INFO [o.n.k.i.DiagnosticsManager] Interface WAN Miniport (Network Monitor)-QoS Packet Scheduler-0000:
2017-10-10 18:33:14.675+0000 INFO [o.n.k.i.DiagnosticsManager] --- INITIALIZED diagnostics END ---
2017-10-10 18:33:14.691+0000 INFO [o.n.k.i.s.f.RecordFormatSelector] Selected format 'RecordFormat:StandardV3_2[v0.A.8]' for the new store
2017-10-10 18:33:15.222+0000 INFO [o.n.k.i.a.i.IndexingService] IndexingService.init: indexes not specifically mentioned above are null
2017-10-10 18:33:15.238+0000 INFO [o.n.k.i.i.l.NativeLabelScanStore] No scan store found, this might just be first use. Preparing to rebuild.
2017-10-10 18:33:15.254+0000 INFO [o.n.k.NeoStoreDataSource] Opened logical log [C:\software_dev\Code\intellij_workspace\ie-viz\resource\db\smoking\neostore.transaction.db.0] version=0, lastTxId=1 (clean)
2017-10-10 18:33:15.269+0000 INFO [o.n.k.NeoStoreDataSource] No commits found after last check point (which is at <no log position given>)
2017-10-10 18:33:15.269+0000 WARN [o.n.k.i.s.MetaDataStore] Missing counts store, rebuilding it.
2017-10-10 18:33:15.441+0000 WARN [o.n.k.i.s.MetaDataStore] Counts store rebuild completed.
2017-10-10 18:33:15.457+0000 INFO [o.n.k.i.a.i.IndexingService] IndexingService.start: indexes not specifically mentioned above are null
2017-10-10 18:33:15.472+0000 INFO [o.n.k.i.i.l.NativeLabelScanStore] Rebuilding scan store, this may take a while
2017-10-10 18:33:15.488+0000 INFO [o.n.k.i.i.l.NativeLabelScanStore] Scan store rebuilt (roughly 0 nodes)
2017-10-10 18:33:15.504+0000 INFO [o.n.k.i.DatabaseHealth] Database health set to OK
2017-10-10 18:33:15.504+0000 INFO [o.n.k.AvailabilityGuard] Fulfilling of requirement makes database available: Database available
2017-10-10 18:33:15.519+0000 INFO [o.n.k.i.f.GraphDatabaseFacadeFactory] Database is now ready
2017-10-10 18:33:15.519+0000 INFO [o.n.k.i.DiagnosticsManager] --- STARTED diagnostics for KernelDiagnostics:Versions START ---
2017-10-10 18:33:15.519+0000 INFO [o.n.k.i.DiagnosticsManager] Graph Database: community single StoreId{creationTime=1507660395207, randomId=4656394254020346070, storeVersion=15813456178476550, upgradeTime=1507660395207, upgradeId=1}
2017-10-10 18:33:15.535+0000 INFO [o.n.k.i.DiagnosticsManager] Kernel version: 3.2.2,8e4ba89683f2a0ce06a5db472eddc1b4e2283513
2017-10-10 18:33:15.535+0000 INFO [o.n.k.i.DiagnosticsManager] --- STARTED diagnostics for KernelDiagnostics:Versions END ---
2017-10-10 18:33:15.535+0000 INFO [o.n.k.i.DiagnosticsManager] --- STARTED diagnostics for NEO_STORE_VERSIONS START ---
2017-10-10 18:33:15.550+0000 INFO [o.n.k.i.DiagnosticsManager] Store versions:
2017-10-10 18:33:15.550+0000 INFO [o.n.k.i.DiagnosticsManager] Store versions:
2017-10-10 18:33:15.550+0000 INFO [o.n.k.i.DiagnosticsManager]   ArrayPropertyStore v0.A.8
2017-10-10 18:33:15.566+0000 INFO [o.n.k.i.DiagnosticsManager]   NodeStore v0.A.8
2017-10-10 18:33:15.566+0000 INFO [o.n.k.i.DiagnosticsManager]   StringPropertyStore v0.A.8
2017-10-10 18:33:15.566+0000 INFO [o.n.k.i.DiagnosticsManager]   PropertyIndexStore v0.A.8
2017-10-10 18:33:15.582+0000 INFO [o.n.k.i.DiagnosticsManager]   StringPropertyStore v0.A.8
2017-10-10 18:33:15.582+0000 INFO [o.n.k.i.DiagnosticsManager]   ArrayPropertyStore v0.A.8
2017-10-10 18:33:15.597+0000 INFO [o.n.k.i.DiagnosticsManager]   PropertyStore v0.A.8
2017-10-10 18:33:15.613+0000 INFO [o.n.k.i.DiagnosticsManager]   RelationshipStore v0.A.8
2017-10-10 18:33:15.613+0000 INFO [o.n.k.i.DiagnosticsManager]   StringPropertyStore v0.A.8
2017-10-10 18:33:15.613+0000 INFO [o.n.k.i.DiagnosticsManager]   RelationshipTypeStore v0.A.8
2017-10-10 18:33:15.613+0000 INFO [o.n.k.i.DiagnosticsManager]   StringPropertyStore v0.A.8
2017-10-10 18:33:15.629+0000 INFO [o.n.k.i.DiagnosticsManager]   LabelTokenStore v0.A.8
2017-10-10 18:33:15.629+0000 INFO [o.n.k.i.DiagnosticsManager]   SchemaStore v0.A.8
2017-10-10 18:33:15.629+0000 INFO [o.n.k.i.DiagnosticsManager]   RelationshipGroupStore v0.A.8
2017-10-10 18:33:15.644+0000 INFO [o.n.k.i.DiagnosticsManager]   NeoStore v0.A.8
2017-10-10 18:33:15.644+0000 INFO [o.n.k.i.DiagnosticsManager] --- STARTED diagnostics for NEO_STORE_VERSIONS END ---
2017-10-10 18:33:15.644+0000 INFO [o.n.k.i.DiagnosticsManager] --- STARTED diagnostics for NEO_STORE_ID_USAGE START ---
2017-10-10 18:33:15.660+0000 INFO [o.n.k.i.DiagnosticsManager] Id usage:
2017-10-10 18:33:15.660+0000 INFO [o.n.k.i.DiagnosticsManager] Id usage:
2017-10-10 18:33:15.660+0000 INFO [o.n.k.i.DiagnosticsManager]   ArrayPropertyStore: used=1 high=0
2017-10-10 18:33:15.660+0000 INFO [o.n.k.i.DiagnosticsManager]   NodeStore: used=0 high=-1
2017-10-10 18:33:15.675+0000 INFO [o.n.k.i.DiagnosticsManager]   StringPropertyStore: used=1 high=0
2017-10-10 18:33:15.675+0000 INFO [o.n.k.i.DiagnosticsManager]   PropertyIndexStore: used=0 high=-1
2017-10-10 18:33:15.675+0000 INFO [o.n.k.i.DiagnosticsManager]   StringPropertyStore: used=1 high=0
2017-10-10 18:33:15.691+0000 INFO [o.n.k.i.DiagnosticsManager]   ArrayPropertyStore: used=1 high=0
2017-10-10 18:33:15.691+0000 INFO [o.n.k.i.DiagnosticsManager]   PropertyStore: used=0 high=-1
2017-10-10 18:33:15.691+0000 INFO [o.n.k.i.DiagnosticsManager]   RelationshipStore: used=0 high=-1
2017-10-10 18:33:15.691+0000 INFO [o.n.k.i.DiagnosticsManager]   StringPropertyStore: used=1 high=0
2017-10-10 18:33:15.707+0000 INFO [o.n.k.i.DiagnosticsManager]   RelationshipTypeStore: used=0 high=-1
2017-10-10 18:33:15.707+0000 INFO [o.n.k.i.DiagnosticsManager]   StringPropertyStore: used=1 high=0
2017-10-10 18:33:15.707+0000 INFO [o.n.k.i.DiagnosticsManager]   LabelTokenStore: used=0 high=-1
2017-10-10 18:33:15.707+0000 INFO [o.n.k.i.DiagnosticsManager]   SchemaStore: used=1 high=0
2017-10-10 18:33:15.722+0000 INFO [o.n.k.i.DiagnosticsManager]   RelationshipGroupStore: used=1 high=0
2017-10-10 18:33:15.722+0000 INFO [o.n.k.i.DiagnosticsManager]   NeoStore: used=15 high=14
2017-10-10 18:33:15.722+0000 INFO [o.n.k.i.DiagnosticsManager] --- STARTED diagnostics for NEO_STORE_ID_USAGE END ---
2017-10-10 18:33:15.738+0000 INFO [o.n.k.i.DiagnosticsManager] --- STARTED diagnostics for NEO_STORE_RECORDS START ---
2017-10-10 18:33:15.738+0000 INFO [o.n.k.i.DiagnosticsManager] Neostore records:
2017-10-10 18:33:15.738+0000 INFO [o.n.k.i.DiagnosticsManager] TIME (Creation time): 1507660395207
2017-10-10 18:33:15.738+0000 INFO [o.n.k.i.DiagnosticsManager] RANDOM_NUMBER (Random number for store id): 4656394254020346070
2017-10-10 18:33:15.754+0000 INFO [o.n.k.i.DiagnosticsManager] LOG_VERSION (Current log version): 0
2017-10-10 18:33:15.754+0000 INFO [o.n.k.i.DiagnosticsManager] LAST_TRANSACTION_ID (Last committed transaction): 1
2017-10-10 18:33:15.754+0000 INFO [o.n.k.i.DiagnosticsManager] STORE_VERSION (Store format version): 15813456178476550
2017-10-10 18:33:15.754+0000 INFO [o.n.k.i.DiagnosticsManager] FIRST_GRAPH_PROPERTY (First property record containing graph properties): -1
2017-10-10 18:33:15.769+0000 INFO [o.n.k.i.DiagnosticsManager] LAST_CONSTRAINT_TRANSACTION (Last committed transaction containing constraint changes): 0
2017-10-10 18:33:15.769+0000 INFO [o.n.k.i.DiagnosticsManager] UPGRADE_TRANSACTION_ID (Transaction id most recent upgrade was performed at): 1
2017-10-10 18:33:15.769+0000 INFO [o.n.k.i.DiagnosticsManager] UPGRADE_TIME (Time of last upgrade): 1507660395207
2017-10-10 18:33:15.769+0000 INFO [o.n.k.i.DiagnosticsManager] LAST_TRANSACTION_CHECKSUM (Checksum of last committed transaction): 0
2017-10-10 18:33:15.785+0000 INFO [o.n.k.i.DiagnosticsManager] UPGRADE_TRANSACTION_CHECKSUM (Checksum of transaction id the most recent upgrade was performed at): 0
2017-10-10 18:33:15.785+0000 INFO [o.n.k.i.DiagnosticsManager] LAST_CLOSED_TRANSACTION_LOG_VERSION (Log version where the last transaction commit entry has been written into): 0
2017-10-10 18:33:15.785+0000 INFO [o.n.k.i.DiagnosticsManager] LAST_CLOSED_TRANSACTION_LOG_BYTE_OFFSET (Byte offset in the log file where the last transaction commit entry has been written into): 16
2017-10-10 18:33:15.800+0000 INFO [o.n.k.i.DiagnosticsManager] LAST_TRANSACTION_COMMIT_TIMESTAMP (Commit time timestamp for last committed transaction): 0
2017-10-10 18:33:15.800+0000 INFO [o.n.k.i.DiagnosticsManager] UPGRADE_TRANSACTION_COMMIT_TIMESTAMP (Commit timestamp of transaction the most recent upgrade was performed at): 0
2017-10-10 18:33:15.800+0000 INFO [o.n.k.i.DiagnosticsManager] --- STARTED diagnostics for NEO_STORE_RECORDS END ---
2017-10-10 18:33:15.800+0000 INFO [o.n.k.i.DiagnosticsManager] --- STARTED diagnostics for TRANSACTION_RANGE START ---
2017-10-10 18:33:15.816+0000 INFO [o.n.k.i.DiagnosticsManager] Transaction log:
2017-10-10 18:33:15.816+0000 INFO [o.n.k.i.DiagnosticsManager] No transactions found in any log
2017-10-10 18:33:15.816+0000 INFO [o.n.k.i.DiagnosticsManager] --- STARTED diagnostics for TRANSACTION_RANGE END ---
2017-10-10 18:33:15.816+0000 INFO [o.n.k.i.DiagnosticsManager] --- STARTED diagnostics for KernelDiagnostics:StoreFiles START ---
2017-10-10 18:33:15.832+0000 INFO [o.n.k.i.DiagnosticsManager] Disk space on partition (Total / Free / Free %): 510608052224 / 43740356608 / 8
Storage files: (filename : modification date - size)
2017-10-10 18:33:15.832+0000 INFO [o.n.k.i.DiagnosticsManager]   index:
2017-10-10 18:33:15.832+0000 INFO [o.n.k.i.DiagnosticsManager]   - Total: 2017-10-10T11:33:15-0700 - 0.00 B
2017-10-10 18:33:15.850+0000 INFO [o.n.k.i.DiagnosticsManager]   logs:
2017-10-10 18:33:15.855+0000 INFO [o.n.k.i.DiagnosticsManager]     debug.log: 2017-10-10T11:33:15-0700 - 48.52 kB
2017-10-10 18:33:15.860+0000 INFO [o.n.k.i.DiagnosticsManager]   - Total: 2017-10-10T11:33:14-0700 - 48.52 kB
2017-10-10 18:33:15.860+0000 INFO [o.n.k.i.DiagnosticsManager]   neostore: 2017-10-10T11:33:15-0700 - 8.00 kB
2017-10-10 18:33:15.860+0000 INFO [o.n.k.i.DiagnosticsManager]   neostore.counts.db.a: 2017-10-10T11:33:15-0700 - 96.00 B
2017-10-10 18:33:15.860+0000 INFO [o.n.k.i.DiagnosticsManager]   neostore.id: 2017-10-10T11:33:15-0700 - 9.00 B
2017-10-10 18:33:15.876+0000 INFO [o.n.k.i.DiagnosticsManager]   neostore.labelscanstore.db: 2017-10-10T11:33:15-0700 - 40.00 kB
2017-10-10 18:33:15.876+0000 INFO [o.n.k.i.DiagnosticsManager]   neostore.labeltokenstore.db: 2017-10-10T11:33:15-0700 - 0.00 B
2017-10-10 18:33:15.876+0000 INFO [o.n.k.i.DiagnosticsManager]   neostore.labeltokenstore.db.id: 2017-10-10T11:33:15-0700 - 9.00 B
2017-10-10 18:33:15.876+0000 INFO [o.n.k.i.DiagnosticsManager]   neostore.labeltokenstore.db.names: 2017-10-10T11:33:15-0700 - 8.00 kB
2017-10-10 18:33:15.891+0000 INFO [o.n.k.i.DiagnosticsManager]   neostore.labeltokenstore.db.names.id: 2017-10-10T11:33:15-0700 - 9.00 B
2017-10-10 18:33:15.891+0000 INFO [o.n.k.i.DiagnosticsManager]   neostore.nodestore.db: 2017-10-10T11:33:14-0700 - 0.00 B
2017-10-10 18:33:15.891+0000 INFO [o.n.k.i.DiagnosticsManager]   neostore.nodestore.db.id: 2017-10-10T11:33:14-0700 - 9.00 B
2017-10-10 18:33:15.907+0000 INFO [o.n.k.i.DiagnosticsManager]   neostore.nodestore.db.labels: 2017-10-10T11:33:14-0700 - 8.00 kB
2017-10-10 18:33:15.907+0000 INFO [o.n.k.i.DiagnosticsManager]   neostore.nodestore.db.labels.id: 2017-10-10T11:33:14-0700 - 9.00 B
2017-10-10 18:33:15.907+0000 INFO [o.n.k.i.DiagnosticsManager]   neostore.propertystore.db: 2017-10-10T11:33:14-0700 - 0.00 B
2017-10-10 18:33:15.907+0000 INFO [o.n.k.i.DiagnosticsManager]   neostore.propertystore.db.arrays: 2017-10-10T11:33:14-0700 - 8.00 kB
2017-10-10 18:33:15.923+0000 INFO [o.n.k.i.DiagnosticsManager]   neostore.propertystore.db.arrays.id: 2017-10-10T11:33:14-0700 - 9.00 B
2017-10-10 18:33:15.923+0000 INFO [o.n.k.i.DiagnosticsManager]   neostore.propertystore.db.id: 2017-10-10T11:33:14-0700 - 9.00 B
2017-10-10 18:33:15.923+0000 INFO [o.n.k.i.DiagnosticsManager]   neostore.propertystore.db.index: 2017-10-10T11:33:14-0700 - 0.00 B
2017-10-10 18:33:15.938+0000 INFO [o.n.k.i.DiagnosticsManager]   neostore.propertystore.db.index.id: 2017-10-10T11:33:14-0700 - 9.00 B
2017-10-10 18:33:15.938+0000 INFO [o.n.k.i.DiagnosticsManager]   neostore.propertystore.db.index.keys: 2017-10-10T11:33:14-0700 - 8.00 kB
2017-10-10 18:33:15.938+0000 INFO [o.n.k.i.DiagnosticsManager]   neostore.propertystore.db.index.keys.id: 2017-10-10T11:33:14-0700 - 9.00 B
2017-10-10 18:33:15.938+0000 INFO [o.n.k.i.DiagnosticsManager]   neostore.propertystore.db.strings: 2017-10-10T11:33:14-0700 - 8.00 kB
2017-10-10 18:33:15.954+0000 INFO [o.n.k.i.DiagnosticsManager]   neostore.propertystore.db.strings.id: 2017-10-10T11:33:14-0700 - 9.00 B
2017-10-10 18:33:15.954+0000 INFO [o.n.k.i.DiagnosticsManager]   neostore.relationshipgroupstore.db: 2017-10-10T11:33:15-0700 - 8.00 kB
2017-10-10 18:33:15.954+0000 INFO [o.n.k.i.DiagnosticsManager]   neostore.relationshipgroupstore.db.id: 2017-10-10T11:33:15-0700 - 9.00 B
2017-10-10 18:33:15.969+0000 INFO [o.n.k.i.DiagnosticsManager]   neostore.relationshipstore.db: 2017-10-10T11:33:14-0700 - 0.00 B
2017-10-10 18:33:15.969+0000 INFO [o.n.k.i.DiagnosticsManager]   neostore.relationshipstore.db.id: 2017-10-10T11:33:14-0700 - 9.00 B
2017-10-10 18:33:15.969+0000 INFO [o.n.k.i.DiagnosticsManager]   neostore.relationshiptypestore.db: 2017-10-10T11:33:14-0700 - 0.00 B
2017-10-10 18:33:15.985+0000 INFO [o.n.k.i.DiagnosticsManager]   neostore.relationshiptypestore.db.id: 2017-10-10T11:33:15-0700 - 9.00 B
2017-10-10 18:33:15.985+0000 INFO [o.n.k.i.DiagnosticsManager]   neostore.relationshiptypestore.db.names: 2017-10-10T11:33:14-0700 - 8.00 kB
2017-10-10 18:33:15.985+0000 INFO [o.n.k.i.DiagnosticsManager]   neostore.relationshiptypestore.db.names.id: 2017-10-10T11:33:14-0700 - 9.00 B
2017-10-10 18:33:15.985+0000 INFO [o.n.k.i.DiagnosticsManager]   neostore.schemastore.db: 2017-10-10T11:33:15-0700 - 8.00 kB
2017-10-10 18:33:16.001+0000 INFO [o.n.k.i.DiagnosticsManager]   neostore.schemastore.db.id: 2017-10-10T11:33:15-0700 - 9.00 B
2017-10-10 18:33:16.001+0000 INFO [o.n.k.i.DiagnosticsManager]   neostore.transaction.db.0: 2017-10-10T11:33:15-0700 - 16.00 B
2017-10-10 18:33:16.001+0000 INFO [o.n.k.i.DiagnosticsManager]   store_lock: 2017-10-10T11:33:14-0700 - 0.00 B
2017-10-10 18:33:16.016+0000 INFO [o.n.k.i.DiagnosticsManager] --- STARTED diagnostics for KernelDiagnostics:StoreFiles END ---
2017-10-10 18:33:22.215+0000 ERROR [o.n.k.i.u.w.DefaultFileDeletionEventListener] 'Schema' which belongs to the store was deleted while database was running.
2017-10-10 18:33:25.106+0000 ERROR [o.n.k.i.u.w.DefaultFileDeletionEventListener] 'Modifier' which belongs to the store was deleted while database was running.
2017-10-10 18:34:04.671+0000 WARN [o.n.k.i.c.MonitorGc] GC Monitor: Application threads blocked for 902ms.
2017-10-10 19:12:14.530+0000 WARN [o.n.k.i.c.MonitorGc] GC Monitor: Application threads blocked for 2289328ms.
2017-10-10 19:12:14.687+0000 INFO [o.n.k.i.t.l.c.CheckPointerImpl] Check Pointing triggered by scheduler for time threshold [72]:  Starting check pointing...
2017-10-10 19:12:14.687+0000 INFO [o.n.k.i.t.l.c.CheckPointerImpl] Check Pointing triggered by scheduler for time threshold [72]:  Starting store flush...
2017-10-10 19:12:17.410+0000 WARN [o.n.k.i.c.MonitorGc] GC Monitor: Application threads blocked for 845ms.
2017-10-10 19:12:18.555+0000 INFO [o.n.k.i.s.c.CountsTracker] About to rotate counts store at transaction 72 to [C:\software_dev\Code\intellij_workspace\ie-viz\resource\db\smoking\neostore.counts.db.b], from [C:\software_dev\Code\intellij_workspace\ie-viz\resource\db\smoking\neostore.counts.db.a].
2017-10-10 19:12:18.581+0000 INFO [o.n.k.i.s.c.CountsTracker] Successfully rotated counts store at transaction 72 to [C:\software_dev\Code\intellij_workspace\ie-viz\resource\db\smoking\neostore.counts.db.b], from [C:\software_dev\Code\intellij_workspace\ie-viz\resource\db\smoking\neostore.counts.db.a].
2017-10-10 19:12:18.890+0000 INFO [o.n.k.i.t.l.c.CheckPointerImpl] Check Pointing triggered by scheduler for time threshold [72]:  Store flush completed
2017-10-10 19:12:18.890+0000 INFO [o.n.k.i.t.l.c.CheckPointerImpl] Check Pointing triggered by scheduler for time threshold [72]:  Starting appending check point entry into the tx log...
2017-10-10 19:12:18.906+0000 INFO [o.n.k.i.t.l.c.CheckPointerImpl] Check Pointing triggered by scheduler for time threshold [72]:  Appending check point entry into the tx log completed
2017-10-10 19:12:18.922+0000 INFO [o.n.k.i.t.l.c.CheckPointerImpl] Check Pointing triggered by scheduler for time threshold [72]:  Check pointing completed
2017-10-10 19:12:18.937+0000 INFO [o.n.k.i.t.l.p.LogPruningImpl] Log Rotation [0]:  Starting log pruning.
2017-10-10 19:12:18.953+0000 INFO [o.n.k.i.t.l.p.LogPruningImpl] Log Rotation [0]:  Log pruning complete.
2017-10-10 19:13:04.014+0000 ERROR [o.n.k.i.u.w.DefaultFileDeletionEventListener] 'KnowledgeAuthor' which belongs to the store was deleted while database was running.
