2017-12-01 16:31:23.544+0000 WARN [o.n.i.p.PageCache] The dbms.memory.pagecache.size setting has not been configured. It is recommended that this setting is always explicitly configured, to ensure the system has a balanced configuration. Until then, a computed heuristic value of 13329657856 bytes will be used instead. 
2017-12-01 16:31:23.668+0000 INFO [o.n.k.i.f.CommunityEditionModule] No locking implementation specified, defaulting to 'community'
2017-12-01 16:31:23.676+0000 INFO [o.n.k.AvailabilityGuard] Requirement makes database unavailable: Database available
2017-12-01 16:31:23.677+0000 INFO [o.n.k.i.DiagnosticsManager] --- INITIALIZED diagnostics START ---
2017-12-01 16:31:23.677+0000 INFO [o.n.k.i.DiagnosticsManager] Neo4j Kernel properties:
2017-12-01 16:31:23.677+0000 INFO [o.n.k.i.DiagnosticsManager] unsupported.dbms.edition=community
2017-12-01 16:31:23.677+0000 INFO [o.n.k.i.DiagnosticsManager] unsupported.dbms.directories.neo4j_home=G:\SeaCore\Blulab\resource\db\heartDiseaseInDiabetics
2017-12-01 16:31:23.677+0000 INFO [o.n.k.i.DiagnosticsManager] unsupported.dbms.ephemeral=false
2017-12-01 16:31:23.677+0000 INFO [o.n.k.i.DiagnosticsManager] Diagnostics providers:
2017-12-01 16:31:23.677+0000 INFO [o.n.k.i.DiagnosticsManager] org.neo4j.kernel.configuration.Config
2017-12-01 16:31:23.677+0000 INFO [o.n.k.i.DiagnosticsManager] org.neo4j.kernel.info.DiagnosticsManager
2017-12-01 16:31:23.677+0000 INFO [o.n.k.i.DiagnosticsManager] SYSTEM_MEMORY
2017-12-01 16:31:23.677+0000 INFO [o.n.k.i.DiagnosticsManager] JAVA_MEMORY
2017-12-01 16:31:23.677+0000 INFO [o.n.k.i.DiagnosticsManager] OPERATING_SYSTEM
2017-12-01 16:31:23.677+0000 INFO [o.n.k.i.DiagnosticsManager] JAVA_VIRTUAL_MACHINE
2017-12-01 16:31:23.677+0000 INFO [o.n.k.i.DiagnosticsManager] CLASSPATH
2017-12-01 16:31:23.677+0000 INFO [o.n.k.i.DiagnosticsManager] LIBRARY_PATH
2017-12-01 16:31:23.677+0000 INFO [o.n.k.i.DiagnosticsManager] SYSTEM_PROPERTIES
2017-12-01 16:31:23.677+0000 INFO [o.n.k.i.DiagnosticsManager] NETWORK
2017-12-01 16:31:23.677+0000 INFO [o.n.k.i.DiagnosticsManager] System memory information:
2017-12-01 16:31:23.677+0000 INFO [o.n.k.i.DiagnosticsManager] Total Physical memory: 31.92 GB
2017-12-01 16:31:23.677+0000 INFO [o.n.k.i.DiagnosticsManager] Free Physical memory: 11.53 GB
2017-12-01 16:31:23.677+0000 INFO [o.n.k.i.DiagnosticsManager] Committed virtual memory: 1.38 GB
2017-12-01 16:31:23.677+0000 INFO [o.n.k.i.DiagnosticsManager] Total swap space: 45.74 GB
2017-12-01 16:31:23.677+0000 INFO [o.n.k.i.DiagnosticsManager] Free swap space: 5.35 GB
2017-12-01 16:31:23.677+0000 INFO [o.n.k.i.DiagnosticsManager] JVM memory information:
2017-12-01 16:31:23.677+0000 INFO [o.n.k.i.DiagnosticsManager] Free  memory: 626.65 MB
2017-12-01 16:31:23.677+0000 INFO [o.n.k.i.DiagnosticsManager] Total memory: 922.00 MB
2017-12-01 16:31:23.677+0000 INFO [o.n.k.i.DiagnosticsManager] Max   memory: 7.10 GB
2017-12-01 16:31:23.677+0000 INFO [o.n.k.i.DiagnosticsManager] Garbage Collector: PS Scavenge: [PS Eden Space, PS Survivor Space]
2017-12-01 16:31:23.677+0000 INFO [o.n.k.i.DiagnosticsManager] Garbage Collector: PS MarkSweep: [PS Eden Space, PS Survivor Space, PS Old Gen]
2017-12-01 16:31:23.677+0000 INFO [o.n.k.i.DiagnosticsManager] Memory Pool: Code Cache (Non-heap memory): committed=24.81 MB, used=24.66 MB, max=240.00 MB, threshold=0.00 B
2017-12-01 16:31:23.677+0000 INFO [o.n.k.i.DiagnosticsManager] Memory Pool: Metaspace (Non-heap memory): committed=51.88 MB, used=50.59 MB, max=-1.00 B, threshold=0.00 B
2017-12-01 16:31:23.678+0000 INFO [o.n.k.i.DiagnosticsManager] Memory Pool: Compressed Class Space (Non-heap memory): committed=8.63 MB, used=8.35 MB, max=1.00 GB, threshold=0.00 B
2017-12-01 16:31:23.678+0000 INFO [o.n.k.i.DiagnosticsManager] Memory Pool: PS Eden Space (Heap memory): committed=310.50 MB, used=160.96 MB, max=2.62 GB, threshold=?
2017-12-01 16:31:23.678+0000 INFO [o.n.k.i.DiagnosticsManager] Memory Pool: PS Survivor Space (Heap memory): committed=21.00 MB, used=19.39 MB, max=21.00 MB, threshold=?
2017-12-01 16:31:23.678+0000 INFO [o.n.k.i.DiagnosticsManager] Memory Pool: PS Old Gen (Heap memory): committed=590.50 MB, used=115.00 MB, max=5.32 GB, threshold=0.00 B
2017-12-01 16:31:23.678+0000 INFO [o.n.k.i.DiagnosticsManager] Operating system information:
2017-12-01 16:31:23.678+0000 INFO [o.n.k.i.DiagnosticsManager] Operating System: Windows 8.1; version: 6.3; arch: amd64; cpus: 20
2017-12-01 16:31:23.678+0000 INFO [o.n.k.i.DiagnosticsManager] Process id: 3836@ANDREYPC
2017-12-01 16:31:23.678+0000 INFO [o.n.k.i.DiagnosticsManager] Byte order: LITTLE_ENDIAN
2017-12-01 16:31:23.678+0000 INFO [o.n.k.i.DiagnosticsManager] Local timezone: America/Los_Angeles
2017-12-01 16:31:23.678+0000 INFO [o.n.k.i.DiagnosticsManager] JVM information:
2017-12-01 16:31:23.678+0000 INFO [o.n.k.i.DiagnosticsManager] VM Name: Java HotSpot(TM) 64-Bit Server VM
2017-12-01 16:31:23.679+0000 INFO [o.n.k.i.DiagnosticsManager] VM Vendor: Oracle Corporation
2017-12-01 16:31:23.679+0000 INFO [o.n.k.i.DiagnosticsManager] VM Version: 25.45-b02
2017-12-01 16:31:23.679+0000 INFO [o.n.k.i.DiagnosticsManager] JIT compiler: HotSpot 64-Bit Tiered Compilers
2017-12-01 16:31:23.679+0000 INFO [o.n.k.i.DiagnosticsManager] VM Arguments: [-javaagent:C:\Program Files\JetBrains\IntelliJ IDEA 2017.2.5\lib\idea_rt.jar=57140:C:\Program Files\JetBrains\IntelliJ IDEA 2017.2.5\bin, -Dfile.encoding=UTF-8]
2017-12-01 16:31:23.679+0000 INFO [o.n.k.i.DiagnosticsManager] Java classpath:
2017-12-01 16:31:23.679+0000 INFO [o.n.k.i.DiagnosticsManager]  [classpath + loader.0] file:/C:/Users/asantros/.m2/repository/org/neo4j/neo4j-cypher-ir-3.2/3.2.2/neo4j-cypher-ir-3.2-3.2.2.jar
2017-12-01 16:31:23.679+0000 INFO [o.n.k.i.DiagnosticsManager]  [classpath + loader.0] file:/C:/Users/asantros/.m2/repository/org/apache/felix/org.osgi.core/1.4.0/org.osgi.core-1.4.0.jar
2017-12-01 16:31:23.679+0000 INFO [o.n.k.i.DiagnosticsManager]  [classpath + loader.0] file:/C:/Users/asantros/.m2/repository/edu/stanford/nlp/stanford-corenlp/3.6.0/stanford-corenlp-3.6.0.jar
2017-12-01 16:31:23.679+0000 INFO [o.n.k.i.DiagnosticsManager]  [classpath + loader.0] file:/C:/Users/asantros/.m2/repository/org/apache/lucene/lucene-core/5.5.0/lucene-core-5.5.0.jar
2017-12-01 16:31:23.679+0000 INFO [o.n.k.i.DiagnosticsManager]  [classpath + loader.0] file:/C:/Users/asantros/.m2/repository/org/apache/directory/studio/org.apache.commons.io/2.4/org.apache.commons.io-2.4.jar
2017-12-01 16:31:23.679+0000 INFO [o.n.k.i.DiagnosticsManager]  [classpath + loader.0] file:/G:/SeaCore/jdk1.8.0_45_x64/jre/lib/jfxswt.jar
2017-12-01 16:31:23.679+0000 INFO [o.n.k.i.DiagnosticsManager]  [classpath + loader.0] file:/C:/Users/asantros/.m2/repository/edu/utah/blulab/domainontology/3.0-SNAPSHOT/domainontology-3.0-20170118.183531-1.jar
2017-12-01 16:31:23.679+0000 INFO [o.n.k.i.DiagnosticsManager]  [classpath + loader.0] file:/C:/Users/asantros/.m2/repository/org/slf4j/slf4j-log4j12/1.7.5/slf4j-log4j12-1.7.5.jar
2017-12-01 16:31:23.679+0000 INFO [o.n.k.i.DiagnosticsManager]  [classpath + loader.0] file:/C:/Users/asantros/.m2/repository/org/neo4j/neo4j-codegen/3.2.2/neo4j-codegen-3.2.2.jar
2017-12-01 16:31:23.679+0000 INFO [o.n.k.i.DiagnosticsManager]  [classpath + loader.0] file:/C:/Users/asantros/.m2/repository/org/ow2/asm/asm/5.2/asm-5.2.jar
2017-12-01 16:31:23.679+0000 INFO [o.n.k.i.DiagnosticsManager]  [classpath + loader.0] file:/C:/Users/asantros/.m2/repository/org/neo4j/neo4j-cypher-frontend-2.3/2.3.11/neo4j-cypher-frontend-2.3-2.3.11.jar
2017-12-01 16:31:23.679+0000 INFO [o.n.k.i.DiagnosticsManager]  [classpath + loader.0] file:/C:/Users/asantros/.m2/repository/log4j/log4j/1.2.17/log4j-1.2.17.jar
2017-12-01 16:31:23.679+0000 INFO [o.n.k.i.DiagnosticsManager]  [classpath + loader.0] file:/C:/Users/asantros/.m2/repository/org/neo4j/neo4j-graph-matching/3.1.3/neo4j-graph-matching-3.1.3.jar
2017-12-01 16:31:23.679+0000 INFO [o.n.k.i.DiagnosticsManager]  [classpath + loader.0] file:/C:/Users/asantros/.m2/repository/org/neo4j/neo4j-ssl/3.2.2/neo4j-ssl-3.2.2.jar
2017-12-01 16:31:23.679+0000 INFO [o.n.k.i.DiagnosticsManager]  [bootstrap + classpath + loader.0] file:/G:/SeaCore/jdk1.8.0_45_x64/jre/lib/jsse.jar
2017-12-01 16:31:23.679+0000 INFO [o.n.k.i.DiagnosticsManager]  [classpath + loader.0] file:/C:/Users/asantros/.m2/repository/org/neo4j/neo4j-command-line/3.2.2/neo4j-command-line-3.2.2.jar
2017-12-01 16:31:23.679+0000 INFO [o.n.k.i.DiagnosticsManager]  [classpath + loader.0] file:/C:/Users/asantros/.m2/repository/org/neo4j/neo4j-graph-algo/3.2.2/neo4j-graph-algo-3.2.2.jar
2017-12-01 16:31:23.679+0000 INFO [o.n.k.i.DiagnosticsManager]  [classpath + loader.0] file:/C:/Users/asantros/.m2/repository/org/neo4j/neo4j-collections/3.2.2/neo4j-collections-3.2.2.jar
2017-12-01 16:31:23.679+0000 INFO [o.n.k.i.DiagnosticsManager]  [classpath + loader.0] file:/C:/Users/asantros/.m2/repository/org/neo4j/neo4j-consistency-check/3.2.2/neo4j-consistency-check-3.2.2.jar
2017-12-01 16:31:23.679+0000 INFO [o.n.k.i.DiagnosticsManager]  [classpath + loader.0] file:/C:/Users/asantros/.m2/repository/javax/json/javax.json-api/1.0/javax.json-api-1.0.jar
2017-12-01 16:31:23.679+0000 INFO [o.n.k.i.DiagnosticsManager]  [loader.1] file:/G:/SeaCore/jdk1.8.0_45_x64/jre/lib/ext/sunpkcs11.jar
2017-12-01 16:31:23.679+0000 INFO [o.n.k.i.DiagnosticsManager]  [classpath + loader.0] file:/C:/Users/asantros/.m2/repository/io/netty/netty-all/4.1.8.Final/netty-all-4.1.8.Final.jar
2017-12-01 16:31:23.679+0000 INFO [o.n.k.i.DiagnosticsManager]  [classpath + loader.0] file:/C:/Users/asantros/.m2/repository/org/neo4j/neo4j-csv/3.2.2/neo4j-csv-3.2.2.jar
2017-12-01 16:31:23.679+0000 INFO [o.n.k.i.DiagnosticsManager]  [classpath + loader.0] file:/C:/Users/asantros/.m2/repository/org/scala-lang/scala-reflect/2.11.8/scala-reflect-2.11.8.jar
2017-12-01 16:31:23.679+0000 INFO [o.n.k.i.DiagnosticsManager]  [classpath + loader.0] file:/G:/SeaCore/jdk1.8.0_45_x64/jre/lib/plugin.jar
2017-12-01 16:31:23.679+0000 INFO [o.n.k.i.DiagnosticsManager]  [classpath + loader.0] file:/C:/Users/asantros/.m2/repository/net/sourceforge/owlapi/owlapi-impl/3.5.2/owlapi-impl-3.5.2.jar
2017-12-01 16:31:23.679+0000 INFO [o.n.k.i.DiagnosticsManager]  [bootstrap + classpath + loader.0] file:/G:/SeaCore/jdk1.8.0_45_x64/jre/lib/resources.jar
2017-12-01 16:31:23.679+0000 INFO [o.n.k.i.DiagnosticsManager]  [classpath + loader.0] file:/C:/Users/asantros/.m2/repository/org/apache/commons/commons-lang3/3.4/commons-lang3-3.4.jar
2017-12-01 16:31:23.679+0000 INFO [o.n.k.i.DiagnosticsManager]  [loader.1] file:/G:/SeaCore/jdk1.8.0_45_x64/jre/lib/ext/nashorn.jar
2017-12-01 16:31:23.679+0000 INFO [o.n.k.i.DiagnosticsManager]  [classpath + loader.0] file:/C:/Users/asantros/.m2/repository/joda-time/joda-time/2.9/joda-time-2.9.jar
2017-12-01 16:31:23.679+0000 INFO [o.n.k.i.DiagnosticsManager]  [classpath + loader.0] file:/C:/Users/asantros/.m2/repository/org/neo4j/neo4j-index/3.2.2/neo4j-index-3.2.2.jar
2017-12-01 16:31:23.679+0000 INFO [o.n.k.i.DiagnosticsManager]  [classpath + loader.0] file:/G:/SeaCore/jdk1.8.0_45_x64/jre/lib/management-agent.jar
2017-12-01 16:31:23.679+0000 INFO [o.n.k.i.DiagnosticsManager]  [classpath + loader.0] file:/C:/Users/asantros/.m2/repository/org/neo4j/neo4j-graphdb-api/3.2.2/neo4j-graphdb-api-3.2.2.jar
2017-12-01 16:31:23.679+0000 INFO [o.n.k.i.DiagnosticsManager]  [classpath + loader.0] file:/C:/Users/asantros/.m2/repository/com/github/ben-manes/caffeine/caffeine/2.3.3/caffeine-2.3.3.jar
2017-12-01 16:31:23.679+0000 INFO [o.n.k.i.DiagnosticsManager]  [classpath + loader.0] file:/C:/Users/asantros/.m2/repository/org/neo4j/neo4j-lucene-index/3.2.2/neo4j-lucene-index-3.2.2.jar
2017-12-01 16:31:23.679+0000 INFO [o.n.k.i.DiagnosticsManager]  [loader.1] file:/G:/SeaCore/jdk1.8.0_45_x64/jre/lib/ext/jaccess.jar
2017-12-01 16:31:23.679+0000 INFO [o.n.k.i.DiagnosticsManager]  [classpath + loader.0] file:/C:/Users/asantros/.m2/repository/com/googlecode/concurrentlinkedhashmap/concurrentlinkedhashmap-lru/1.4.2/concurrentlinkedhashmap-lru-1.4.2.jar
2017-12-01 16:31:23.679+0000 INFO [o.n.k.i.DiagnosticsManager]  [bootstrap + classpath + loader.0] file:/G:/SeaCore/jdk1.8.0_45_x64/jre/lib/jce.jar
2017-12-01 16:31:23.679+0000 INFO [o.n.k.i.DiagnosticsManager]  [classpath + loader.0] file:/C:/Users/asantros/.m2/repository/org/neo4j/neo4j-jmx/3.2.2/neo4j-jmx-3.2.2.jar
2017-12-01 16:31:23.679+0000 INFO [o.n.k.i.DiagnosticsManager]  [classpath + loader.0] file:/C:/Users/asantros/.m2/repository/org/neo4j/neo4j-io/3.2.2/neo4j-io-3.2.2.jar
2017-12-01 16:31:23.679+0000 INFO [o.n.k.i.DiagnosticsManager]  [classpath + loader.0] file:/C:/Users/asantros/.m2/repository/net/sourceforge/owlapi/owlapi-oboformat/3.5.2/owlapi-oboformat-3.5.2.jar
2017-12-01 16:31:23.679+0000 INFO [o.n.k.i.DiagnosticsManager]  [classpath + loader.0] file:/C:/Users/asantros/.m2/repository/net/sourceforge/owlapi/owlapi-distribution/3.5.2/owlapi-distribution-3.5.2.jar
2017-12-01 16:31:23.679+0000 INFO [o.n.k.i.DiagnosticsManager]  [classpath + loader.0] file:/C:/Users/asantros/.m2/repository/org/apache/lucene/lucene-backward-codecs/5.5.0/lucene-backward-codecs-5.5.0.jar
2017-12-01 16:31:23.679+0000 INFO [o.n.k.i.DiagnosticsManager]  [classpath + loader.0] file:/C:/Users/asantros/.m2/repository/javax/xml/bind/jaxb-api/2.2.7/jaxb-api-2.2.7.jar
2017-12-01 16:31:23.679+0000 INFO [o.n.k.i.DiagnosticsManager]  [loader.1] file:/G:/SeaCore/jdk1.8.0_45_x64/jre/lib/ext/access-bridge-64.jar
2017-12-01 16:31:23.679+0000 INFO [o.n.k.i.DiagnosticsManager]  [classpath + loader.0] file:/C:/Users/asantros/.m2/repository/net/sf/trove4j/trove4j/3.0.3/trove4j-3.0.3.jar
2017-12-01 16:31:23.679+0000 INFO [o.n.k.i.DiagnosticsManager]  [classpath + loader.0] file:/C:/Users/asantros/.m2/repository/org/neo4j/neo4j-cypher-compiler-3.1/3.1.5/neo4j-cypher-compiler-3.1-3.1.5.jar
2017-12-01 16:31:23.679+0000 INFO [o.n.k.i.DiagnosticsManager]  [bootstrap + classpath + loader.0] file:/G:/SeaCore/jdk1.8.0_45_x64/jre/lib/jfr.jar
2017-12-01 16:31:23.679+0000 INFO [o.n.k.i.DiagnosticsManager]  [loader.1] file:/G:/SeaCore/jdk1.8.0_45_x64/jre/lib/ext/localedata.jar
2017-12-01 16:31:23.679+0000 INFO [o.n.k.i.DiagnosticsManager]  [classpath + loader.0] file:/C:/Users/asantros/.m2/repository/org/slf4j/slf4j-api/1.7.5/slf4j-api-1.7.5.jar
2017-12-01 16:31:23.679+0000 INFO [o.n.k.i.DiagnosticsManager]  [bootstrap] G:\SeaCore\jdk1.8.0_45_x64\jre\classes
2017-12-01 16:31:23.679+0000 INFO [o.n.k.i.DiagnosticsManager]  [loader.1] file:/G:/SeaCore/jdk1.8.0_45_x64/jre/lib/ext/zipfs.jar
2017-12-01 16:31:23.679+0000 INFO [o.n.k.i.DiagnosticsManager]  [classpath + loader.0] file:/C:/Users/asantros/.m2/repository/commons-io/commons-io/2.4/commons-io-2.4.jar
2017-12-01 16:31:23.679+0000 INFO [o.n.k.i.DiagnosticsManager]  [loader.1] file:/G:/SeaCore/jdk1.8.0_45_x64/jre/lib/ext/sunmscapi.jar
2017-12-01 16:31:23.679+0000 INFO [o.n.k.i.DiagnosticsManager]  [classpath + loader.0] file:/C:/Users/asantros/.m2/repository/org/parboiled/parboiled-scala_2.11/1.1.7/parboiled-scala_2.11-1.1.7.jar
2017-12-01 16:31:23.679+0000 INFO [o.n.k.i.DiagnosticsManager]  [classpath + loader.0] file:/C:/Users/asantros/.m2/repository/org/neo4j/neo4j-unsafe/3.2.2/neo4j-unsafe-3.2.2.jar
2017-12-01 16:31:23.679+0000 INFO [o.n.k.i.DiagnosticsManager]  [classpath + loader.0] file:/C:/Users/asantros/.m2/repository/org/neo4j/neo4j-configuration/3.2.2/neo4j-configuration-3.2.2.jar
2017-12-01 16:31:23.679+0000 INFO [o.n.k.i.DiagnosticsManager]  [classpath + loader.0] file:/C:/Users/asantros/.m2/repository/org/apache/lucene/lucene-codecs/5.5.0/lucene-codecs-5.5.0.jar
2017-12-01 16:31:23.679+0000 INFO [o.n.k.i.DiagnosticsManager]  [classpath + loader.0] file:/C:/Users/asantros/.m2/repository/org/scala-lang/scala-library/2.11.8/scala-library-2.11.8.jar
2017-12-01 16:31:23.679+0000 INFO [o.n.k.i.DiagnosticsManager]  [classpath + loader.0] file:/G:/SeaCore/jdk1.8.0_45_x64/jre/lib/javaws.jar
2017-12-01 16:31:23.679+0000 INFO [o.n.k.i.DiagnosticsManager]  [classpath + loader.0] file:/C:/Users/asantros/.m2/repository/org/neo4j/neo4j-cypher/3.2.2/neo4j-cypher-3.2.2.jar
2017-12-01 16:31:23.679+0000 INFO [o.n.k.i.DiagnosticsManager]  [classpath + loader.0] file:/C:/Users/asantros/.m2/repository/org/neo4j/neo4j-cypher-compiler-3.2/3.2.2/neo4j-cypher-compiler-3.2-3.2.2.jar
2017-12-01 16:31:23.679+0000 INFO [o.n.k.i.DiagnosticsManager]  [loader.1] file:/G:/SeaCore/jdk1.8.0_45_x64/jre/lib/ext/sunec.jar
2017-12-01 16:31:23.679+0000 INFO [o.n.k.i.DiagnosticsManager]  [classpath + loader.0] file:/G:/SeaCore/Blulab/target/classes/
2017-12-01 16:31:23.679+0000 INFO [o.n.k.i.DiagnosticsManager]  [classpath + loader.0] file:/C:/Users/asantros/.m2/repository/commons-cli/commons-cli/1.2/commons-cli-1.2.jar
2017-12-01 16:31:23.679+0000 INFO [o.n.k.i.DiagnosticsManager]  [classpath + loader.0] file:/C:/Users/asantros/.m2/repository/org/neo4j/neo4j-cypher-frontend-3.2/3.2.2/neo4j-cypher-frontend-3.2-3.2.2.jar
2017-12-01 16:31:23.679+0000 INFO [o.n.k.i.DiagnosticsManager]  [bootstrap + classpath + loader.0] file:/G:/SeaCore/jdk1.8.0_45_x64/jre/lib/charsets.jar
2017-12-01 16:31:23.679+0000 INFO [o.n.k.i.DiagnosticsManager]  [loader.1] file:/G:/SeaCore/jdk1.8.0_45_x64/jre/lib/ext/dnsns.jar
2017-12-01 16:31:23.679+0000 INFO [o.n.k.i.DiagnosticsManager]  [classpath + loader.0] file:/C:/Users/asantros/.m2/repository/net/sourceforge/owlapi/owlapi-apibinding/3.5.2/owlapi-apibinding-3.5.2.jar
2017-12-01 16:31:23.679+0000 INFO [o.n.k.i.DiagnosticsManager]  [classpath + loader.0] file:/C:/Users/asantros/.m2/repository/org/neo4j/neo4j-udc/3.2.2/neo4j-udc-3.2.2.jar
2017-12-01 16:31:23.679+0000 INFO [o.n.k.i.DiagnosticsManager]  [classpath + loader.0] file:/C:/Users/asantros/.m2/repository/org/neo4j/neo4j-kernel/3.2.2/neo4j-kernel-3.2.2.jar
2017-12-01 16:31:23.679+0000 INFO [o.n.k.i.DiagnosticsManager]  [classpath + loader.0] file:/C:/Users/asantros/.m2/repository/org/neo4j/neo4j-cypher-frontend-3.1/3.1.5/neo4j-cypher-frontend-3.1-3.1.5.jar
2017-12-01 16:31:23.679+0000 INFO [o.n.k.i.DiagnosticsManager]  [classpath + loader.0] file:/C:/Users/asantros/.m2/repository/org/bouncycastle/bcpkix-jdk15on/1.53/bcpkix-jdk15on-1.53.jar
2017-12-01 16:31:23.680+0000 INFO [o.n.k.i.DiagnosticsManager]  [bootstrap + classpath + loader.0] file:/G:/SeaCore/jdk1.8.0_45_x64/jre/lib/rt.jar
2017-12-01 16:31:23.680+0000 INFO [o.n.k.i.DiagnosticsManager]  [classpath + loader.0] file:/C:/Users/asantros/.m2/repository/net/sourceforge/owlapi/owlapi-tools/3.5.2/owlapi-tools-3.5.2.jar
2017-12-01 16:31:23.680+0000 INFO [o.n.k.i.DiagnosticsManager]  [classpath + loader.0] file:/C:/Users/asantros/.m2/repository/org/neo4j/neo4j-resource/3.2.2/neo4j-resource-3.2.2.jar
2017-12-01 16:31:23.680+0000 INFO [o.n.k.i.DiagnosticsManager]  [classpath + loader.0] file:/C:/Users/asantros/.m2/repository/org/parboiled/parboiled-core/1.1.7/parboiled-core-1.1.7.jar
2017-12-01 16:31:23.680+0000 INFO [o.n.k.i.DiagnosticsManager]  [classpath] C:\Program Files\JetBrains\IntelliJ IDEA 2017.2.5\lib\idea_rt.jar
2017-12-01 16:31:23.680+0000 INFO [o.n.k.i.DiagnosticsManager]  [classpath + loader.0] file:/C:/Users/asantros/.m2/repository/com/google/guava/guava/18.0/guava-18.0.jar
2017-12-01 16:31:23.680+0000 INFO [o.n.k.i.DiagnosticsManager]  [classpath + loader.0] file:/C:/Users/asantros/.m2/repository/net/sourceforge/owlapi/owlapi-api/3.5.2/owlapi-api-3.5.2.jar
2017-12-01 16:31:23.680+0000 INFO [o.n.k.i.DiagnosticsManager]  [classpath + loader.0] file:/C:/Users/asantros/.m2/repository/com/io7m/xom/xom/1.2.10/xom-1.2.10.jar
2017-12-01 16:31:23.680+0000 INFO [o.n.k.i.DiagnosticsManager]  [classpath + loader.0] file:/C:/Users/asantros/.m2/repository/org/neo4j/neo4j/3.2.2/neo4j-3.2.2.jar
2017-12-01 16:31:23.680+0000 INFO [o.n.k.i.DiagnosticsManager]  [bootstrap] G:\SeaCore\jdk1.8.0_45_x64\jre\lib\sunrsasign.jar
2017-12-01 16:31:23.680+0000 INFO [o.n.k.i.DiagnosticsManager]  [loader.0] file:/C:/Program%20Files/JetBrains/IntelliJ%20IDEA%202017.2.5/lib/idea_rt.jar
2017-12-01 16:31:23.680+0000 INFO [o.n.k.i.DiagnosticsManager]  [classpath + loader.0] file:/C:/Users/asantros/.m2/repository/net/sourceforge/owlapi/owlapi-parsers/3.5.2/owlapi-parsers-3.5.2.jar
2017-12-01 16:31:23.680+0000 INFO [o.n.k.i.DiagnosticsManager]  [classpath + loader.0] file:/C:/Users/asantros/.m2/repository/org/neo4j/neo4j-dbms/3.2.2/neo4j-dbms-3.2.2.jar
2017-12-01 16:31:23.680+0000 INFO [o.n.k.i.DiagnosticsManager]  [classpath + loader.0] file:/C:/Users/asantros/.m2/repository/org/neo4j/neo4j-primitive-collections/3.2.2/neo4j-primitive-collections-3.2.2.jar
2017-12-01 16:31:23.680+0000 INFO [o.n.k.i.DiagnosticsManager]  [classpath + loader.0] file:/C:/Users/asantros/.m2/repository/xerces/xercesImpl/2.8.0/xercesImpl-2.8.0.jar
2017-12-01 16:31:23.680+0000 INFO [o.n.k.i.DiagnosticsManager]  [classpath + loader.0] file:/C:/Users/asantros/.m2/repository/org/apache/commons/commons-compress/1.12/commons-compress-1.12.jar
2017-12-01 16:31:23.680+0000 INFO [o.n.k.i.DiagnosticsManager]  [classpath + loader.0] file:/C:/Users/asantros/.m2/repository/org/neo4j/neo4j-logging/3.2.2/neo4j-logging-3.2.2.jar
2017-12-01 16:31:23.680+0000 INFO [o.n.k.i.DiagnosticsManager]  [classpath + loader.0] file:/C:/Users/asantros/.m2/repository/org/apache/lucene/lucene-queryparser/5.5.0/lucene-queryparser-5.5.0.jar
2017-12-01 16:31:23.680+0000 INFO [o.n.k.i.DiagnosticsManager]  [classpath + loader.0] file:/C:/Users/asantros/.m2/repository/org/jdom/jdom/1.1/jdom-1.1.jar
2017-12-01 16:31:23.680+0000 INFO [o.n.k.i.DiagnosticsManager]  [loader.1] file:/G:/SeaCore/jdk1.8.0_45_x64/jre/lib/ext/sunjce_provider.jar
2017-12-01 16:31:23.680+0000 INFO [o.n.k.i.DiagnosticsManager]  [classpath + loader.0] file:/G:/SeaCore/jdk1.8.0_45_x64/jre/lib/deploy.jar
2017-12-01 16:31:23.680+0000 INFO [o.n.k.i.DiagnosticsManager]  [classpath + loader.0] file:/C:/Users/asantros/.m2/repository/com/googlecode/efficient-java-matrix-library/ejml/0.23/ejml-0.23.jar
2017-12-01 16:31:23.680+0000 INFO [o.n.k.i.DiagnosticsManager]  [classpath + loader.0] file:/C:/Users/asantros/.m2/repository/org/neo4j/neo4j-common/3.2.2/neo4j-common-3.2.2.jar
2017-12-01 16:31:23.680+0000 INFO [o.n.k.i.DiagnosticsManager]  [loader.1] file:/G:/SeaCore/jdk1.8.0_45_x64/jre/lib/ext/jfxrt.jar
2017-12-01 16:31:23.680+0000 INFO [o.n.k.i.DiagnosticsManager]  [classpath + loader.0] file:/C:/Users/asantros/.m2/repository/org/neo4j/neo4j-lucene-upgrade/3.2.2/neo4j-lucene-upgrade-3.2.2.jar
2017-12-01 16:31:23.680+0000 INFO [o.n.k.i.DiagnosticsManager]  [classpath + loader.0] file:/C:/Users/asantros/.m2/repository/xalan/xalan/2.7.0/xalan-2.7.0.jar
2017-12-01 16:31:23.680+0000 INFO [o.n.k.i.DiagnosticsManager]  [classpath + loader.0] file:/C:/Users/asantros/.m2/repository/org/neo4j/neo4j-cypher-compiler-2.3/2.3.11/neo4j-cypher-compiler-2.3-2.3.11.jar
2017-12-01 16:31:23.680+0000 INFO [o.n.k.i.DiagnosticsManager]  [classpath + loader.0] file:/C:/Users/asantros/.m2/repository/xml-apis/xml-apis/1.3.03/xml-apis-1.3.03.jar
2017-12-01 16:31:23.680+0000 INFO [o.n.k.i.DiagnosticsManager]  [classpath + loader.0] file:/C:/Users/asantros/.m2/repository/de/jollyday/jollyday/0.4.7/jollyday-0.4.7.jar
2017-12-01 16:31:23.680+0000 INFO [o.n.k.i.DiagnosticsManager]  [loader.1] file:/G:/SeaCore/jdk1.8.0_45_x64/jre/lib/ext/cldrdata.jar
2017-12-01 16:31:23.680+0000 INFO [o.n.k.i.DiagnosticsManager]  [classpath + loader.0] file:/C:/Users/asantros/.m2/repository/net/sf/opencsv/opencsv/2.3/opencsv-2.3.jar
2017-12-01 16:31:23.680+0000 INFO [o.n.k.i.DiagnosticsManager]  [classpath + loader.0] file:/C:/Users/asantros/.m2/repository/org/neo4j/neo4j-import-tool/3.2.2/neo4j-import-tool-3.2.2.jar
2017-12-01 16:31:23.680+0000 INFO [o.n.k.i.DiagnosticsManager]  [classpath + loader.0] file:/C:/Users/asantros/.m2/repository/org/apache/lucene/lucene-analyzers-common/5.5.0/lucene-analyzers-common-5.5.0.jar
2017-12-01 16:31:23.680+0000 INFO [o.n.k.i.DiagnosticsManager]  [classpath + loader.0] file:/C:/Users/asantros/.m2/repository/org/bouncycastle/bcprov-jdk15on/1.53/bcprov-jdk15on-1.53.jar
2017-12-01 16:31:23.680+0000 INFO [o.n.k.i.DiagnosticsManager] Library path:
2017-12-01 16:31:23.680+0000 INFO [o.n.k.i.DiagnosticsManager] G:\SeaCore\jdk1.8.0_45_x64\bin
2017-12-01 16:31:23.680+0000 INFO [o.n.k.i.DiagnosticsManager] C:\Windows\Sun\Java\bin
2017-12-01 16:31:23.680+0000 INFO [o.n.k.i.DiagnosticsManager] C:\Windows\System32
2017-12-01 16:31:23.680+0000 INFO [o.n.k.i.DiagnosticsManager] C:\Windows
2017-12-01 16:31:23.680+0000 INFO [o.n.k.i.DiagnosticsManager] C:\Program Files (x86)\DNASTAR\ArrayStar 13
2017-12-01 16:31:23.680+0000 INFO [o.n.k.i.DiagnosticsManager] C:\Program Files (x86)\DNASTAR\SeqMan NGen 13
2017-12-01 16:31:23.680+0000 INFO [o.n.k.i.DiagnosticsManager] C:\Program Files (x86)\DNASTAR\Lasergene 13\SeqNinjaCL
2017-12-01 16:31:23.680+0000 INFO [o.n.k.i.DiagnosticsManager] C:\Program Files (x86)\DNASTAR\ArrayStar 14
2017-12-01 16:31:23.680+0000 INFO [o.n.k.i.DiagnosticsManager] C:\Program Files (x86)\DNASTAR\SeqMan NGen 14
2017-12-01 16:31:23.680+0000 INFO [o.n.k.i.DiagnosticsManager] C:\Program Files (x86)\DNASTAR\Lasergene 14\SeqNinjaCL
2017-12-01 16:31:23.680+0000 INFO [o.n.k.i.DiagnosticsManager] C:\Windows\System32
2017-12-01 16:31:23.680+0000 INFO [o.n.k.i.DiagnosticsManager] C:\Windows
2017-12-01 16:31:23.680+0000 INFO [o.n.k.i.DiagnosticsManager] C:\Windows\System32\wbem
2017-12-01 16:31:23.680+0000 INFO [o.n.k.i.DiagnosticsManager] C:\Windows\System32\WindowsPowerShell\v1.0
2017-12-01 16:31:23.680+0000 INFO [o.n.k.i.DiagnosticsManager] G:\SeaCore\svn
2017-12-01 16:31:23.680+0000 INFO [o.n.k.i.DiagnosticsManager] G:\SeaCore\ant\bin
2017-12-01 16:31:23.680+0000 INFO [o.n.k.i.DiagnosticsManager] G:\SeaCore\jdk1.7.0_07_x64\bin
2017-12-01 16:31:23.680+0000 INFO [o.n.k.i.DiagnosticsManager] G:\SeaCore\mysql\bin
2017-12-01 16:31:23.680+0000 INFO [o.n.k.i.DiagnosticsManager] G:\SeaCore\maven\bin
2017-12-01 16:31:23.680+0000 INFO [o.n.k.i.DiagnosticsManager] C:\Users\asantros\.dnx\bin
2017-12-01 16:31:23.680+0000 INFO [o.n.k.i.DiagnosticsManager] C:\Program Files\Microsoft DNX\Dnvm
2017-12-01 16:31:23.680+0000 INFO [o.n.k.i.DiagnosticsManager] C:\Program Files\Microsoft SQL Server\130\Tools\Binn
2017-12-01 16:31:23.680+0000 INFO [o.n.k.i.DiagnosticsManager] C:\Program Files (x86)\Windows Kits\10\Windows Performance Toolkit
2017-12-01 16:31:23.680+0000 INFO [o.n.k.i.DiagnosticsManager] C:\Program Files (x86)\nodejs
2017-12-01 16:31:23.680+0000 INFO [o.n.k.i.DiagnosticsManager] C:\Program Files\Git\cmd
2017-12-01 16:31:23.680+0000 INFO [o.n.k.i.DiagnosticsManager] C:\Program Files\Git\mingw64\bin
2017-12-01 16:31:23.680+0000 INFO [o.n.k.i.DiagnosticsManager] C:\Program Files\Git\usr\bin
2017-12-01 16:31:23.680+0000 INFO [o.n.k.i.DiagnosticsManager] C:\Program Files\TortoiseSVN\bin
2017-12-01 16:31:23.680+0000 INFO [o.n.k.i.DiagnosticsManager] C:\Users\asantros\AppData\Roaming\npm
2017-12-01 16:31:23.680+0000 INFO [o.n.k.i.DiagnosticsManager] G:\SeaCore\Blulab
2017-12-01 16:31:23.680+0000 INFO [o.n.k.i.DiagnosticsManager] System.properties:
2017-12-01 16:31:23.680+0000 INFO [o.n.k.i.DiagnosticsManager] sun.boot.library.path = G:\SeaCore\jdk1.8.0_45_x64\jre\bin
2017-12-01 16:31:23.680+0000 INFO [o.n.k.i.DiagnosticsManager] path.separator = ;
2017-12-01 16:31:23.680+0000 INFO [o.n.k.i.DiagnosticsManager] file.encoding.pkg = sun.io
2017-12-01 16:31:23.680+0000 INFO [o.n.k.i.DiagnosticsManager] user.country = US
2017-12-01 16:31:23.680+0000 INFO [o.n.k.i.DiagnosticsManager] user.script = 
2017-12-01 16:31:23.680+0000 INFO [o.n.k.i.DiagnosticsManager] sun.java.launcher = SUN_STANDARD
2017-12-01 16:31:23.680+0000 INFO [o.n.k.i.DiagnosticsManager] sun.os.patch.level = 
2017-12-01 16:31:23.680+0000 INFO [o.n.k.i.DiagnosticsManager] user.dir = G:\SeaCore\Blulab
2017-12-01 16:31:23.680+0000 INFO [o.n.k.i.DiagnosticsManager] user.variant = 
2017-12-01 16:31:23.680+0000 INFO [o.n.k.i.DiagnosticsManager] sun.jnu.encoding = Cp1252
2017-12-01 16:31:23.680+0000 INFO [o.n.k.i.DiagnosticsManager] sun.management.compiler = HotSpot 64-Bit Tiered Compilers
2017-12-01 16:31:23.680+0000 INFO [o.n.k.i.DiagnosticsManager] user.home = C:\Users\asantros
2017-12-01 16:31:23.680+0000 INFO [o.n.k.i.DiagnosticsManager] user.timezone = America/Los_Angeles
2017-12-01 16:31:23.680+0000 INFO [o.n.k.i.DiagnosticsManager] file.encoding = UTF-8
2017-12-01 16:31:23.680+0000 INFO [o.n.k.i.DiagnosticsManager] user.name = asantros
2017-12-01 16:31:23.680+0000 INFO [o.n.k.i.DiagnosticsManager] entityExpansionLimit = 100000000
2017-12-01 16:31:23.680+0000 INFO [o.n.k.i.DiagnosticsManager] sun.java.command = edu.utah.blulab.marshallers.graph.CreateKADatabase
2017-12-01 16:31:23.680+0000 INFO [o.n.k.i.DiagnosticsManager] sun.arch.data.model = 64
2017-12-01 16:31:23.680+0000 INFO [o.n.k.i.DiagnosticsManager] user.language = en
2017-12-01 16:31:23.680+0000 INFO [o.n.k.i.DiagnosticsManager] awt.toolkit = sun.awt.windows.WToolkit
2017-12-01 16:31:23.680+0000 INFO [o.n.k.i.DiagnosticsManager] file.separator = \
2017-12-01 16:31:23.680+0000 INFO [o.n.k.i.DiagnosticsManager] sun.io.unicode.encoding = UnicodeLittle
2017-12-01 16:31:23.680+0000 INFO [o.n.k.i.DiagnosticsManager] sun.cpu.endian = little
2017-12-01 16:31:23.680+0000 INFO [o.n.k.i.DiagnosticsManager] sun.desktop = windows
2017-12-01 16:31:23.680+0000 INFO [o.n.k.i.DiagnosticsManager] sun.cpu.isalist = amd64
2017-12-01 16:31:23.680+0000 INFO [o.n.k.i.DiagnosticsManager] Network information:
2017-12-01 16:31:23.691+0000 INFO [o.n.k.i.DiagnosticsManager] Interface Software Loopback Interface 1:
2017-12-01 16:31:23.691+0000 INFO [o.n.k.i.DiagnosticsManager]     address: 127.0.0.1
2017-12-01 16:31:23.691+0000 INFO [o.n.k.i.DiagnosticsManager]     address: 0:0:0:0:0:0:0:1
2017-12-01 16:31:23.691+0000 INFO [o.n.k.i.DiagnosticsManager] Interface Microsoft Kernel Debug Network Adapter:
2017-12-01 16:31:23.691+0000 INFO [o.n.k.i.DiagnosticsManager] Interface Microsoft ISATAP Adapter:
2017-12-01 16:31:23.691+0000 INFO [o.n.k.i.DiagnosticsManager]     address: fe80:0:0:0:0:5efe:ac1a:4041%net0
2017-12-01 16:31:23.691+0000 INFO [o.n.k.i.DiagnosticsManager] Interface Intel(R) Ethernet Connection I217-LM:
2017-12-01 16:31:23.691+0000 INFO [o.n.k.i.DiagnosticsManager]     address: 172.26.64.65
2017-12-01 16:31:23.691+0000 INFO [o.n.k.i.DiagnosticsManager]     address: fe80:0:0:0:308f:7272:1edf:521b%eth1
2017-12-01 16:31:23.691+0000 INFO [o.n.k.i.DiagnosticsManager] Interface Intel(R) Ethernet Connection I217-LM-WFP Native MAC Layer LightWeight Filter-0000:
2017-12-01 16:31:23.691+0000 INFO [o.n.k.i.DiagnosticsManager] Interface Intel(R) Ethernet Connection I217-LM-Symantec Endpoint Protection Firewall-0000:
2017-12-01 16:31:23.691+0000 INFO [o.n.k.i.DiagnosticsManager] Interface Intel(R) Ethernet Connection I217-LM-QoS Packet Scheduler-0000:
2017-12-01 16:31:23.691+0000 INFO [o.n.k.i.DiagnosticsManager] Interface Intel(R) Ethernet Connection I217-LM-WFP 802.3 MAC Layer LightWeight Filter-0000:
2017-12-01 16:31:23.691+0000 INFO [o.n.k.i.DiagnosticsManager] Interface Microsoft ISATAP Adapter-Symantec Endpoint Protection Firewall-0000:
2017-12-01 16:31:23.691+0000 INFO [o.n.k.i.DiagnosticsManager] --- INITIALIZED diagnostics END ---
2017-12-01 16:31:23.698+0000 INFO [o.n.k.i.s.f.RecordFormatSelector] Selected format 'RecordFormat:StandardV3_2[v0.A.8]' for the new store
2017-12-01 16:31:24.025+0000 INFO [o.n.k.i.a.i.IndexingService] IndexingService.init: indexes not specifically mentioned above are null
2017-12-01 16:31:24.026+0000 INFO [o.n.k.i.i.l.NativeLabelScanStore] No scan store found, this might just be first use. Preparing to rebuild.
2017-12-01 16:31:24.039+0000 INFO [o.n.k.NeoStoreDataSource] Opened logical log [G:\SeaCore\Blulab\resource\db\heartDiseaseInDiabetics\neostore.transaction.db.0] version=0, lastTxId=1 (clean)
2017-12-01 16:31:24.040+0000 INFO [o.n.k.NeoStoreDataSource] No commits found after last check point (which is at <no log position given>)
2017-12-01 16:31:24.040+0000 WARN [o.n.k.i.s.MetaDataStore] Missing counts store, rebuilding it.
2017-12-01 16:31:24.113+0000 WARN [o.n.k.i.s.MetaDataStore] Counts store rebuild completed.
2017-12-01 16:31:24.116+0000 INFO [o.n.k.i.a.i.IndexingService] IndexingService.start: indexes not specifically mentioned above are null
2017-12-01 16:31:24.116+0000 INFO [o.n.k.i.i.l.NativeLabelScanStore] Rebuilding scan store, this may take a while
2017-12-01 16:31:24.121+0000 INFO [o.n.k.i.i.l.NativeLabelScanStore] Scan store rebuilt (roughly 0 nodes)
2017-12-01 16:31:24.121+0000 INFO [o.n.k.i.DatabaseHealth] Database health set to OK
2017-12-01 16:31:24.123+0000 INFO [o.n.k.AvailabilityGuard] Fulfilling of requirement makes database available: Database available
2017-12-01 16:31:24.123+0000 INFO [o.n.k.i.f.GraphDatabaseFacadeFactory] Database is now ready
2017-12-01 16:31:24.123+0000 INFO [o.n.k.i.DiagnosticsManager] --- STARTED diagnostics for KernelDiagnostics:Versions START ---
2017-12-01 16:31:24.123+0000 INFO [o.n.k.i.DiagnosticsManager] Graph Database: community single StoreId{creationTime=1512145884008, randomId=8311245383077512695, storeVersion=15813456178476550, upgradeTime=1512145884008, upgradeId=1}
2017-12-01 16:31:24.123+0000 INFO [o.n.k.i.DiagnosticsManager] Kernel version: 3.2.2,8e4ba89683f2a0ce06a5db472eddc1b4e2283513
2017-12-01 16:31:24.123+0000 INFO [o.n.k.i.DiagnosticsManager] --- STARTED diagnostics for KernelDiagnostics:Versions END ---
2017-12-01 16:31:24.123+0000 INFO [o.n.k.i.DiagnosticsManager] --- STARTED diagnostics for NEO_STORE_VERSIONS START ---
2017-12-01 16:31:24.124+0000 INFO [o.n.k.i.DiagnosticsManager] Store versions:
2017-12-01 16:31:24.124+0000 INFO [o.n.k.i.DiagnosticsManager] Store versions:
2017-12-01 16:31:24.124+0000 INFO [o.n.k.i.DiagnosticsManager]   ArrayPropertyStore v0.A.8
2017-12-01 16:31:24.124+0000 INFO [o.n.k.i.DiagnosticsManager]   NodeStore v0.A.8
2017-12-01 16:31:24.124+0000 INFO [o.n.k.i.DiagnosticsManager]   StringPropertyStore v0.A.8
2017-12-01 16:31:24.124+0000 INFO [o.n.k.i.DiagnosticsManager]   PropertyIndexStore v0.A.8
2017-12-01 16:31:24.124+0000 INFO [o.n.k.i.DiagnosticsManager]   StringPropertyStore v0.A.8
2017-12-01 16:31:24.124+0000 INFO [o.n.k.i.DiagnosticsManager]   ArrayPropertyStore v0.A.8
2017-12-01 16:31:24.124+0000 INFO [o.n.k.i.DiagnosticsManager]   PropertyStore v0.A.8
2017-12-01 16:31:24.124+0000 INFO [o.n.k.i.DiagnosticsManager]   RelationshipStore v0.A.8
2017-12-01 16:31:24.124+0000 INFO [o.n.k.i.DiagnosticsManager]   StringPropertyStore v0.A.8
2017-12-01 16:31:24.124+0000 INFO [o.n.k.i.DiagnosticsManager]   RelationshipTypeStore v0.A.8
2017-12-01 16:31:24.124+0000 INFO [o.n.k.i.DiagnosticsManager]   StringPropertyStore v0.A.8
2017-12-01 16:31:24.124+0000 INFO [o.n.k.i.DiagnosticsManager]   LabelTokenStore v0.A.8
2017-12-01 16:31:24.124+0000 INFO [o.n.k.i.DiagnosticsManager]   SchemaStore v0.A.8
2017-12-01 16:31:24.124+0000 INFO [o.n.k.i.DiagnosticsManager]   RelationshipGroupStore v0.A.8
2017-12-01 16:31:24.124+0000 INFO [o.n.k.i.DiagnosticsManager]   NeoStore v0.A.8
2017-12-01 16:31:24.124+0000 INFO [o.n.k.i.DiagnosticsManager] --- STARTED diagnostics for NEO_STORE_VERSIONS END ---
2017-12-01 16:31:24.124+0000 INFO [o.n.k.i.DiagnosticsManager] --- STARTED diagnostics for NEO_STORE_ID_USAGE START ---
2017-12-01 16:31:24.124+0000 INFO [o.n.k.i.DiagnosticsManager] Id usage:
2017-12-01 16:31:24.124+0000 INFO [o.n.k.i.DiagnosticsManager] Id usage:
2017-12-01 16:31:24.124+0000 INFO [o.n.k.i.DiagnosticsManager]   ArrayPropertyStore: used=1 high=0
2017-12-01 16:31:24.125+0000 INFO [o.n.k.i.DiagnosticsManager]   NodeStore: used=0 high=-1
2017-12-01 16:31:24.125+0000 INFO [o.n.k.i.DiagnosticsManager]   StringPropertyStore: used=1 high=0
2017-12-01 16:31:24.125+0000 INFO [o.n.k.i.DiagnosticsManager]   PropertyIndexStore: used=0 high=-1
2017-12-01 16:31:24.125+0000 INFO [o.n.k.i.DiagnosticsManager]   StringPropertyStore: used=1 high=0
2017-12-01 16:31:24.125+0000 INFO [o.n.k.i.DiagnosticsManager]   ArrayPropertyStore: used=1 high=0
2017-12-01 16:31:24.125+0000 INFO [o.n.k.i.DiagnosticsManager]   PropertyStore: used=0 high=-1
2017-12-01 16:31:24.125+0000 INFO [o.n.k.i.DiagnosticsManager]   RelationshipStore: used=0 high=-1
2017-12-01 16:31:24.125+0000 INFO [o.n.k.i.DiagnosticsManager]   StringPropertyStore: used=1 high=0
2017-12-01 16:31:24.125+0000 INFO [o.n.k.i.DiagnosticsManager]   RelationshipTypeStore: used=0 high=-1
2017-12-01 16:31:24.125+0000 INFO [o.n.k.i.DiagnosticsManager]   StringPropertyStore: used=1 high=0
2017-12-01 16:31:24.125+0000 INFO [o.n.k.i.DiagnosticsManager]   LabelTokenStore: used=0 high=-1
2017-12-01 16:31:24.125+0000 INFO [o.n.k.i.DiagnosticsManager]   SchemaStore: used=1 high=0
2017-12-01 16:31:24.125+0000 INFO [o.n.k.i.DiagnosticsManager]   RelationshipGroupStore: used=1 high=0
2017-12-01 16:31:24.125+0000 INFO [o.n.k.i.DiagnosticsManager]   NeoStore: used=15 high=14
2017-12-01 16:31:24.125+0000 INFO [o.n.k.i.DiagnosticsManager] --- STARTED diagnostics for NEO_STORE_ID_USAGE END ---
2017-12-01 16:31:24.125+0000 INFO [o.n.k.i.DiagnosticsManager] --- STARTED diagnostics for NEO_STORE_RECORDS START ---
2017-12-01 16:31:24.125+0000 INFO [o.n.k.i.DiagnosticsManager] Neostore records:
2017-12-01 16:31:24.125+0000 INFO [o.n.k.i.DiagnosticsManager] TIME (Creation time): 1512145884008
2017-12-01 16:31:24.125+0000 INFO [o.n.k.i.DiagnosticsManager] RANDOM_NUMBER (Random number for store id): 8311245383077512695
2017-12-01 16:31:24.126+0000 INFO [o.n.k.i.DiagnosticsManager] LOG_VERSION (Current log version): 0
2017-12-01 16:31:24.126+0000 INFO [o.n.k.i.DiagnosticsManager] LAST_TRANSACTION_ID (Last committed transaction): 1
2017-12-01 16:31:24.126+0000 INFO [o.n.k.i.DiagnosticsManager] STORE_VERSION (Store format version): 15813456178476550
2017-12-01 16:31:24.126+0000 INFO [o.n.k.i.DiagnosticsManager] FIRST_GRAPH_PROPERTY (First property record containing graph properties): -1
2017-12-01 16:31:24.126+0000 INFO [o.n.k.i.DiagnosticsManager] LAST_CONSTRAINT_TRANSACTION (Last committed transaction containing constraint changes): 0
2017-12-01 16:31:24.126+0000 INFO [o.n.k.i.DiagnosticsManager] UPGRADE_TRANSACTION_ID (Transaction id most recent upgrade was performed at): 1
2017-12-01 16:31:24.126+0000 INFO [o.n.k.i.DiagnosticsManager] UPGRADE_TIME (Time of last upgrade): 1512145884008
2017-12-01 16:31:24.126+0000 INFO [o.n.k.i.DiagnosticsManager] LAST_TRANSACTION_CHECKSUM (Checksum of last committed transaction): 0
2017-12-01 16:31:24.126+0000 INFO [o.n.k.i.DiagnosticsManager] UPGRADE_TRANSACTION_CHECKSUM (Checksum of transaction id the most recent upgrade was performed at): 0
2017-12-01 16:31:24.126+0000 INFO [o.n.k.i.DiagnosticsManager] LAST_CLOSED_TRANSACTION_LOG_VERSION (Log version where the last transaction commit entry has been written into): 0
2017-12-01 16:31:24.126+0000 INFO [o.n.k.i.DiagnosticsManager] LAST_CLOSED_TRANSACTION_LOG_BYTE_OFFSET (Byte offset in the log file where the last transaction commit entry has been written into): 16
2017-12-01 16:31:24.126+0000 INFO [o.n.k.i.DiagnosticsManager] LAST_TRANSACTION_COMMIT_TIMESTAMP (Commit time timestamp for last committed transaction): 0
2017-12-01 16:31:24.126+0000 INFO [o.n.k.i.DiagnosticsManager] UPGRADE_TRANSACTION_COMMIT_TIMESTAMP (Commit timestamp of transaction the most recent upgrade was performed at): 0
2017-12-01 16:31:24.126+0000 INFO [o.n.k.i.DiagnosticsManager] --- STARTED diagnostics for NEO_STORE_RECORDS END ---
2017-12-01 16:31:24.126+0000 INFO [o.n.k.i.DiagnosticsManager] --- STARTED diagnostics for TRANSACTION_RANGE START ---
2017-12-01 16:31:24.126+0000 INFO [o.n.k.i.DiagnosticsManager] Transaction log:
2017-12-01 16:31:24.126+0000 INFO [o.n.k.i.DiagnosticsManager] No transactions found in any log
2017-12-01 16:31:24.126+0000 INFO [o.n.k.i.DiagnosticsManager] --- STARTED diagnostics for TRANSACTION_RANGE END ---
2017-12-01 16:31:24.127+0000 INFO [o.n.k.i.DiagnosticsManager] --- STARTED diagnostics for KernelDiagnostics:StoreFiles START ---
2017-12-01 16:31:24.128+0000 INFO [o.n.k.i.DiagnosticsManager] Disk space on partition (Total / Free / Free %): 256058060800 / 99141373952 / 38
Storage files: (filename : modification date - size)
2017-12-01 16:31:24.128+0000 INFO [o.n.k.i.DiagnosticsManager]   index:
2017-12-01 16:31:24.128+0000 INFO [o.n.k.i.DiagnosticsManager]   - Total: 2017-12-01T08:31:24-0800 - 0.00 B
2017-12-01 16:31:24.128+0000 INFO [o.n.k.i.DiagnosticsManager]   logs:
2017-12-01 16:31:24.129+0000 INFO [o.n.k.i.DiagnosticsManager]     debug.log: 2017-12-01T08:31:23-0800 - 39.83 kB
2017-12-01 16:31:24.129+0000 INFO [o.n.k.i.DiagnosticsManager]   - Total: 2017-12-01T08:31:23-0800 - 39.83 kB
2017-12-01 16:31:24.129+0000 INFO [o.n.k.i.DiagnosticsManager]   neostore: 2017-12-01T08:31:24-0800 - 8.00 kB
2017-12-01 16:31:24.129+0000 INFO [o.n.k.i.DiagnosticsManager]   neostore.counts.db.a: 2017-12-01T08:31:24-0800 - 96.00 B
2017-12-01 16:31:24.129+0000 INFO [o.n.k.i.DiagnosticsManager]   neostore.id: 2017-12-01T08:31:24-0800 - 9.00 B
2017-12-01 16:31:24.129+0000 INFO [o.n.k.i.DiagnosticsManager]   neostore.labelscanstore.db: 2017-12-01T08:31:24-0800 - 40.00 kB
2017-12-01 16:31:24.130+0000 INFO [o.n.k.i.DiagnosticsManager]   neostore.labeltokenstore.db: 2017-12-01T08:31:23-0800 - 0.00 B
2017-12-01 16:31:24.130+0000 INFO [o.n.k.i.DiagnosticsManager]   neostore.labeltokenstore.db.id: 2017-12-01T08:31:23-0800 - 9.00 B
2017-12-01 16:31:24.130+0000 INFO [o.n.k.i.DiagnosticsManager]   neostore.labeltokenstore.db.names: 2017-12-01T08:31:23-0800 - 8.00 kB
2017-12-01 16:31:24.130+0000 INFO [o.n.k.i.DiagnosticsManager]   neostore.labeltokenstore.db.names.id: 2017-12-01T08:31:23-0800 - 9.00 B
2017-12-01 16:31:24.130+0000 INFO [o.n.k.i.DiagnosticsManager]   neostore.nodestore.db: 2017-12-01T08:31:23-0800 - 0.00 B
2017-12-01 16:31:24.130+0000 INFO [o.n.k.i.DiagnosticsManager]   neostore.nodestore.db.id: 2017-12-01T08:31:23-0800 - 9.00 B
2017-12-01 16:31:24.130+0000 INFO [o.n.k.i.DiagnosticsManager]   neostore.nodestore.db.labels: 2017-12-01T08:31:23-0800 - 8.00 kB
2017-12-01 16:31:24.131+0000 INFO [o.n.k.i.DiagnosticsManager]   neostore.nodestore.db.labels.id: 2017-12-01T08:31:23-0800 - 9.00 B
2017-12-01 16:31:24.131+0000 INFO [o.n.k.i.DiagnosticsManager]   neostore.propertystore.db: 2017-12-01T08:31:23-0800 - 0.00 B
2017-12-01 16:31:24.131+0000 INFO [o.n.k.i.DiagnosticsManager]   neostore.propertystore.db.arrays: 2017-12-01T08:31:23-0800 - 8.00 kB
2017-12-01 16:31:24.131+0000 INFO [o.n.k.i.DiagnosticsManager]   neostore.propertystore.db.arrays.id: 2017-12-01T08:31:23-0800 - 9.00 B
2017-12-01 16:31:24.131+0000 INFO [o.n.k.i.DiagnosticsManager]   neostore.propertystore.db.id: 2017-12-01T08:31:23-0800 - 9.00 B
2017-12-01 16:31:24.131+0000 INFO [o.n.k.i.DiagnosticsManager]   neostore.propertystore.db.index: 2017-12-01T08:31:23-0800 - 0.00 B
2017-12-01 16:31:24.131+0000 INFO [o.n.k.i.DiagnosticsManager]   neostore.propertystore.db.index.id: 2017-12-01T08:31:23-0800 - 9.00 B
2017-12-01 16:31:24.132+0000 INFO [o.n.k.i.DiagnosticsManager]   neostore.propertystore.db.index.keys: 2017-12-01T08:31:23-0800 - 8.00 kB
2017-12-01 16:31:24.132+0000 INFO [o.n.k.i.DiagnosticsManager]   neostore.propertystore.db.index.keys.id: 2017-12-01T08:31:23-0800 - 9.00 B
2017-12-01 16:31:24.132+0000 INFO [o.n.k.i.DiagnosticsManager]   neostore.propertystore.db.strings: 2017-12-01T08:31:23-0800 - 8.00 kB
2017-12-01 16:31:24.132+0000 INFO [o.n.k.i.DiagnosticsManager]   neostore.propertystore.db.strings.id: 2017-12-01T08:31:23-0800 - 9.00 B
2017-12-01 16:31:24.132+0000 INFO [o.n.k.i.DiagnosticsManager]   neostore.relationshipgroupstore.db: 2017-12-01T08:31:23-0800 - 8.00 kB
2017-12-01 16:31:24.132+0000 INFO [o.n.k.i.DiagnosticsManager]   neostore.relationshipgroupstore.db.id: 2017-12-01T08:31:24-0800 - 9.00 B
2017-12-01 16:31:24.132+0000 INFO [o.n.k.i.DiagnosticsManager]   neostore.relationshipstore.db: 2017-12-01T08:31:23-0800 - 0.00 B
2017-12-01 16:31:24.133+0000 INFO [o.n.k.i.DiagnosticsManager]   neostore.relationshipstore.db.id: 2017-12-01T08:31:23-0800 - 9.00 B
2017-12-01 16:31:24.133+0000 INFO [o.n.k.i.DiagnosticsManager]   neostore.relationshiptypestore.db: 2017-12-01T08:31:23-0800 - 0.00 B
2017-12-01 16:31:24.133+0000 INFO [o.n.k.i.DiagnosticsManager]   neostore.relationshiptypestore.db.id: 2017-12-01T08:31:23-0800 - 9.00 B
2017-12-01 16:31:24.133+0000 INFO [o.n.k.i.DiagnosticsManager]   neostore.relationshiptypestore.db.names: 2017-12-01T08:31:23-0800 - 8.00 kB
2017-12-01 16:31:24.133+0000 INFO [o.n.k.i.DiagnosticsManager]   neostore.relationshiptypestore.db.names.id: 2017-12-01T08:31:23-0800 - 9.00 B
2017-12-01 16:31:24.133+0000 INFO [o.n.k.i.DiagnosticsManager]   neostore.schemastore.db: 2017-12-01T08:31:23-0800 - 8.00 kB
2017-12-01 16:31:24.133+0000 INFO [o.n.k.i.DiagnosticsManager]   neostore.schemastore.db.id: 2017-12-01T08:31:23-0800 - 9.00 B
2017-12-01 16:31:24.134+0000 INFO [o.n.k.i.DiagnosticsManager]   neostore.transaction.db.0: 2017-12-01T08:31:24-0800 - 16.00 B
2017-12-01 16:31:24.134+0000 INFO [o.n.k.i.DiagnosticsManager]   store_lock: 2017-12-01T08:31:23-0800 - 0.00 B
2017-12-01 16:31:24.134+0000 INFO [o.n.k.i.DiagnosticsManager] --- STARTED diagnostics for KernelDiagnostics:StoreFiles END ---
2017-12-01 16:31:36.864+0000 ERROR [o.n.k.i.u.w.DefaultFileDeletionEventListener] 'Schema' which belongs to the store was deleted while database was running.
2017-12-01 16:31:38.059+0000 ERROR [o.n.k.i.u.w.DefaultFileDeletionEventListener] 'Modifier' which belongs to the store was deleted while database was running.
2017-12-01 16:32:13.835+0000 ERROR [o.n.k.i.u.w.DefaultFileDeletionEventListener] 'KnowledgeAuthor' which belongs to the store was deleted while database was running.
