2017-12-01 16:32:13.848+0000 WARN [o.n.i.p.PageCache] The dbms.memory.pagecache.size setting has not been configured. It is recommended that this setting is always explicitly configured, to ensure the system has a balanced configuration. Until then, a computed heuristic value of 13329657856 bytes will be used instead. 
2017-12-01 16:32:14.007+0000 INFO [o.n.k.i.f.CommunityEditionModule] No locking implementation specified, defaulting to 'community'
2017-12-01 16:32:14.013+0000 INFO [o.n.k.AvailabilityGuard] Requirement makes database unavailable: Database available
2017-12-01 16:32:14.013+0000 INFO [o.n.k.i.DiagnosticsManager] --- INITIALIZED diagnostics START ---
2017-12-01 16:32:14.013+0000 INFO [o.n.k.i.DiagnosticsManager] Neo4j Kernel properties:
2017-12-01 16:32:14.013+0000 INFO [o.n.k.i.DiagnosticsManager] unsupported.dbms.edition=community
2017-12-01 16:32:14.013+0000 INFO [o.n.k.i.DiagnosticsManager] unsupported.dbms.directories.neo4j_home=G:\SeaCore\Blulab\resource\db\KnowledgeAuthor
2017-12-01 16:32:14.013+0000 INFO [o.n.k.i.DiagnosticsManager] unsupported.dbms.ephemeral=false
2017-12-01 16:32:14.013+0000 INFO [o.n.k.i.DiagnosticsManager] Diagnostics providers:
2017-12-01 16:32:14.013+0000 INFO [o.n.k.i.DiagnosticsManager] org.neo4j.kernel.configuration.Config
2017-12-01 16:32:14.013+0000 INFO [o.n.k.i.DiagnosticsManager] org.neo4j.kernel.info.DiagnosticsManager
2017-12-01 16:32:14.013+0000 INFO [o.n.k.i.DiagnosticsManager] SYSTEM_MEMORY
2017-12-01 16:32:14.013+0000 INFO [o.n.k.i.DiagnosticsManager] JAVA_MEMORY
2017-12-01 16:32:14.013+0000 INFO [o.n.k.i.DiagnosticsManager] OPERATING_SYSTEM
2017-12-01 16:32:14.013+0000 INFO [o.n.k.i.DiagnosticsManager] JAVA_VIRTUAL_MACHINE
2017-12-01 16:32:14.013+0000 INFO [o.n.k.i.DiagnosticsManager] CLASSPATH
2017-12-01 16:32:14.013+0000 INFO [o.n.k.i.DiagnosticsManager] LIBRARY_PATH
2017-12-01 16:32:14.013+0000 INFO [o.n.k.i.DiagnosticsManager] SYSTEM_PROPERTIES
2017-12-01 16:32:14.013+0000 INFO [o.n.k.i.DiagnosticsManager] NETWORK
2017-12-01 16:32:14.013+0000 INFO [o.n.k.i.DiagnosticsManager] System memory information:
2017-12-01 16:32:14.013+0000 INFO [o.n.k.i.DiagnosticsManager] Total Physical memory: 31.92 GB
2017-12-01 16:32:14.013+0000 INFO [o.n.k.i.DiagnosticsManager] Free Physical memory: 12.02 GB
2017-12-01 16:32:14.013+0000 INFO [o.n.k.i.DiagnosticsManager] Committed virtual memory: 2.05 GB
2017-12-01 16:32:14.013+0000 INFO [o.n.k.i.DiagnosticsManager] Total swap space: 45.74 GB
2017-12-01 16:32:14.013+0000 INFO [o.n.k.i.DiagnosticsManager] Free swap space: 7.25 GB
2017-12-01 16:32:14.013+0000 INFO [o.n.k.i.DiagnosticsManager] JVM memory information:
2017-12-01 16:32:14.013+0000 INFO [o.n.k.i.DiagnosticsManager] Free  memory: 670.18 MB
2017-12-01 16:32:14.013+0000 INFO [o.n.k.i.DiagnosticsManager] Total memory: 1.19 GB
2017-12-01 16:32:14.013+0000 INFO [o.n.k.i.DiagnosticsManager] Max   memory: 7.10 GB
2017-12-01 16:32:14.013+0000 INFO [o.n.k.i.DiagnosticsManager] Garbage Collector: PS Scavenge: [PS Eden Space, PS Survivor Space]
2017-12-01 16:32:14.013+0000 INFO [o.n.k.i.DiagnosticsManager] Garbage Collector: PS MarkSweep: [PS Eden Space, PS Survivor Space, PS Old Gen]
2017-12-01 16:32:14.013+0000 INFO [o.n.k.i.DiagnosticsManager] Memory Pool: Code Cache (Non-heap memory): committed=32.81 MB, used=32.58 MB, max=240.00 MB, threshold=0.00 B
2017-12-01 16:32:14.013+0000 INFO [o.n.k.i.DiagnosticsManager] Memory Pool: Metaspace (Non-heap memory): committed=53.38 MB, used=52.10 MB, max=-1.00 B, threshold=0.00 B
2017-12-01 16:32:14.013+0000 INFO [o.n.k.i.DiagnosticsManager] Memory Pool: Compressed Class Space (Non-heap memory): committed=8.63 MB, used=8.38 MB, max=1.00 GB, threshold=0.00 B
2017-12-01 16:32:14.013+0000 INFO [o.n.k.i.DiagnosticsManager] Memory Pool: PS Eden Space (Heap memory): committed=381.50 MB, used=59.45 MB, max=2.15 GB, threshold=?
2017-12-01 16:32:14.013+0000 INFO [o.n.k.i.DiagnosticsManager] Memory Pool: PS Survivor Space (Heap memory): committed=251.50 MB, used=191.81 MB, max=251.50 MB, threshold=?
2017-12-01 16:32:14.013+0000 INFO [o.n.k.i.DiagnosticsManager] Memory Pool: PS Old Gen (Heap memory): committed=590.50 MB, used=302.06 MB, max=5.32 GB, threshold=0.00 B
2017-12-01 16:32:14.013+0000 INFO [o.n.k.i.DiagnosticsManager] Operating system information:
2017-12-01 16:32:14.013+0000 INFO [o.n.k.i.DiagnosticsManager] Operating System: Windows 8.1; version: 6.3; arch: amd64; cpus: 20
2017-12-01 16:32:14.014+0000 INFO [o.n.k.i.DiagnosticsManager] Process id: 3836@ANDREYPC
2017-12-01 16:32:14.014+0000 INFO [o.n.k.i.DiagnosticsManager] Byte order: LITTLE_ENDIAN
2017-12-01 16:32:14.014+0000 INFO [o.n.k.i.DiagnosticsManager] Local timezone: America/Los_Angeles
2017-12-01 16:32:14.014+0000 INFO [o.n.k.i.DiagnosticsManager] JVM information:
2017-12-01 16:32:14.014+0000 INFO [o.n.k.i.DiagnosticsManager] VM Name: Java HotSpot(TM) 64-Bit Server VM
2017-12-01 16:32:14.014+0000 INFO [o.n.k.i.DiagnosticsManager] VM Vendor: Oracle Corporation
2017-12-01 16:32:14.014+0000 INFO [o.n.k.i.DiagnosticsManager] VM Version: 25.45-b02
2017-12-01 16:32:14.014+0000 INFO [o.n.k.i.DiagnosticsManager] JIT compiler: HotSpot 64-Bit Tiered Compilers
2017-12-01 16:32:14.014+0000 INFO [o.n.k.i.DiagnosticsManager] VM Arguments: [-javaagent:C:\Program Files\JetBrains\IntelliJ IDEA 2017.2.5\lib\idea_rt.jar=57140:C:\Program Files\JetBrains\IntelliJ IDEA 2017.2.5\bin, -Dfile.encoding=UTF-8]
2017-12-01 16:32:14.014+0000 INFO [o.n.k.i.DiagnosticsManager] Java classpath:
2017-12-01 16:32:14.059+0000 INFO [o.n.k.i.DiagnosticsManager]  [classpath + loader.0] file:/C:/Users/asantros/.m2/repository/org/neo4j/neo4j-cypher-ir-3.2/3.2.2/neo4j-cypher-ir-3.2-3.2.2.jar
2017-12-01 16:32:14.059+0000 INFO [o.n.k.i.DiagnosticsManager]  [classpath + loader.0] file:/C:/Users/asantros/.m2/repository/org/apache/felix/org.osgi.core/1.4.0/org.osgi.core-1.4.0.jar
2017-12-01 16:32:14.059+0000 INFO [o.n.k.i.DiagnosticsManager]  [classpath + loader.0] file:/C:/Users/asantros/.m2/repository/edu/stanford/nlp/stanford-corenlp/3.6.0/stanford-corenlp-3.6.0.jar
2017-12-01 16:32:14.059+0000 INFO [o.n.k.i.DiagnosticsManager]  [classpath + loader.0] file:/C:/Users/asantros/.m2/repository/org/apache/lucene/lucene-core/5.5.0/lucene-core-5.5.0.jar
2017-12-01 16:32:14.059+0000 INFO [o.n.k.i.DiagnosticsManager]  [classpath + loader.0] file:/C:/Users/asantros/.m2/repository/org/apache/directory/studio/org.apache.commons.io/2.4/org.apache.commons.io-2.4.jar
2017-12-01 16:32:14.059+0000 INFO [o.n.k.i.DiagnosticsManager]  [classpath + loader.0] file:/G:/SeaCore/jdk1.8.0_45_x64/jre/lib/jfxswt.jar
2017-12-01 16:32:14.059+0000 INFO [o.n.k.i.DiagnosticsManager]  [classpath + loader.0] file:/C:/Users/asantros/.m2/repository/edu/utah/blulab/domainontology/3.0-SNAPSHOT/domainontology-3.0-20170118.183531-1.jar
2017-12-01 16:32:14.059+0000 INFO [o.n.k.i.DiagnosticsManager]  [classpath + loader.0] file:/C:/Users/asantros/.m2/repository/org/slf4j/slf4j-log4j12/1.7.5/slf4j-log4j12-1.7.5.jar
2017-12-01 16:32:14.059+0000 INFO [o.n.k.i.DiagnosticsManager]  [classpath + loader.0] file:/C:/Users/asantros/.m2/repository/org/neo4j/neo4j-codegen/3.2.2/neo4j-codegen-3.2.2.jar
2017-12-01 16:32:14.059+0000 INFO [o.n.k.i.DiagnosticsManager]  [classpath + loader.0] file:/C:/Users/asantros/.m2/repository/org/ow2/asm/asm/5.2/asm-5.2.jar
2017-12-01 16:32:14.059+0000 INFO [o.n.k.i.DiagnosticsManager]  [classpath + loader.0] file:/C:/Users/asantros/.m2/repository/org/neo4j/neo4j-cypher-frontend-2.3/2.3.11/neo4j-cypher-frontend-2.3-2.3.11.jar
2017-12-01 16:32:14.059+0000 INFO [o.n.k.i.DiagnosticsManager]  [classpath + loader.0] file:/C:/Users/asantros/.m2/repository/log4j/log4j/1.2.17/log4j-1.2.17.jar
2017-12-01 16:32:14.059+0000 INFO [o.n.k.i.DiagnosticsManager]  [classpath + loader.0] file:/C:/Users/asantros/.m2/repository/org/neo4j/neo4j-graph-matching/3.1.3/neo4j-graph-matching-3.1.3.jar
2017-12-01 16:32:14.059+0000 INFO [o.n.k.i.DiagnosticsManager]  [classpath + loader.0] file:/C:/Users/asantros/.m2/repository/org/neo4j/neo4j-ssl/3.2.2/neo4j-ssl-3.2.2.jar
2017-12-01 16:32:14.059+0000 INFO [o.n.k.i.DiagnosticsManager]  [bootstrap + classpath + loader.0] file:/G:/SeaCore/jdk1.8.0_45_x64/jre/lib/jsse.jar
2017-12-01 16:32:14.059+0000 INFO [o.n.k.i.DiagnosticsManager]  [classpath + loader.0] file:/C:/Users/asantros/.m2/repository/org/neo4j/neo4j-command-line/3.2.2/neo4j-command-line-3.2.2.jar
2017-12-01 16:32:14.059+0000 INFO [o.n.k.i.DiagnosticsManager]  [classpath + loader.0] file:/C:/Users/asantros/.m2/repository/org/neo4j/neo4j-graph-algo/3.2.2/neo4j-graph-algo-3.2.2.jar
2017-12-01 16:32:14.059+0000 INFO [o.n.k.i.DiagnosticsManager]  [classpath + loader.0] file:/C:/Users/asantros/.m2/repository/org/neo4j/neo4j-collections/3.2.2/neo4j-collections-3.2.2.jar
2017-12-01 16:32:14.059+0000 INFO [o.n.k.i.DiagnosticsManager]  [classpath + loader.0] file:/C:/Users/asantros/.m2/repository/org/neo4j/neo4j-consistency-check/3.2.2/neo4j-consistency-check-3.2.2.jar
2017-12-01 16:32:14.059+0000 INFO [o.n.k.i.DiagnosticsManager]  [classpath + loader.0] file:/C:/Users/asantros/.m2/repository/javax/json/javax.json-api/1.0/javax.json-api-1.0.jar
2017-12-01 16:32:14.059+0000 INFO [o.n.k.i.DiagnosticsManager]  [loader.1] file:/G:/SeaCore/jdk1.8.0_45_x64/jre/lib/ext/sunpkcs11.jar
2017-12-01 16:32:14.059+0000 INFO [o.n.k.i.DiagnosticsManager]  [classpath + loader.0] file:/C:/Users/asantros/.m2/repository/io/netty/netty-all/4.1.8.Final/netty-all-4.1.8.Final.jar
2017-12-01 16:32:14.059+0000 INFO [o.n.k.i.DiagnosticsManager]  [classpath + loader.0] file:/C:/Users/asantros/.m2/repository/org/neo4j/neo4j-csv/3.2.2/neo4j-csv-3.2.2.jar
2017-12-01 16:32:14.059+0000 INFO [o.n.k.i.DiagnosticsManager]  [classpath + loader.0] file:/C:/Users/asantros/.m2/repository/org/scala-lang/scala-reflect/2.11.8/scala-reflect-2.11.8.jar
2017-12-01 16:32:14.059+0000 INFO [o.n.k.i.DiagnosticsManager]  [classpath + loader.0] file:/G:/SeaCore/jdk1.8.0_45_x64/jre/lib/plugin.jar
2017-12-01 16:32:14.059+0000 INFO [o.n.k.i.DiagnosticsManager]  [classpath + loader.0] file:/C:/Users/asantros/.m2/repository/net/sourceforge/owlapi/owlapi-impl/3.5.2/owlapi-impl-3.5.2.jar
2017-12-01 16:32:14.059+0000 INFO [o.n.k.i.DiagnosticsManager]  [bootstrap + classpath + loader.0] file:/G:/SeaCore/jdk1.8.0_45_x64/jre/lib/resources.jar
2017-12-01 16:32:14.059+0000 INFO [o.n.k.i.DiagnosticsManager]  [classpath + loader.0] file:/C:/Users/asantros/.m2/repository/org/apache/commons/commons-lang3/3.4/commons-lang3-3.4.jar
2017-12-01 16:32:14.059+0000 INFO [o.n.k.i.DiagnosticsManager]  [loader.1] file:/G:/SeaCore/jdk1.8.0_45_x64/jre/lib/ext/nashorn.jar
2017-12-01 16:32:14.059+0000 INFO [o.n.k.i.DiagnosticsManager]  [classpath + loader.0] file:/C:/Users/asantros/.m2/repository/joda-time/joda-time/2.9/joda-time-2.9.jar
2017-12-01 16:32:14.059+0000 INFO [o.n.k.i.DiagnosticsManager]  [classpath + loader.0] file:/C:/Users/asantros/.m2/repository/org/neo4j/neo4j-index/3.2.2/neo4j-index-3.2.2.jar
2017-12-01 16:32:14.059+0000 INFO [o.n.k.i.DiagnosticsManager]  [classpath + loader.0] file:/G:/SeaCore/jdk1.8.0_45_x64/jre/lib/management-agent.jar
2017-12-01 16:32:14.059+0000 INFO [o.n.k.i.DiagnosticsManager]  [classpath + loader.0] file:/C:/Users/asantros/.m2/repository/org/neo4j/neo4j-graphdb-api/3.2.2/neo4j-graphdb-api-3.2.2.jar
2017-12-01 16:32:14.059+0000 INFO [o.n.k.i.DiagnosticsManager]  [classpath + loader.0] file:/C:/Users/asantros/.m2/repository/com/github/ben-manes/caffeine/caffeine/2.3.3/caffeine-2.3.3.jar
2017-12-01 16:32:14.059+0000 INFO [o.n.k.i.DiagnosticsManager]  [classpath + loader.0] file:/C:/Users/asantros/.m2/repository/org/neo4j/neo4j-lucene-index/3.2.2/neo4j-lucene-index-3.2.2.jar
2017-12-01 16:32:14.059+0000 INFO [o.n.k.i.DiagnosticsManager]  [loader.1] file:/G:/SeaCore/jdk1.8.0_45_x64/jre/lib/ext/jaccess.jar
2017-12-01 16:32:14.059+0000 INFO [o.n.k.i.DiagnosticsManager]  [classpath + loader.0] file:/C:/Users/asantros/.m2/repository/com/googlecode/concurrentlinkedhashmap/concurrentlinkedhashmap-lru/1.4.2/concurrentlinkedhashmap-lru-1.4.2.jar
2017-12-01 16:32:14.059+0000 INFO [o.n.k.i.DiagnosticsManager]  [bootstrap + classpath + loader.0] file:/G:/SeaCore/jdk1.8.0_45_x64/jre/lib/jce.jar
2017-12-01 16:32:14.059+0000 INFO [o.n.k.i.DiagnosticsManager]  [classpath + loader.0] file:/C:/Users/asantros/.m2/repository/org/neo4j/neo4j-jmx/3.2.2/neo4j-jmx-3.2.2.jar
2017-12-01 16:32:14.059+0000 INFO [o.n.k.i.DiagnosticsManager]  [classpath + loader.0] file:/C:/Users/asantros/.m2/repository/org/neo4j/neo4j-io/3.2.2/neo4j-io-3.2.2.jar
2017-12-01 16:32:14.059+0000 INFO [o.n.k.i.DiagnosticsManager]  [classpath + loader.0] file:/C:/Users/asantros/.m2/repository/net/sourceforge/owlapi/owlapi-oboformat/3.5.2/owlapi-oboformat-3.5.2.jar
2017-12-01 16:32:14.059+0000 INFO [o.n.k.i.DiagnosticsManager]  [classpath + loader.0] file:/C:/Users/asantros/.m2/repository/net/sourceforge/owlapi/owlapi-distribution/3.5.2/owlapi-distribution-3.5.2.jar
2017-12-01 16:32:14.059+0000 INFO [o.n.k.i.DiagnosticsManager]  [classpath + loader.0] file:/C:/Users/asantros/.m2/repository/org/apache/lucene/lucene-backward-codecs/5.5.0/lucene-backward-codecs-5.5.0.jar
2017-12-01 16:32:14.059+0000 INFO [o.n.k.i.DiagnosticsManager]  [classpath + loader.0] file:/C:/Users/asantros/.m2/repository/javax/xml/bind/jaxb-api/2.2.7/jaxb-api-2.2.7.jar
2017-12-01 16:32:14.059+0000 INFO [o.n.k.i.DiagnosticsManager]  [loader.1] file:/G:/SeaCore/jdk1.8.0_45_x64/jre/lib/ext/access-bridge-64.jar
2017-12-01 16:32:14.059+0000 INFO [o.n.k.i.DiagnosticsManager]  [classpath + loader.0] file:/C:/Users/asantros/.m2/repository/net/sf/trove4j/trove4j/3.0.3/trove4j-3.0.3.jar
2017-12-01 16:32:14.059+0000 INFO [o.n.k.i.DiagnosticsManager]  [classpath + loader.0] file:/C:/Users/asantros/.m2/repository/org/neo4j/neo4j-cypher-compiler-3.1/3.1.5/neo4j-cypher-compiler-3.1-3.1.5.jar
2017-12-01 16:32:14.059+0000 INFO [o.n.k.i.DiagnosticsManager]  [bootstrap + classpath + loader.0] file:/G:/SeaCore/jdk1.8.0_45_x64/jre/lib/jfr.jar
2017-12-01 16:32:14.059+0000 INFO [o.n.k.i.DiagnosticsManager]  [loader.1] file:/G:/SeaCore/jdk1.8.0_45_x64/jre/lib/ext/localedata.jar
2017-12-01 16:32:14.059+0000 INFO [o.n.k.i.DiagnosticsManager]  [classpath + loader.0] file:/C:/Users/asantros/.m2/repository/org/slf4j/slf4j-api/1.7.5/slf4j-api-1.7.5.jar
2017-12-01 16:32:14.059+0000 INFO [o.n.k.i.DiagnosticsManager]  [bootstrap] G:\SeaCore\jdk1.8.0_45_x64\jre\classes
2017-12-01 16:32:14.059+0000 INFO [o.n.k.i.DiagnosticsManager]  [loader.1] file:/G:/SeaCore/jdk1.8.0_45_x64/jre/lib/ext/zipfs.jar
2017-12-01 16:32:14.059+0000 INFO [o.n.k.i.DiagnosticsManager]  [classpath + loader.0] file:/C:/Users/asantros/.m2/repository/commons-io/commons-io/2.4/commons-io-2.4.jar
2017-12-01 16:32:14.059+0000 INFO [o.n.k.i.DiagnosticsManager]  [loader.1] file:/G:/SeaCore/jdk1.8.0_45_x64/jre/lib/ext/sunmscapi.jar
2017-12-01 16:32:14.059+0000 INFO [o.n.k.i.DiagnosticsManager]  [classpath + loader.0] file:/C:/Users/asantros/.m2/repository/org/parboiled/parboiled-scala_2.11/1.1.7/parboiled-scala_2.11-1.1.7.jar
2017-12-01 16:32:14.059+0000 INFO [o.n.k.i.DiagnosticsManager]  [classpath + loader.0] file:/C:/Users/asantros/.m2/repository/org/neo4j/neo4j-unsafe/3.2.2/neo4j-unsafe-3.2.2.jar
2017-12-01 16:32:14.059+0000 INFO [o.n.k.i.DiagnosticsManager]  [classpath + loader.0] file:/C:/Users/asantros/.m2/repository/org/neo4j/neo4j-configuration/3.2.2/neo4j-configuration-3.2.2.jar
2017-12-01 16:32:14.059+0000 INFO [o.n.k.i.DiagnosticsManager]  [classpath + loader.0] file:/C:/Users/asantros/.m2/repository/org/apache/lucene/lucene-codecs/5.5.0/lucene-codecs-5.5.0.jar
2017-12-01 16:32:14.059+0000 INFO [o.n.k.i.DiagnosticsManager]  [classpath + loader.0] file:/C:/Users/asantros/.m2/repository/org/scala-lang/scala-library/2.11.8/scala-library-2.11.8.jar
2017-12-01 16:32:14.059+0000 INFO [o.n.k.i.DiagnosticsManager]  [classpath + loader.0] file:/G:/SeaCore/jdk1.8.0_45_x64/jre/lib/javaws.jar
2017-12-01 16:32:14.059+0000 INFO [o.n.k.i.DiagnosticsManager]  [classpath + loader.0] file:/C:/Users/asantros/.m2/repository/org/neo4j/neo4j-cypher/3.2.2/neo4j-cypher-3.2.2.jar
2017-12-01 16:32:14.059+0000 INFO [o.n.k.i.DiagnosticsManager]  [classpath + loader.0] file:/C:/Users/asantros/.m2/repository/org/neo4j/neo4j-cypher-compiler-3.2/3.2.2/neo4j-cypher-compiler-3.2-3.2.2.jar
2017-12-01 16:32:14.059+0000 INFO [o.n.k.i.DiagnosticsManager]  [loader.1] file:/G:/SeaCore/jdk1.8.0_45_x64/jre/lib/ext/sunec.jar
2017-12-01 16:32:14.059+0000 INFO [o.n.k.i.DiagnosticsManager]  [classpath + loader.0] file:/G:/SeaCore/Blulab/target/classes/
2017-12-01 16:32:14.059+0000 INFO [o.n.k.i.DiagnosticsManager]  [classpath + loader.0] file:/C:/Users/asantros/.m2/repository/commons-cli/commons-cli/1.2/commons-cli-1.2.jar
2017-12-01 16:32:14.059+0000 INFO [o.n.k.i.DiagnosticsManager]  [classpath + loader.0] file:/C:/Users/asantros/.m2/repository/org/neo4j/neo4j-cypher-frontend-3.2/3.2.2/neo4j-cypher-frontend-3.2-3.2.2.jar
2017-12-01 16:32:14.059+0000 INFO [o.n.k.i.DiagnosticsManager]  [bootstrap + classpath + loader.0] file:/G:/SeaCore/jdk1.8.0_45_x64/jre/lib/charsets.jar
2017-12-01 16:32:14.059+0000 INFO [o.n.k.i.DiagnosticsManager]  [loader.1] file:/G:/SeaCore/jdk1.8.0_45_x64/jre/lib/ext/dnsns.jar
2017-12-01 16:32:14.059+0000 INFO [o.n.k.i.DiagnosticsManager]  [classpath + loader.0] file:/C:/Users/asantros/.m2/repository/net/sourceforge/owlapi/owlapi-apibinding/3.5.2/owlapi-apibinding-3.5.2.jar
2017-12-01 16:32:14.059+0000 INFO [o.n.k.i.DiagnosticsManager]  [classpath + loader.0] file:/C:/Users/asantros/.m2/repository/org/neo4j/neo4j-udc/3.2.2/neo4j-udc-3.2.2.jar
2017-12-01 16:32:14.059+0000 INFO [o.n.k.i.DiagnosticsManager]  [classpath + loader.0] file:/C:/Users/asantros/.m2/repository/org/neo4j/neo4j-kernel/3.2.2/neo4j-kernel-3.2.2.jar
2017-12-01 16:32:14.059+0000 INFO [o.n.k.i.DiagnosticsManager]  [classpath + loader.0] file:/C:/Users/asantros/.m2/repository/org/neo4j/neo4j-cypher-frontend-3.1/3.1.5/neo4j-cypher-frontend-3.1-3.1.5.jar
2017-12-01 16:32:14.059+0000 INFO [o.n.k.i.DiagnosticsManager]  [classpath + loader.0] file:/C:/Users/asantros/.m2/repository/org/bouncycastle/bcpkix-jdk15on/1.53/bcpkix-jdk15on-1.53.jar
2017-12-01 16:32:14.059+0000 INFO [o.n.k.i.DiagnosticsManager]  [bootstrap + classpath + loader.0] file:/G:/SeaCore/jdk1.8.0_45_x64/jre/lib/rt.jar
2017-12-01 16:32:14.059+0000 INFO [o.n.k.i.DiagnosticsManager]  [classpath + loader.0] file:/C:/Users/asantros/.m2/repository/net/sourceforge/owlapi/owlapi-tools/3.5.2/owlapi-tools-3.5.2.jar
2017-12-01 16:32:14.059+0000 INFO [o.n.k.i.DiagnosticsManager]  [classpath + loader.0] file:/C:/Users/asantros/.m2/repository/org/neo4j/neo4j-resource/3.2.2/neo4j-resource-3.2.2.jar
2017-12-01 16:32:14.059+0000 INFO [o.n.k.i.DiagnosticsManager]  [classpath + loader.0] file:/C:/Users/asantros/.m2/repository/org/parboiled/parboiled-core/1.1.7/parboiled-core-1.1.7.jar
2017-12-01 16:32:14.059+0000 INFO [o.n.k.i.DiagnosticsManager]  [classpath] C:\Program Files\JetBrains\IntelliJ IDEA 2017.2.5\lib\idea_rt.jar
2017-12-01 16:32:14.059+0000 INFO [o.n.k.i.DiagnosticsManager]  [classpath + loader.0] file:/C:/Users/asantros/.m2/repository/com/google/guava/guava/18.0/guava-18.0.jar
2017-12-01 16:32:14.059+0000 INFO [o.n.k.i.DiagnosticsManager]  [classpath + loader.0] file:/C:/Users/asantros/.m2/repository/net/sourceforge/owlapi/owlapi-api/3.5.2/owlapi-api-3.5.2.jar
2017-12-01 16:32:14.059+0000 INFO [o.n.k.i.DiagnosticsManager]  [classpath + loader.0] file:/C:/Users/asantros/.m2/repository/com/io7m/xom/xom/1.2.10/xom-1.2.10.jar
2017-12-01 16:32:14.059+0000 INFO [o.n.k.i.DiagnosticsManager]  [classpath + loader.0] file:/C:/Users/asantros/.m2/repository/org/neo4j/neo4j/3.2.2/neo4j-3.2.2.jar
2017-12-01 16:32:14.059+0000 INFO [o.n.k.i.DiagnosticsManager]  [bootstrap] G:\SeaCore\jdk1.8.0_45_x64\jre\lib\sunrsasign.jar
2017-12-01 16:32:14.059+0000 INFO [o.n.k.i.DiagnosticsManager]  [loader.0] file:/C:/Program%20Files/JetBrains/IntelliJ%20IDEA%202017.2.5/lib/idea_rt.jar
2017-12-01 16:32:14.059+0000 INFO [o.n.k.i.DiagnosticsManager]  [classpath + loader.0] file:/C:/Users/asantros/.m2/repository/net/sourceforge/owlapi/owlapi-parsers/3.5.2/owlapi-parsers-3.5.2.jar
2017-12-01 16:32:14.059+0000 INFO [o.n.k.i.DiagnosticsManager]  [classpath + loader.0] file:/C:/Users/asantros/.m2/repository/org/neo4j/neo4j-dbms/3.2.2/neo4j-dbms-3.2.2.jar
2017-12-01 16:32:14.059+0000 INFO [o.n.k.i.DiagnosticsManager]  [classpath + loader.0] file:/C:/Users/asantros/.m2/repository/org/neo4j/neo4j-primitive-collections/3.2.2/neo4j-primitive-collections-3.2.2.jar
2017-12-01 16:32:14.059+0000 INFO [o.n.k.i.DiagnosticsManager]  [classpath + loader.0] file:/C:/Users/asantros/.m2/repository/xerces/xercesImpl/2.8.0/xercesImpl-2.8.0.jar
2017-12-01 16:32:14.059+0000 INFO [o.n.k.i.DiagnosticsManager]  [classpath + loader.0] file:/C:/Users/asantros/.m2/repository/org/apache/commons/commons-compress/1.12/commons-compress-1.12.jar
2017-12-01 16:32:14.059+0000 INFO [o.n.k.i.DiagnosticsManager]  [classpath + loader.0] file:/C:/Users/asantros/.m2/repository/org/neo4j/neo4j-logging/3.2.2/neo4j-logging-3.2.2.jar
2017-12-01 16:32:14.059+0000 INFO [o.n.k.i.DiagnosticsManager]  [classpath + loader.0] file:/C:/Users/asantros/.m2/repository/org/apache/lucene/lucene-queryparser/5.5.0/lucene-queryparser-5.5.0.jar
2017-12-01 16:32:14.059+0000 INFO [o.n.k.i.DiagnosticsManager]  [classpath + loader.0] file:/C:/Users/asantros/.m2/repository/org/jdom/jdom/1.1/jdom-1.1.jar
2017-12-01 16:32:14.059+0000 INFO [o.n.k.i.DiagnosticsManager]  [loader.1] file:/G:/SeaCore/jdk1.8.0_45_x64/jre/lib/ext/sunjce_provider.jar
2017-12-01 16:32:14.059+0000 INFO [o.n.k.i.DiagnosticsManager]  [classpath + loader.0] file:/G:/SeaCore/jdk1.8.0_45_x64/jre/lib/deploy.jar
2017-12-01 16:32:14.059+0000 INFO [o.n.k.i.DiagnosticsManager]  [classpath + loader.0] file:/C:/Users/asantros/.m2/repository/com/googlecode/efficient-java-matrix-library/ejml/0.23/ejml-0.23.jar
2017-12-01 16:32:14.059+0000 INFO [o.n.k.i.DiagnosticsManager]  [classpath + loader.0] file:/C:/Users/asantros/.m2/repository/org/neo4j/neo4j-common/3.2.2/neo4j-common-3.2.2.jar
2017-12-01 16:32:14.059+0000 INFO [o.n.k.i.DiagnosticsManager]  [loader.1] file:/G:/SeaCore/jdk1.8.0_45_x64/jre/lib/ext/jfxrt.jar
2017-12-01 16:32:14.059+0000 INFO [o.n.k.i.DiagnosticsManager]  [classpath + loader.0] file:/C:/Users/asantros/.m2/repository/org/neo4j/neo4j-lucene-upgrade/3.2.2/neo4j-lucene-upgrade-3.2.2.jar
2017-12-01 16:32:14.059+0000 INFO [o.n.k.i.DiagnosticsManager]  [classpath + loader.0] file:/C:/Users/asantros/.m2/repository/xalan/xalan/2.7.0/xalan-2.7.0.jar
2017-12-01 16:32:14.059+0000 INFO [o.n.k.i.DiagnosticsManager]  [classpath + loader.0] file:/C:/Users/asantros/.m2/repository/org/neo4j/neo4j-cypher-compiler-2.3/2.3.11/neo4j-cypher-compiler-2.3-2.3.11.jar
2017-12-01 16:32:14.059+0000 INFO [o.n.k.i.DiagnosticsManager]  [classpath + loader.0] file:/C:/Users/asantros/.m2/repository/xml-apis/xml-apis/1.3.03/xml-apis-1.3.03.jar
2017-12-01 16:32:14.059+0000 INFO [o.n.k.i.DiagnosticsManager]  [classpath + loader.0] file:/C:/Users/asantros/.m2/repository/de/jollyday/jollyday/0.4.7/jollyday-0.4.7.jar
2017-12-01 16:32:14.059+0000 INFO [o.n.k.i.DiagnosticsManager]  [loader.1] file:/G:/SeaCore/jdk1.8.0_45_x64/jre/lib/ext/cldrdata.jar
2017-12-01 16:32:14.059+0000 INFO [o.n.k.i.DiagnosticsManager]  [classpath + loader.0] file:/C:/Users/asantros/.m2/repository/net/sf/opencsv/opencsv/2.3/opencsv-2.3.jar
2017-12-01 16:32:14.059+0000 INFO [o.n.k.i.DiagnosticsManager]  [classpath + loader.0] file:/C:/Users/asantros/.m2/repository/org/neo4j/neo4j-import-tool/3.2.2/neo4j-import-tool-3.2.2.jar
2017-12-01 16:32:14.059+0000 INFO [o.n.k.i.DiagnosticsManager]  [classpath + loader.0] file:/C:/Users/asantros/.m2/repository/org/apache/lucene/lucene-analyzers-common/5.5.0/lucene-analyzers-common-5.5.0.jar
2017-12-01 16:32:14.059+0000 INFO [o.n.k.i.DiagnosticsManager]  [classpath + loader.0] file:/C:/Users/asantros/.m2/repository/org/bouncycastle/bcprov-jdk15on/1.53/bcprov-jdk15on-1.53.jar
2017-12-01 16:32:14.059+0000 INFO [o.n.k.i.DiagnosticsManager] Library path:
2017-12-01 16:32:14.059+0000 INFO [o.n.k.i.DiagnosticsManager] G:\SeaCore\jdk1.8.0_45_x64\bin
2017-12-01 16:32:14.060+0000 INFO [o.n.k.i.DiagnosticsManager] C:\Windows\Sun\Java\bin
2017-12-01 16:32:14.060+0000 INFO [o.n.k.i.DiagnosticsManager] C:\Windows\System32
2017-12-01 16:32:14.060+0000 INFO [o.n.k.i.DiagnosticsManager] C:\Windows
2017-12-01 16:32:14.060+0000 INFO [o.n.k.i.DiagnosticsManager] C:\Program Files (x86)\DNASTAR\ArrayStar 13
2017-12-01 16:32:14.061+0000 INFO [o.n.k.i.DiagnosticsManager] C:\Program Files (x86)\DNASTAR\SeqMan NGen 13
2017-12-01 16:32:14.061+0000 INFO [o.n.k.i.DiagnosticsManager] C:\Program Files (x86)\DNASTAR\Lasergene 13\SeqNinjaCL
2017-12-01 16:32:14.061+0000 INFO [o.n.k.i.DiagnosticsManager] C:\Program Files (x86)\DNASTAR\ArrayStar 14
2017-12-01 16:32:14.061+0000 INFO [o.n.k.i.DiagnosticsManager] C:\Program Files (x86)\DNASTAR\SeqMan NGen 14
2017-12-01 16:32:14.062+0000 INFO [o.n.k.i.DiagnosticsManager] C:\Program Files (x86)\DNASTAR\Lasergene 14\SeqNinjaCL
2017-12-01 16:32:14.062+0000 INFO [o.n.k.i.DiagnosticsManager] C:\Windows\System32
2017-12-01 16:32:14.062+0000 INFO [o.n.k.i.DiagnosticsManager] C:\Windows
2017-12-01 16:32:14.062+0000 INFO [o.n.k.i.DiagnosticsManager] C:\Windows\System32\wbem
2017-12-01 16:32:14.062+0000 INFO [o.n.k.i.DiagnosticsManager] C:\Windows\System32\WindowsPowerShell\v1.0
2017-12-01 16:32:14.062+0000 INFO [o.n.k.i.DiagnosticsManager] G:\SeaCore\svn
2017-12-01 16:32:14.063+0000 INFO [o.n.k.i.DiagnosticsManager] G:\SeaCore\ant\bin
2017-12-01 16:32:14.063+0000 INFO [o.n.k.i.DiagnosticsManager] G:\SeaCore\jdk1.7.0_07_x64\bin
2017-12-01 16:32:14.063+0000 INFO [o.n.k.i.DiagnosticsManager] G:\SeaCore\mysql\bin
2017-12-01 16:32:14.063+0000 INFO [o.n.k.i.DiagnosticsManager] G:\SeaCore\maven\bin
2017-12-01 16:32:14.063+0000 INFO [o.n.k.i.DiagnosticsManager] C:\Users\asantros\.dnx\bin
2017-12-01 16:32:14.063+0000 INFO [o.n.k.i.DiagnosticsManager] C:\Program Files\Microsoft DNX\Dnvm
2017-12-01 16:32:14.064+0000 INFO [o.n.k.i.DiagnosticsManager] C:\Program Files\Microsoft SQL Server\130\Tools\Binn
2017-12-01 16:32:14.064+0000 INFO [o.n.k.i.DiagnosticsManager] C:\Program Files (x86)\Windows Kits\10\Windows Performance Toolkit
2017-12-01 16:32:14.064+0000 INFO [o.n.k.i.DiagnosticsManager] C:\Program Files (x86)\nodejs
2017-12-01 16:32:14.065+0000 INFO [o.n.k.i.DiagnosticsManager] C:\Program Files\Git\cmd
2017-12-01 16:32:14.065+0000 INFO [o.n.k.i.DiagnosticsManager] C:\Program Files\Git\mingw64\bin
2017-12-01 16:32:14.065+0000 INFO [o.n.k.i.DiagnosticsManager] C:\Program Files\Git\usr\bin
2017-12-01 16:32:14.066+0000 INFO [o.n.k.i.DiagnosticsManager] C:\Program Files\TortoiseSVN\bin
2017-12-01 16:32:14.066+0000 INFO [o.n.k.i.DiagnosticsManager] C:\Users\asantros\AppData\Roaming\npm
2017-12-01 16:32:14.066+0000 INFO [o.n.k.i.DiagnosticsManager] G:\SeaCore\Blulab
2017-12-01 16:32:14.066+0000 INFO [o.n.k.i.DiagnosticsManager] System.properties:
2017-12-01 16:32:14.066+0000 INFO [o.n.k.i.DiagnosticsManager] sun.boot.library.path = G:\SeaCore\jdk1.8.0_45_x64\jre\bin
2017-12-01 16:32:14.066+0000 INFO [o.n.k.i.DiagnosticsManager] path.separator = ;
2017-12-01 16:32:14.066+0000 INFO [o.n.k.i.DiagnosticsManager] file.encoding.pkg = sun.io
2017-12-01 16:32:14.066+0000 INFO [o.n.k.i.DiagnosticsManager] user.country = US
2017-12-01 16:32:14.066+0000 INFO [o.n.k.i.DiagnosticsManager] user.script = 
2017-12-01 16:32:14.066+0000 INFO [o.n.k.i.DiagnosticsManager] sun.java.launcher = SUN_STANDARD
2017-12-01 16:32:14.066+0000 INFO [o.n.k.i.DiagnosticsManager] sun.os.patch.level = 
2017-12-01 16:32:14.066+0000 INFO [o.n.k.i.DiagnosticsManager] user.dir = G:\SeaCore\Blulab
2017-12-01 16:32:14.066+0000 INFO [o.n.k.i.DiagnosticsManager] user.variant = 
2017-12-01 16:32:14.066+0000 INFO [o.n.k.i.DiagnosticsManager] sun.jnu.encoding = Cp1252
2017-12-01 16:32:14.066+0000 INFO [o.n.k.i.DiagnosticsManager] sun.management.compiler = HotSpot 64-Bit Tiered Compilers
2017-12-01 16:32:14.066+0000 INFO [o.n.k.i.DiagnosticsManager] user.home = C:\Users\asantros
2017-12-01 16:32:14.066+0000 INFO [o.n.k.i.DiagnosticsManager] user.timezone = America/Los_Angeles
2017-12-01 16:32:14.066+0000 INFO [o.n.k.i.DiagnosticsManager] file.encoding = UTF-8
2017-12-01 16:32:14.066+0000 INFO [o.n.k.i.DiagnosticsManager] user.name = asantros
2017-12-01 16:32:14.066+0000 INFO [o.n.k.i.DiagnosticsManager] entityExpansionLimit = 100000000
2017-12-01 16:32:14.066+0000 INFO [o.n.k.i.DiagnosticsManager] sun.java.command = edu.utah.blulab.marshallers.graph.CreateKADatabase
2017-12-01 16:32:14.066+0000 INFO [o.n.k.i.DiagnosticsManager] sun.arch.data.model = 64
2017-12-01 16:32:14.066+0000 INFO [o.n.k.i.DiagnosticsManager] user.language = en
2017-12-01 16:32:14.066+0000 INFO [o.n.k.i.DiagnosticsManager] awt.toolkit = sun.awt.windows.WToolkit
2017-12-01 16:32:14.066+0000 INFO [o.n.k.i.DiagnosticsManager] file.separator = \
2017-12-01 16:32:14.066+0000 INFO [o.n.k.i.DiagnosticsManager] sun.io.unicode.encoding = UnicodeLittle
2017-12-01 16:32:14.066+0000 INFO [o.n.k.i.DiagnosticsManager] sun.cpu.endian = little
2017-12-01 16:32:14.066+0000 INFO [o.n.k.i.DiagnosticsManager] sun.desktop = windows
2017-12-01 16:32:14.066+0000 INFO [o.n.k.i.DiagnosticsManager] sun.cpu.isalist = amd64
2017-12-01 16:32:14.066+0000 INFO [o.n.k.i.DiagnosticsManager] Network information:
2017-12-01 16:32:14.073+0000 INFO [o.n.k.i.DiagnosticsManager] Interface Software Loopback Interface 1:
2017-12-01 16:32:14.073+0000 INFO [o.n.k.i.DiagnosticsManager]     address: 127.0.0.1
2017-12-01 16:32:14.073+0000 INFO [o.n.k.i.DiagnosticsManager]     address: 0:0:0:0:0:0:0:1
2017-12-01 16:32:14.073+0000 INFO [o.n.k.i.DiagnosticsManager] Interface Microsoft Kernel Debug Network Adapter:
2017-12-01 16:32:14.073+0000 INFO [o.n.k.i.DiagnosticsManager] Interface Microsoft ISATAP Adapter:
2017-12-01 16:32:14.073+0000 INFO [o.n.k.i.DiagnosticsManager]     address: fe80:0:0:0:0:5efe:ac1a:4041%net0
2017-12-01 16:32:14.073+0000 INFO [o.n.k.i.DiagnosticsManager] Interface Intel(R) Ethernet Connection I217-LM:
2017-12-01 16:32:14.073+0000 INFO [o.n.k.i.DiagnosticsManager]     address: 172.26.64.65
2017-12-01 16:32:14.073+0000 INFO [o.n.k.i.DiagnosticsManager]     address: fe80:0:0:0:308f:7272:1edf:521b%eth1
2017-12-01 16:32:14.073+0000 INFO [o.n.k.i.DiagnosticsManager] Interface Intel(R) Ethernet Connection I217-LM-WFP Native MAC Layer LightWeight Filter-0000:
2017-12-01 16:32:14.073+0000 INFO [o.n.k.i.DiagnosticsManager] Interface Intel(R) Ethernet Connection I217-LM-Symantec Endpoint Protection Firewall-0000:
2017-12-01 16:32:14.073+0000 INFO [o.n.k.i.DiagnosticsManager] Interface Intel(R) Ethernet Connection I217-LM-QoS Packet Scheduler-0000:
2017-12-01 16:32:14.073+0000 INFO [o.n.k.i.DiagnosticsManager] Interface Intel(R) Ethernet Connection I217-LM-WFP 802.3 MAC Layer LightWeight Filter-0000:
2017-12-01 16:32:14.073+0000 INFO [o.n.k.i.DiagnosticsManager] Interface Microsoft ISATAP Adapter-Symantec Endpoint Protection Firewall-0000:
2017-12-01 16:32:14.073+0000 INFO [o.n.k.i.DiagnosticsManager] --- INITIALIZED diagnostics END ---
2017-12-01 16:32:14.078+0000 INFO [o.n.k.i.s.f.RecordFormatSelector] Selected format 'RecordFormat:StandardV3_2[v0.A.8]' for the new store
2017-12-01 16:32:14.407+0000 INFO [o.n.k.i.a.i.IndexingService] IndexingService.init: indexes not specifically mentioned above are null
2017-12-01 16:32:14.407+0000 INFO [o.n.k.i.i.l.NativeLabelScanStore] No scan store found, this might just be first use. Preparing to rebuild.
2017-12-01 16:32:14.416+0000 INFO [o.n.k.NeoStoreDataSource] Opened logical log [G:\SeaCore\Blulab\resource\db\KnowledgeAuthor\neostore.transaction.db.0] version=0, lastTxId=1 (clean)
2017-12-01 16:32:14.417+0000 INFO [o.n.k.NeoStoreDataSource] No commits found after last check point (which is at <no log position given>)
2017-12-01 16:32:14.417+0000 WARN [o.n.k.i.s.MetaDataStore] Missing counts store, rebuilding it.
2017-12-01 16:32:14.490+0000 WARN [o.n.k.i.s.MetaDataStore] Counts store rebuild completed.
2017-12-01 16:32:14.493+0000 INFO [o.n.k.i.a.i.IndexingService] IndexingService.start: indexes not specifically mentioned above are null
2017-12-01 16:32:14.493+0000 INFO [o.n.k.i.i.l.NativeLabelScanStore] Rebuilding scan store, this may take a while
2017-12-01 16:32:14.496+0000 INFO [o.n.k.i.i.l.NativeLabelScanStore] Scan store rebuilt (roughly 0 nodes)
2017-12-01 16:32:14.497+0000 INFO [o.n.k.i.DatabaseHealth] Database health set to OK
2017-12-01 16:32:14.498+0000 INFO [o.n.k.AvailabilityGuard] Fulfilling of requirement makes database available: Database available
2017-12-01 16:32:14.498+0000 INFO [o.n.k.i.f.GraphDatabaseFacadeFactory] Database is now ready
2017-12-01 16:32:14.498+0000 INFO [o.n.k.i.DiagnosticsManager] --- STARTED diagnostics for KernelDiagnostics:Versions START ---
2017-12-01 16:32:14.498+0000 INFO [o.n.k.i.DiagnosticsManager] Graph Database: community single StoreId{creationTime=1512145934392, randomId=5408535001554936938, storeVersion=15813456178476550, upgradeTime=1512145934392, upgradeId=1}
2017-12-01 16:32:14.498+0000 INFO [o.n.k.i.DiagnosticsManager] Kernel version: 3.2.2,8e4ba89683f2a0ce06a5db472eddc1b4e2283513
2017-12-01 16:32:14.498+0000 INFO [o.n.k.i.DiagnosticsManager] --- STARTED diagnostics for KernelDiagnostics:Versions END ---
2017-12-01 16:32:14.498+0000 INFO [o.n.k.i.DiagnosticsManager] --- STARTED diagnostics for NEO_STORE_VERSIONS START ---
2017-12-01 16:32:14.499+0000 INFO [o.n.k.i.DiagnosticsManager] Store versions:
2017-12-01 16:32:14.499+0000 INFO [o.n.k.i.DiagnosticsManager] Store versions:
2017-12-01 16:32:14.499+0000 INFO [o.n.k.i.DiagnosticsManager]   ArrayPropertyStore v0.A.8
2017-12-01 16:32:14.499+0000 INFO [o.n.k.i.DiagnosticsManager]   NodeStore v0.A.8
2017-12-01 16:32:14.499+0000 INFO [o.n.k.i.DiagnosticsManager]   StringPropertyStore v0.A.8
2017-12-01 16:32:14.499+0000 INFO [o.n.k.i.DiagnosticsManager]   PropertyIndexStore v0.A.8
2017-12-01 16:32:14.499+0000 INFO [o.n.k.i.DiagnosticsManager]   StringPropertyStore v0.A.8
2017-12-01 16:32:14.499+0000 INFO [o.n.k.i.DiagnosticsManager]   ArrayPropertyStore v0.A.8
2017-12-01 16:32:14.499+0000 INFO [o.n.k.i.DiagnosticsManager]   PropertyStore v0.A.8
2017-12-01 16:32:14.499+0000 INFO [o.n.k.i.DiagnosticsManager]   RelationshipStore v0.A.8
2017-12-01 16:32:14.499+0000 INFO [o.n.k.i.DiagnosticsManager]   StringPropertyStore v0.A.8
2017-12-01 16:32:14.499+0000 INFO [o.n.k.i.DiagnosticsManager]   RelationshipTypeStore v0.A.8
2017-12-01 16:32:14.499+0000 INFO [o.n.k.i.DiagnosticsManager]   StringPropertyStore v0.A.8
2017-12-01 16:32:14.499+0000 INFO [o.n.k.i.DiagnosticsManager]   LabelTokenStore v0.A.8
2017-12-01 16:32:14.499+0000 INFO [o.n.k.i.DiagnosticsManager]   SchemaStore v0.A.8
2017-12-01 16:32:14.499+0000 INFO [o.n.k.i.DiagnosticsManager]   RelationshipGroupStore v0.A.8
2017-12-01 16:32:14.499+0000 INFO [o.n.k.i.DiagnosticsManager]   NeoStore v0.A.8
2017-12-01 16:32:14.499+0000 INFO [o.n.k.i.DiagnosticsManager] --- STARTED diagnostics for NEO_STORE_VERSIONS END ---
2017-12-01 16:32:14.499+0000 INFO [o.n.k.i.DiagnosticsManager] --- STARTED diagnostics for NEO_STORE_ID_USAGE START ---
2017-12-01 16:32:14.499+0000 INFO [o.n.k.i.DiagnosticsManager] Id usage:
2017-12-01 16:32:14.499+0000 INFO [o.n.k.i.DiagnosticsManager] Id usage:
2017-12-01 16:32:14.499+0000 INFO [o.n.k.i.DiagnosticsManager]   ArrayPropertyStore: used=1 high=0
2017-12-01 16:32:14.499+0000 INFO [o.n.k.i.DiagnosticsManager]   NodeStore: used=0 high=-1
2017-12-01 16:32:14.499+0000 INFO [o.n.k.i.DiagnosticsManager]   StringPropertyStore: used=1 high=0
2017-12-01 16:32:14.499+0000 INFO [o.n.k.i.DiagnosticsManager]   PropertyIndexStore: used=0 high=-1
2017-12-01 16:32:14.499+0000 INFO [o.n.k.i.DiagnosticsManager]   StringPropertyStore: used=1 high=0
2017-12-01 16:32:14.499+0000 INFO [o.n.k.i.DiagnosticsManager]   ArrayPropertyStore: used=1 high=0
2017-12-01 16:32:14.499+0000 INFO [o.n.k.i.DiagnosticsManager]   PropertyStore: used=0 high=-1
2017-12-01 16:32:14.499+0000 INFO [o.n.k.i.DiagnosticsManager]   RelationshipStore: used=0 high=-1
2017-12-01 16:32:14.499+0000 INFO [o.n.k.i.DiagnosticsManager]   StringPropertyStore: used=1 high=0
2017-12-01 16:32:14.500+0000 INFO [o.n.k.i.DiagnosticsManager]   RelationshipTypeStore: used=0 high=-1
2017-12-01 16:32:14.500+0000 INFO [o.n.k.i.DiagnosticsManager]   StringPropertyStore: used=1 high=0
2017-12-01 16:32:14.500+0000 INFO [o.n.k.i.DiagnosticsManager]   LabelTokenStore: used=0 high=-1
2017-12-01 16:32:14.500+0000 INFO [o.n.k.i.DiagnosticsManager]   SchemaStore: used=1 high=0
2017-12-01 16:32:14.500+0000 INFO [o.n.k.i.DiagnosticsManager]   RelationshipGroupStore: used=1 high=0
2017-12-01 16:32:14.500+0000 INFO [o.n.k.i.DiagnosticsManager]   NeoStore: used=15 high=14
2017-12-01 16:32:14.500+0000 INFO [o.n.k.i.DiagnosticsManager] --- STARTED diagnostics for NEO_STORE_ID_USAGE END ---
2017-12-01 16:32:14.500+0000 INFO [o.n.k.i.DiagnosticsManager] --- STARTED diagnostics for NEO_STORE_RECORDS START ---
2017-12-01 16:32:14.500+0000 INFO [o.n.k.i.DiagnosticsManager] Neostore records:
2017-12-01 16:32:14.500+0000 INFO [o.n.k.i.DiagnosticsManager] TIME (Creation time): 1512145934392
2017-12-01 16:32:14.500+0000 INFO [o.n.k.i.DiagnosticsManager] RANDOM_NUMBER (Random number for store id): 5408535001554936938
2017-12-01 16:32:14.500+0000 INFO [o.n.k.i.DiagnosticsManager] LOG_VERSION (Current log version): 0
2017-12-01 16:32:14.500+0000 INFO [o.n.k.i.DiagnosticsManager] LAST_TRANSACTION_ID (Last committed transaction): 1
2017-12-01 16:32:14.500+0000 INFO [o.n.k.i.DiagnosticsManager] STORE_VERSION (Store format version): 15813456178476550
2017-12-01 16:32:14.500+0000 INFO [o.n.k.i.DiagnosticsManager] FIRST_GRAPH_PROPERTY (First property record containing graph properties): -1
2017-12-01 16:32:14.500+0000 INFO [o.n.k.i.DiagnosticsManager] LAST_CONSTRAINT_TRANSACTION (Last committed transaction containing constraint changes): 0
2017-12-01 16:32:14.500+0000 INFO [o.n.k.i.DiagnosticsManager] UPGRADE_TRANSACTION_ID (Transaction id most recent upgrade was performed at): 1
2017-12-01 16:32:14.500+0000 INFO [o.n.k.i.DiagnosticsManager] UPGRADE_TIME (Time of last upgrade): 1512145934392
2017-12-01 16:32:14.500+0000 INFO [o.n.k.i.DiagnosticsManager] LAST_TRANSACTION_CHECKSUM (Checksum of last committed transaction): 0
2017-12-01 16:32:14.500+0000 INFO [o.n.k.i.DiagnosticsManager] UPGRADE_TRANSACTION_CHECKSUM (Checksum of transaction id the most recent upgrade was performed at): 0
2017-12-01 16:32:14.500+0000 INFO [o.n.k.i.DiagnosticsManager] LAST_CLOSED_TRANSACTION_LOG_VERSION (Log version where the last transaction commit entry has been written into): 0
2017-12-01 16:32:14.500+0000 INFO [o.n.k.i.DiagnosticsManager] LAST_CLOSED_TRANSACTION_LOG_BYTE_OFFSET (Byte offset in the log file where the last transaction commit entry has been written into): 16
2017-12-01 16:32:14.500+0000 INFO [o.n.k.i.DiagnosticsManager] LAST_TRANSACTION_COMMIT_TIMESTAMP (Commit time timestamp for last committed transaction): 0
2017-12-01 16:32:14.500+0000 INFO [o.n.k.i.DiagnosticsManager] UPGRADE_TRANSACTION_COMMIT_TIMESTAMP (Commit timestamp of transaction the most recent upgrade was performed at): 0
2017-12-01 16:32:14.500+0000 INFO [o.n.k.i.DiagnosticsManager] --- STARTED diagnostics for NEO_STORE_RECORDS END ---
2017-12-01 16:32:14.500+0000 INFO [o.n.k.i.DiagnosticsManager] --- STARTED diagnostics for TRANSACTION_RANGE START ---
2017-12-01 16:32:14.500+0000 INFO [o.n.k.i.DiagnosticsManager] Transaction log:
2017-12-01 16:32:14.501+0000 INFO [o.n.k.i.DiagnosticsManager] No transactions found in any log
2017-12-01 16:32:14.501+0000 INFO [o.n.k.i.DiagnosticsManager] --- STARTED diagnostics for TRANSACTION_RANGE END ---
2017-12-01 16:32:14.501+0000 INFO [o.n.k.i.DiagnosticsManager] --- STARTED diagnostics for KernelDiagnostics:StoreFiles START ---
2017-12-01 16:32:14.502+0000 INFO [o.n.k.i.DiagnosticsManager] Disk space on partition (Total / Free / Free %): 256058060800 / 99146772480 / 38
Storage files: (filename : modification date - size)
2017-12-01 16:32:14.502+0000 INFO [o.n.k.i.DiagnosticsManager]   index:
2017-12-01 16:32:14.502+0000 INFO [o.n.k.i.DiagnosticsManager]   - Total: 2017-12-01T08:32:14-0800 - 0.00 B
2017-12-01 16:32:14.502+0000 INFO [o.n.k.i.DiagnosticsManager]   logs:
2017-12-01 16:32:14.503+0000 INFO [o.n.k.i.DiagnosticsManager]     debug.log: 2017-12-01T08:32:13-0800 - 39.82 kB
2017-12-01 16:32:14.503+0000 INFO [o.n.k.i.DiagnosticsManager]   - Total: 2017-12-01T08:32:13-0800 - 39.82 kB
2017-12-01 16:32:14.503+0000 INFO [o.n.k.i.DiagnosticsManager]   neostore: 2017-12-01T08:32:14-0800 - 8.00 kB
2017-12-01 16:32:14.503+0000 INFO [o.n.k.i.DiagnosticsManager]   neostore.counts.db.a: 2017-12-01T08:32:14-0800 - 96.00 B
2017-12-01 16:32:14.503+0000 INFO [o.n.k.i.DiagnosticsManager]   neostore.id: 2017-12-01T08:32:14-0800 - 9.00 B
2017-12-01 16:32:14.503+0000 INFO [o.n.k.i.DiagnosticsManager]   neostore.labelscanstore.db: 2017-12-01T08:32:14-0800 - 40.00 kB
2017-12-01 16:32:14.503+0000 INFO [o.n.k.i.DiagnosticsManager]   neostore.labeltokenstore.db: 2017-12-01T08:32:14-0800 - 0.00 B
2017-12-01 16:32:14.503+0000 INFO [o.n.k.i.DiagnosticsManager]   neostore.labeltokenstore.db.id: 2017-12-01T08:32:14-0800 - 9.00 B
2017-12-01 16:32:14.503+0000 INFO [o.n.k.i.DiagnosticsManager]   neostore.labeltokenstore.db.names: 2017-12-01T08:32:14-0800 - 8.00 kB
2017-12-01 16:32:14.504+0000 INFO [o.n.k.i.DiagnosticsManager]   neostore.labeltokenstore.db.names.id: 2017-12-01T08:32:14-0800 - 9.00 B
2017-12-01 16:32:14.504+0000 INFO [o.n.k.i.DiagnosticsManager]   neostore.nodestore.db: 2017-12-01T08:32:14-0800 - 0.00 B
2017-12-01 16:32:14.504+0000 INFO [o.n.k.i.DiagnosticsManager]   neostore.nodestore.db.id: 2017-12-01T08:32:14-0800 - 9.00 B
2017-12-01 16:32:14.504+0000 INFO [o.n.k.i.DiagnosticsManager]   neostore.nodestore.db.labels: 2017-12-01T08:32:14-0800 - 8.00 kB
2017-12-01 16:32:14.504+0000 INFO [o.n.k.i.DiagnosticsManager]   neostore.nodestore.db.labels.id: 2017-12-01T08:32:14-0800 - 9.00 B
2017-12-01 16:32:14.504+0000 INFO [o.n.k.i.DiagnosticsManager]   neostore.propertystore.db: 2017-12-01T08:32:14-0800 - 0.00 B
2017-12-01 16:32:14.504+0000 INFO [o.n.k.i.DiagnosticsManager]   neostore.propertystore.db.arrays: 2017-12-01T08:32:14-0800 - 8.00 kB
2017-12-01 16:32:14.504+0000 INFO [o.n.k.i.DiagnosticsManager]   neostore.propertystore.db.arrays.id: 2017-12-01T08:32:14-0800 - 9.00 B
2017-12-01 16:32:14.504+0000 INFO [o.n.k.i.DiagnosticsManager]   neostore.propertystore.db.id: 2017-12-01T08:32:14-0800 - 9.00 B
2017-12-01 16:32:14.505+0000 INFO [o.n.k.i.DiagnosticsManager]   neostore.propertystore.db.index: 2017-12-01T08:32:14-0800 - 0.00 B
2017-12-01 16:32:14.505+0000 INFO [o.n.k.i.DiagnosticsManager]   neostore.propertystore.db.index.id: 2017-12-01T08:32:14-0800 - 9.00 B
2017-12-01 16:32:14.505+0000 INFO [o.n.k.i.DiagnosticsManager]   neostore.propertystore.db.index.keys: 2017-12-01T08:32:14-0800 - 8.00 kB
2017-12-01 16:32:14.505+0000 INFO [o.n.k.i.DiagnosticsManager]   neostore.propertystore.db.index.keys.id: 2017-12-01T08:32:14-0800 - 9.00 B
2017-12-01 16:32:14.505+0000 INFO [o.n.k.i.DiagnosticsManager]   neostore.propertystore.db.strings: 2017-12-01T08:32:14-0800 - 8.00 kB
2017-12-01 16:32:14.505+0000 INFO [o.n.k.i.DiagnosticsManager]   neostore.propertystore.db.strings.id: 2017-12-01T08:32:14-0800 - 9.00 B
2017-12-01 16:32:14.505+0000 INFO [o.n.k.i.DiagnosticsManager]   neostore.relationshipgroupstore.db: 2017-12-01T08:32:14-0800 - 8.00 kB
2017-12-01 16:32:14.505+0000 INFO [o.n.k.i.DiagnosticsManager]   neostore.relationshipgroupstore.db.id: 2017-12-01T08:32:14-0800 - 9.00 B
2017-12-01 16:32:14.505+0000 INFO [o.n.k.i.DiagnosticsManager]   neostore.relationshipstore.db: 2017-12-01T08:32:14-0800 - 0.00 B
2017-12-01 16:32:14.506+0000 INFO [o.n.k.i.DiagnosticsManager]   neostore.relationshipstore.db.id: 2017-12-01T08:32:14-0800 - 9.00 B
2017-12-01 16:32:14.506+0000 INFO [o.n.k.i.DiagnosticsManager]   neostore.relationshiptypestore.db: 2017-12-01T08:32:14-0800 - 0.00 B
2017-12-01 16:32:14.506+0000 INFO [o.n.k.i.DiagnosticsManager]   neostore.relationshiptypestore.db.id: 2017-12-01T08:32:14-0800 - 9.00 B
2017-12-01 16:32:14.506+0000 INFO [o.n.k.i.DiagnosticsManager]   neostore.relationshiptypestore.db.names: 2017-12-01T08:32:14-0800 - 8.00 kB
2017-12-01 16:32:14.506+0000 INFO [o.n.k.i.DiagnosticsManager]   neostore.relationshiptypestore.db.names.id: 2017-12-01T08:32:14-0800 - 9.00 B
2017-12-01 16:32:14.506+0000 INFO [o.n.k.i.DiagnosticsManager]   neostore.schemastore.db: 2017-12-01T08:32:14-0800 - 8.00 kB
2017-12-01 16:32:14.506+0000 INFO [o.n.k.i.DiagnosticsManager]   neostore.schemastore.db.id: 2017-12-01T08:32:14-0800 - 9.00 B
2017-12-01 16:32:14.506+0000 INFO [o.n.k.i.DiagnosticsManager]   neostore.transaction.db.0: 2017-12-01T08:32:14-0800 - 16.00 B
2017-12-01 16:32:14.506+0000 INFO [o.n.k.i.DiagnosticsManager]   store_lock: 2017-12-01T08:32:14-0800 - 0.00 B
2017-12-01 16:32:14.507+0000 INFO [o.n.k.i.DiagnosticsManager] --- STARTED diagnostics for KernelDiagnostics:StoreFiles END ---
2017-12-01 16:32:37.722+0000 WARN [o.n.i.p.PageCache] The dbms.memory.pagecache.size setting has not been configured. It is recommended that this setting is always explicitly configured, to ensure the system has a balanced configuration. Until then, a computed heuristic value of 13329657856 bytes will be used instead. 
2017-12-01 16:32:37.827+0000 INFO [o.n.k.i.f.CommunityEditionModule] No locking implementation specified, defaulting to 'community'
2017-12-01 16:32:37.835+0000 INFO [o.n.k.AvailabilityGuard] Requirement makes database unavailable: Database available
2017-12-01 16:32:37.836+0000 INFO [o.n.k.i.DiagnosticsManager] --- INITIALIZED diagnostics START ---
2017-12-01 16:32:37.836+0000 INFO [o.n.k.i.DiagnosticsManager] Neo4j Kernel properties:
2017-12-01 16:32:37.836+0000 INFO [o.n.k.i.DiagnosticsManager] dbms.connector.http.enabled=true
2017-12-01 16:32:37.836+0000 INFO [o.n.k.i.DiagnosticsManager] dbms.security.auth_enabled=true
2017-12-01 16:32:37.836+0000 INFO [o.n.k.i.DiagnosticsManager] dbms.connector.bolt.type=BOLT
2017-12-01 16:32:37.836+0000 INFO [o.n.k.i.DiagnosticsManager] unsupported.dbms.directories.neo4j_home=G:\SeaCore\Blulab\resource\db\KnowledgeAuthor
2017-12-01 16:32:37.836+0000 INFO [o.n.k.i.DiagnosticsManager] dbms.directories.import=import
2017-12-01 16:32:37.836+0000 INFO [o.n.k.i.DiagnosticsManager] dbms.connector.bolt.tls_level=OPTIONAL
2017-12-01 16:32:37.836+0000 INFO [o.n.k.i.DiagnosticsManager] dbms.connector.https.enabled=true
2017-12-01 16:32:37.836+0000 INFO [o.n.k.i.DiagnosticsManager] dbms.connector.http.type=HTTP
2017-12-01 16:32:37.836+0000 INFO [o.n.k.i.DiagnosticsManager] unsupported.dbms.directories.database=G:\SeaCore\Blulab\resource\db\KnowledgeAuthor
2017-12-01 16:32:37.836+0000 INFO [o.n.k.i.DiagnosticsManager] dbms.logs.http.enabled=false
2017-12-01 16:32:37.836+0000 INFO [o.n.k.i.DiagnosticsManager] dbms.connector.https.type=HTTP
2017-12-01 16:32:37.836+0000 INFO [o.n.k.i.DiagnosticsManager] unsupported.dbms.edition=community
2017-12-01 16:32:37.836+0000 INFO [o.n.k.i.DiagnosticsManager] dbms.connector.bolt.enabled=true
2017-12-01 16:32:37.836+0000 INFO [o.n.k.i.DiagnosticsManager] Diagnostics providers:
2017-12-01 16:32:37.836+0000 INFO [o.n.k.i.DiagnosticsManager] org.neo4j.kernel.configuration.Config
2017-12-01 16:32:37.836+0000 INFO [o.n.k.i.DiagnosticsManager] org.neo4j.kernel.info.DiagnosticsManager
2017-12-01 16:32:37.836+0000 INFO [o.n.k.i.DiagnosticsManager] SYSTEM_MEMORY
2017-12-01 16:32:37.836+0000 INFO [o.n.k.i.DiagnosticsManager] JAVA_MEMORY
2017-12-01 16:32:37.836+0000 INFO [o.n.k.i.DiagnosticsManager] OPERATING_SYSTEM
2017-12-01 16:32:37.836+0000 INFO [o.n.k.i.DiagnosticsManager] JAVA_VIRTUAL_MACHINE
2017-12-01 16:32:37.836+0000 INFO [o.n.k.i.DiagnosticsManager] CLASSPATH
2017-12-01 16:32:37.836+0000 INFO [o.n.k.i.DiagnosticsManager] LIBRARY_PATH
2017-12-01 16:32:37.836+0000 INFO [o.n.k.i.DiagnosticsManager] SYSTEM_PROPERTIES
2017-12-01 16:32:37.836+0000 INFO [o.n.k.i.DiagnosticsManager] NETWORK
2017-12-01 16:32:37.836+0000 INFO [o.n.k.i.DiagnosticsManager] System memory information:
2017-12-01 16:32:37.836+0000 INFO [o.n.k.i.DiagnosticsManager] Total Physical memory: 31.92 GB
2017-12-01 16:32:37.836+0000 INFO [o.n.k.i.DiagnosticsManager] Free Physical memory: 13.28 GB
2017-12-01 16:32:37.836+0000 INFO [o.n.k.i.DiagnosticsManager] Committed virtual memory: 3.42 GB
2017-12-01 16:32:37.836+0000 INFO [o.n.k.i.DiagnosticsManager] Total swap space: 45.74 GB
2017-12-01 16:32:37.836+0000 INFO [o.n.k.i.DiagnosticsManager] Free swap space: 9.26 GB
2017-12-01 16:32:37.836+0000 INFO [o.n.k.i.DiagnosticsManager] JVM memory information:
2017-12-01 16:32:37.836+0000 INFO [o.n.k.i.DiagnosticsManager] Free  memory: 345.67 MB
2017-12-01 16:32:37.836+0000 INFO [o.n.k.i.DiagnosticsManager] Total memory: 2.44 GB
2017-12-01 16:32:37.836+0000 INFO [o.n.k.i.DiagnosticsManager] Max   memory: 7.10 GB
2017-12-01 16:32:37.836+0000 INFO [o.n.k.i.DiagnosticsManager] Garbage Collector: PS Scavenge: [PS Eden Space, PS Survivor Space]
2017-12-01 16:32:37.836+0000 INFO [o.n.k.i.DiagnosticsManager] Garbage Collector: PS MarkSweep: [PS Eden Space, PS Survivor Space, PS Old Gen]
2017-12-01 16:32:37.837+0000 INFO [o.n.k.i.DiagnosticsManager] Memory Pool: Code Cache (Non-heap memory): committed=72.31 MB, used=69.93 MB, max=240.00 MB, threshold=0.00 B
2017-12-01 16:32:37.837+0000 INFO [o.n.k.i.DiagnosticsManager] Memory Pool: Metaspace (Non-heap memory): committed=86.17 MB, used=83.44 MB, max=-1.00 B, threshold=0.00 B
2017-12-01 16:32:37.837+0000 INFO [o.n.k.i.DiagnosticsManager] Memory Pool: Compressed Class Space (Non-heap memory): committed=12.67 MB, used=12.14 MB, max=1.00 GB, threshold=0.00 B
2017-12-01 16:32:37.837+0000 INFO [o.n.k.i.DiagnosticsManager] Memory Pool: PS Eden Space (Heap memory): committed=1.45 GB, used=1.37 GB, max=2.63 GB, threshold=?
2017-12-01 16:32:37.837+0000 INFO [o.n.k.i.DiagnosticsManager] Memory Pool: PS Survivor Space (Heap memory): committed=18.50 MB, used=10.07 MB, max=18.50 MB, threshold=?
2017-12-01 16:32:37.837+0000 INFO [o.n.k.i.DiagnosticsManager] Memory Pool: PS Old Gen (Heap memory): committed=997.00 MB, used=748.45 MB, max=5.32 GB, threshold=0.00 B
2017-12-01 16:32:37.837+0000 INFO [o.n.k.i.DiagnosticsManager] Operating system information:
2017-12-01 16:32:37.837+0000 INFO [o.n.k.i.DiagnosticsManager] Operating System: Windows NT (unknown); version: 10.0; arch: amd64; cpus: 20
2017-12-01 16:32:37.838+0000 INFO [o.n.k.i.DiagnosticsManager] Process id: 20212@ANDREYPC
2017-12-01 16:32:37.838+0000 INFO [o.n.k.i.DiagnosticsManager] Byte order: LITTLE_ENDIAN
2017-12-01 16:32:37.838+0000 INFO [o.n.k.i.DiagnosticsManager] Local timezone: America/Los_Angeles
2017-12-01 16:32:37.838+0000 INFO [o.n.k.i.DiagnosticsManager] JVM information:
2017-12-01 16:32:37.838+0000 INFO [o.n.k.i.DiagnosticsManager] VM Name: Java HotSpot(TM) 64-Bit Server VM
2017-12-01 16:32:37.838+0000 INFO [o.n.k.i.DiagnosticsManager] VM Vendor: Oracle Corporation
2017-12-01 16:32:37.838+0000 INFO [o.n.k.i.DiagnosticsManager] VM Version: 25.45-b02
2017-12-01 16:32:37.838+0000 INFO [o.n.k.i.DiagnosticsManager] JIT compiler: HotSpot 64-Bit Tiered Compilers
2017-12-01 16:32:37.838+0000 INFO [o.n.k.i.DiagnosticsManager] VM Arguments: [-Dexe4j.semaphoreName=Local\c:_program_files_neo4j_ce_3.2.1_bin_neo4j-ce.exe, -Dexe4j.isInstall4j=true, -Dexe4j.moduleName=C:\Program Files\Neo4j CE 3.2.1\bin\neo4j-ce.exe, -Dexe4j.tempDir=, -Dexe4j.unextractedPosition=0, -Djava.library.path=C:\Program Files (x86)\DNASTAR\ArrayStar 13;C:\Program Files (x86)\DNASTAR\SeqMan NGen 13;C:\Program Files (x86)\DNASTAR\Lasergene 13\SeqNinjaCL;C:\Program Files (x86)\DNASTAR\ArrayStar 14;C:\Program Files (x86)\DNASTAR\SeqMan NGen 14;C:\Program Files (x86)\DNASTAR\Lasergene 14\SeqNinjaCL;C:\Windows\system32;C:\Windows;C:\Windows\System32\Wbem;C:\Windows\System32\WindowsPowerShell\v1.0\;G:\SeaCore\svn;G:\SeaCore\ant\bin;G:\SeaCore\jdk1.7.0_07_x64\bin;G:\SeaCore\mysql\bin;G:\SeaCore\maven\bin;C:\Windows\system32\config\systemprofile\.dnx\bin;C:\Program Files\Microsoft DNX\Dnvm\;C:\Program Files\Microsoft SQL Server\130\Tools\Binn\;C:\Program Files (x86)\Windows Kits\10\Windows Performance Toolkit\;C:\Program Files (x86)\nodejs\;C:\Program Files\Git\cmd;C:\Program Files\Git\mingw64\bin;C:\Program Files\Git\usr\bin;C:\Program Files\TortoiseSVN\bin;C:\Users\asantros\AppData\Roaming\npm;g:\seacore\jdk1.8.0_45_x64\jre\bin, -Dexe4j.consoleCodepage=cp0, -Dinstall4j.launcherId=24, -Dinstall4j.swt=false]
2017-12-01 16:32:37.838+0000 INFO [o.n.k.i.DiagnosticsManager] Java classpath:
2017-12-01 16:32:37.841+0000 INFO [o.n.k.i.DiagnosticsManager]  [loader.1] file:/G:/SeaCore/jdk1.8.0_45_x64/jre/lib/ext/access-bridge-64.jar
2017-12-01 16:32:37.841+0000 INFO [o.n.k.i.DiagnosticsManager]  [loader.1] file:/G:/SeaCore/jdk1.8.0_45_x64/jre/lib/ext/sunec.jar
2017-12-01 16:32:37.841+0000 INFO [o.n.k.i.DiagnosticsManager]  [bootstrap] G:\SeaCore\jdk1.8.0_45_x64\jre\lib\jce.jar
2017-12-01 16:32:37.841+0000 INFO [o.n.k.i.DiagnosticsManager]  [classpath] C:\Program Files\Neo4j CE 3.2.1\bin\neo4j-desktop-3.2.1.jar
2017-12-01 16:32:37.841+0000 INFO [o.n.k.i.DiagnosticsManager]  [bootstrap] G:\SeaCore\jdk1.8.0_45_x64\jre\lib\resources.jar
2017-12-01 16:32:37.841+0000 INFO [o.n.k.i.DiagnosticsManager]  [bootstrap] G:\SeaCore\jdk1.8.0_45_x64\jre\lib\charsets.jar
2017-12-01 16:32:37.841+0000 INFO [o.n.k.i.DiagnosticsManager]  [bootstrap] G:\SeaCore\jdk1.8.0_45_x64\jre\lib\jfr.jar
2017-12-01 16:32:37.841+0000 INFO [o.n.k.i.DiagnosticsManager]  [loader.1] file:/G:/SeaCore/jdk1.8.0_45_x64/jre/lib/ext/localedata.jar
2017-12-01 16:32:37.841+0000 INFO [o.n.k.i.DiagnosticsManager]  [loader.1] file:/G:/SeaCore/jdk1.8.0_45_x64/jre/lib/ext/nashorn.jar
2017-12-01 16:32:37.841+0000 INFO [o.n.k.i.DiagnosticsManager]  [bootstrap] G:\SeaCore\jdk1.8.0_45_x64\jre\lib\rt.jar
2017-12-01 16:32:37.841+0000 INFO [o.n.k.i.DiagnosticsManager]  [loader.0] file:/C:/Program%20Files/Neo4j%20CE%203.2.1/bin/neo4j-desktop-3.2.1.jar
2017-12-01 16:32:37.841+0000 INFO [o.n.k.i.DiagnosticsManager]  [loader.1] file:/G:/SeaCore/jdk1.8.0_45_x64/jre/lib/ext/dnsns.jar
2017-12-01 16:32:37.841+0000 INFO [o.n.k.i.DiagnosticsManager]  [loader.1] file:/G:/SeaCore/jdk1.8.0_45_x64/jre/lib/ext/sunjce_provider.jar
2017-12-01 16:32:37.841+0000 INFO [o.n.k.i.DiagnosticsManager]  [classpath] C:\Program Files\Neo4j CE 3.2.1\.install4j\i4jruntime.jar
2017-12-01 16:32:37.841+0000 INFO [o.n.k.i.DiagnosticsManager]  [bootstrap] G:\SeaCore\jdk1.8.0_45_x64\jre\classes
2017-12-01 16:32:37.841+0000 INFO [o.n.k.i.DiagnosticsManager]  [loader.1] file:/G:/SeaCore/jdk1.8.0_45_x64/jre/lib/ext/jfxrt.jar
2017-12-01 16:32:37.841+0000 INFO [o.n.k.i.DiagnosticsManager]  [loader.1] file:/G:/SeaCore/jdk1.8.0_45_x64/jre/lib/ext/zipfs.jar
2017-12-01 16:32:37.841+0000 INFO [o.n.k.i.DiagnosticsManager]  [loader.1] file:/G:/SeaCore/jdk1.8.0_45_x64/jre/lib/ext/sunmscapi.jar
2017-12-01 16:32:37.841+0000 INFO [o.n.k.i.DiagnosticsManager]  [bootstrap] G:\SeaCore\jdk1.8.0_45_x64\jre\lib\sunrsasign.jar
2017-12-01 16:32:37.841+0000 INFO [o.n.k.i.DiagnosticsManager]  [loader.1] file:/G:/SeaCore/jdk1.8.0_45_x64/jre/lib/ext/sunpkcs11.jar
2017-12-01 16:32:37.841+0000 INFO [o.n.k.i.DiagnosticsManager]  [loader.1] file:/G:/SeaCore/jdk1.8.0_45_x64/jre/lib/ext/jaccess.jar
2017-12-01 16:32:37.841+0000 INFO [o.n.k.i.DiagnosticsManager]  [bootstrap] G:\SeaCore\jdk1.8.0_45_x64\jre\lib\jsse.jar
2017-12-01 16:32:37.841+0000 INFO [o.n.k.i.DiagnosticsManager]  [loader.1] file:/G:/SeaCore/jdk1.8.0_45_x64/jre/lib/ext/cldrdata.jar
2017-12-01 16:32:37.841+0000 INFO [o.n.k.i.DiagnosticsManager]  [loader.0] file:/C:/Program%20Files/Neo4j%20CE%203.2.1/.install4j/i4jruntime.jar
2017-12-01 16:32:37.841+0000 INFO [o.n.k.i.DiagnosticsManager] Library path:
2017-12-01 16:32:37.841+0000 INFO [o.n.k.i.DiagnosticsManager] C:\Program Files (x86)\DNASTAR\ArrayStar 13
2017-12-01 16:32:37.841+0000 INFO [o.n.k.i.DiagnosticsManager] C:\Program Files (x86)\DNASTAR\SeqMan NGen 13
2017-12-01 16:32:37.842+0000 INFO [o.n.k.i.DiagnosticsManager] C:\Program Files (x86)\DNASTAR\Lasergene 13\SeqNinjaCL
2017-12-01 16:32:37.842+0000 INFO [o.n.k.i.DiagnosticsManager] C:\Program Files (x86)\DNASTAR\ArrayStar 14
2017-12-01 16:32:37.842+0000 INFO [o.n.k.i.DiagnosticsManager] C:\Program Files (x86)\DNASTAR\SeqMan NGen 14
2017-12-01 16:32:37.842+0000 INFO [o.n.k.i.DiagnosticsManager] C:\Program Files (x86)\DNASTAR\Lasergene 14\SeqNinjaCL
2017-12-01 16:32:37.843+0000 INFO [o.n.k.i.DiagnosticsManager] C:\Windows\System32
2017-12-01 16:32:37.843+0000 INFO [o.n.k.i.DiagnosticsManager] C:\Windows
2017-12-01 16:32:37.843+0000 INFO [o.n.k.i.DiagnosticsManager] C:\Windows\System32\wbem
2017-12-01 16:32:37.844+0000 INFO [o.n.k.i.DiagnosticsManager] C:\Windows\System32\WindowsPowerShell\v1.0
2017-12-01 16:32:37.844+0000 INFO [o.n.k.i.DiagnosticsManager] G:\SeaCore\svn
2017-12-01 16:32:37.844+0000 INFO [o.n.k.i.DiagnosticsManager] G:\SeaCore\ant\bin
2017-12-01 16:32:37.844+0000 INFO [o.n.k.i.DiagnosticsManager] G:\SeaCore\jdk1.7.0_07_x64\bin
2017-12-01 16:32:37.844+0000 INFO [o.n.k.i.DiagnosticsManager] G:\SeaCore\mysql\bin
2017-12-01 16:32:37.844+0000 INFO [o.n.k.i.DiagnosticsManager] G:\SeaCore\maven\bin
2017-12-01 16:32:37.844+0000 INFO [o.n.k.i.DiagnosticsManager] C:\Windows\System32\config\systemprofile\.dnx\bin
2017-12-01 16:32:37.845+0000 INFO [o.n.k.i.DiagnosticsManager] C:\Program Files\Microsoft DNX\Dnvm
2017-12-01 16:32:37.845+0000 INFO [o.n.k.i.DiagnosticsManager] C:\Program Files\Microsoft SQL Server\130\Tools\Binn
2017-12-01 16:32:37.845+0000 INFO [o.n.k.i.DiagnosticsManager] C:\Program Files (x86)\Windows Kits\10\Windows Performance Toolkit
2017-12-01 16:32:37.846+0000 INFO [o.n.k.i.DiagnosticsManager] C:\Program Files (x86)\nodejs
2017-12-01 16:32:37.846+0000 INFO [o.n.k.i.DiagnosticsManager] C:\Program Files\Git\cmd
2017-12-01 16:32:37.846+0000 INFO [o.n.k.i.DiagnosticsManager] C:\Program Files\Git\mingw64\bin
2017-12-01 16:32:37.847+0000 INFO [o.n.k.i.DiagnosticsManager] C:\Program Files\Git\usr\bin
2017-12-01 16:32:37.847+0000 INFO [o.n.k.i.DiagnosticsManager] C:\Program Files\TortoiseSVN\bin
2017-12-01 16:32:37.847+0000 INFO [o.n.k.i.DiagnosticsManager] C:\Users\asantros\AppData\Roaming\npm
2017-12-01 16:32:37.847+0000 INFO [o.n.k.i.DiagnosticsManager] G:\SeaCore\jdk1.8.0_45_x64\jre\bin
2017-12-01 16:32:37.847+0000 INFO [o.n.k.i.DiagnosticsManager] System.properties:
2017-12-01 16:32:37.847+0000 INFO [o.n.k.i.DiagnosticsManager] exe4j.moduleName = C:\Program Files\Neo4j CE 3.2.1\bin\neo4j-ce.exe
2017-12-01 16:32:37.847+0000 INFO [o.n.k.i.DiagnosticsManager] exe4j.semaphoreName = Local\c:_program_files_neo4j_ce_3.2.1_bin_neo4j-ce.exe
2017-12-01 16:32:37.847+0000 INFO [o.n.k.i.DiagnosticsManager] sun.boot.library.path = g:\seacore\jdk1.8.0_45_x64\jre\bin
2017-12-01 16:32:37.847+0000 INFO [o.n.k.i.DiagnosticsManager] exe4j.consoleCodepage = cp0
2017-12-01 16:32:37.847+0000 INFO [o.n.k.i.DiagnosticsManager] path.separator = ;
2017-12-01 16:32:37.847+0000 INFO [o.n.k.i.DiagnosticsManager] file.encoding.pkg = sun.io
2017-12-01 16:32:37.847+0000 INFO [o.n.k.i.DiagnosticsManager] user.country = US
2017-12-01 16:32:37.847+0000 INFO [o.n.k.i.DiagnosticsManager] user.script = 
2017-12-01 16:32:37.847+0000 INFO [o.n.k.i.DiagnosticsManager] sun.os.patch.level = 
2017-12-01 16:32:37.847+0000 INFO [o.n.k.i.DiagnosticsManager] install4j.exeDir = C:\Program Files\Neo4j CE 3.2.1\bin\
2017-12-01 16:32:37.847+0000 INFO [o.n.k.i.DiagnosticsManager] user.dir = C:\Program Files\Neo4j CE 3.2.1\bin
2017-12-01 16:32:37.847+0000 INFO [o.n.k.i.DiagnosticsManager] user.variant = 
2017-12-01 16:32:37.847+0000 INFO [o.n.k.i.DiagnosticsManager] exe4j.tempDir = 
2017-12-01 16:32:37.847+0000 INFO [o.n.k.i.DiagnosticsManager] sun.jnu.encoding = Cp1252
2017-12-01 16:32:37.847+0000 INFO [o.n.k.i.DiagnosticsManager] sun.nio.ch.bugLevel = 
2017-12-01 16:32:37.847+0000 INFO [o.n.k.i.DiagnosticsManager] unsupported.dbms.udc.source = desktop
2017-12-01 16:32:37.847+0000 INFO [o.n.k.i.DiagnosticsManager] sun.awt.enableExtraMouseButtons = true
2017-12-01 16:32:37.847+0000 INFO [o.n.k.i.DiagnosticsManager] install4j.launcherId = 24
2017-12-01 16:32:37.847+0000 INFO [o.n.k.i.DiagnosticsManager] sun.management.compiler = HotSpot 64-Bit Tiered Compilers
2017-12-01 16:32:37.847+0000 INFO [o.n.k.i.DiagnosticsManager] exe4j.isInstall4j = true
2017-12-01 16:32:37.847+0000 INFO [o.n.k.i.DiagnosticsManager] install4j.swt = false
2017-12-01 16:32:37.847+0000 INFO [o.n.k.i.DiagnosticsManager] user.home = C:\Users\asantros
2017-12-01 16:32:37.847+0000 INFO [o.n.k.i.DiagnosticsManager] user.timezone = America/Los_Angeles
2017-12-01 16:32:37.847+0000 INFO [o.n.k.i.DiagnosticsManager] file.encoding = Cp1252
2017-12-01 16:32:37.847+0000 INFO [o.n.k.i.DiagnosticsManager] user.name = asantros
2017-12-01 16:32:37.847+0000 INFO [o.n.k.i.DiagnosticsManager] sun.java.command = C:\Program Files\Neo4j CE 3.2.1\bin\neo4j-ce.exe
2017-12-01 16:32:37.847+0000 INFO [o.n.k.i.DiagnosticsManager] sun.arch.data.model = 64
2017-12-01 16:32:37.848+0000 INFO [o.n.k.i.DiagnosticsManager] exe4j.launchName = C:\Program Files\Neo4j CE 3.2.1\bin\neo4j-ce.exe
2017-12-01 16:32:37.848+0000 INFO [o.n.k.i.DiagnosticsManager] user.language = en
2017-12-01 16:32:37.848+0000 INFO [o.n.k.i.DiagnosticsManager] awt.toolkit = sun.awt.windows.WToolkit
2017-12-01 16:32:37.848+0000 INFO [o.n.k.i.DiagnosticsManager] exe4j.unextractedPosition = 0
2017-12-01 16:32:37.848+0000 INFO [o.n.k.i.DiagnosticsManager] install4j.appDir = C:\Program Files\Neo4j CE 3.2.1\
2017-12-01 16:32:37.848+0000 INFO [o.n.k.i.DiagnosticsManager] file.separator = \
2017-12-01 16:32:37.848+0000 INFO [o.n.k.i.DiagnosticsManager] sun.io.unicode.encoding = UnicodeLittle
2017-12-01 16:32:37.848+0000 INFO [o.n.k.i.DiagnosticsManager] sun.cpu.endian = little
2017-12-01 16:32:37.848+0000 INFO [o.n.k.i.DiagnosticsManager] sun.desktop = windows
2017-12-01 16:32:37.848+0000 INFO [o.n.k.i.DiagnosticsManager] sun.cpu.isalist = amd64
2017-12-01 16:32:37.848+0000 INFO [o.n.k.i.DiagnosticsManager] Network information:
2017-12-01 16:32:37.854+0000 INFO [o.n.k.i.DiagnosticsManager] Interface Software Loopback Interface 1:
2017-12-01 16:32:37.855+0000 INFO [o.n.k.i.DiagnosticsManager]     address: 127.0.0.1
2017-12-01 16:32:37.855+0000 INFO [o.n.k.i.DiagnosticsManager]     address: 0:0:0:0:0:0:0:1
2017-12-01 16:32:37.855+0000 INFO [o.n.k.i.DiagnosticsManager] Interface Microsoft Kernel Debug Network Adapter:
2017-12-01 16:32:37.855+0000 INFO [o.n.k.i.DiagnosticsManager] Interface Microsoft ISATAP Adapter:
2017-12-01 16:32:37.855+0000 INFO [o.n.k.i.DiagnosticsManager]     address: fe80:0:0:0:0:5efe:ac1a:4041%net0
2017-12-01 16:32:37.855+0000 INFO [o.n.k.i.DiagnosticsManager] Interface Intel(R) Ethernet Connection I217-LM:
2017-12-01 16:32:37.855+0000 INFO [o.n.k.i.DiagnosticsManager]     address: 172.26.64.65
2017-12-01 16:32:37.855+0000 INFO [o.n.k.i.DiagnosticsManager]     address: fe80:0:0:0:308f:7272:1edf:521b%eth1
2017-12-01 16:32:37.855+0000 INFO [o.n.k.i.DiagnosticsManager] Interface Intel(R) Ethernet Connection I217-LM-WFP Native MAC Layer LightWeight Filter-0000:
2017-12-01 16:32:37.855+0000 INFO [o.n.k.i.DiagnosticsManager] Interface Intel(R) Ethernet Connection I217-LM-Symantec Endpoint Protection Firewall-0000:
2017-12-01 16:32:37.855+0000 INFO [o.n.k.i.DiagnosticsManager] Interface Intel(R) Ethernet Connection I217-LM-QoS Packet Scheduler-0000:
2017-12-01 16:32:37.855+0000 INFO [o.n.k.i.DiagnosticsManager] Interface Intel(R) Ethernet Connection I217-LM-WFP 802.3 MAC Layer LightWeight Filter-0000:
2017-12-01 16:32:37.855+0000 INFO [o.n.k.i.DiagnosticsManager] Interface Microsoft ISATAP Adapter-Symantec Endpoint Protection Firewall-0000:
2017-12-01 16:32:37.855+0000 INFO [o.n.k.i.DiagnosticsManager] --- INITIALIZED diagnostics END ---
2017-12-01 16:32:37.866+0000 INFO [o.n.b.v.r.WorkerFactory] Bolt Server extension loaded.
2017-12-01 16:32:37.866+0000 INFO [o.n.b.v.r.WorkerFactory] Bolt enabled on 127.0.0.1:7687.
2017-12-01 16:32:37.880+0000 INFO [o.n.k.i.s.f.RecordFormatSelector] Selected RecordFormat:StandardV3_2[v0.A.8] record format from store G:\SeaCore\Blulab\resource\db\KnowledgeAuthor
2017-12-01 16:32:37.888+0000 INFO [o.n.k.i.s.f.RecordFormatSelector] Selected RecordFormat:StandardV3_2[v0.A.8] record format from store G:\SeaCore\Blulab\resource\db\KnowledgeAuthor
2017-12-01 16:32:37.888+0000 INFO [o.n.k.i.s.f.RecordFormatSelector] Format not configured. Selected format from the store: RecordFormat:StandardV3_2[v0.A.8]
2017-12-01 16:32:37.998+0000 INFO [o.n.k.i.a.i.IndexingService] IndexingService.init: indexes not specifically mentioned above are null
2017-12-01 16:32:38.006+0000 INFO [o.n.k.i.i.l.NativeLabelScanStore] Scan store recovery completed: Number of cleaned crashed pointers: 0 Number of pages visited: 2 Time spent: 2ms
2017-12-01 16:32:38.027+0000 INFO [o.n.k.NeoStoreDataSource] No check point found in transaction log
2017-12-01 16:32:38.027+0000 INFO [o.n.k.NeoStoreDataSource] Recovery required from position LogPosition{logVersion=0, byteOffset=16}
2017-12-01 16:32:38.146+0000 INFO [o.n.k.i.s.c.CountsTracker] About to rotate counts store at transaction 84 to [G:\SeaCore\Blulab\resource\db\KnowledgeAuthor\neostore.counts.db.b], from [G:\SeaCore\Blulab\resource\db\KnowledgeAuthor\neostore.counts.db.a].
2017-12-01 16:32:38.155+0000 INFO [o.n.k.i.s.c.CountsTracker] Successfully rotated counts store at transaction 84 to [G:\SeaCore\Blulab\resource\db\KnowledgeAuthor\neostore.counts.db.b], from [G:\SeaCore\Blulab\resource\db\KnowledgeAuthor\neostore.counts.db.a].
2017-12-01 16:32:38.217+0000 INFO [o.n.k.i.s.DynamicArrayStore] Rebuilding id generator for[G:\SeaCore\Blulab\resource\db\KnowledgeAuthor\neostore.nodestore.db.labels] ...
2017-12-01 16:32:38.230+0000 INFO [o.n.k.i.s.DynamicArrayStore] [G:\SeaCore\Blulab\resource\db\KnowledgeAuthor\neostore.nodestore.db.labels] high id=1 (defragged=0)
2017-12-01 16:32:38.230+0000 INFO [o.n.k.i.s.DynamicArrayStore] G:\SeaCore\Blulab\resource\db\KnowledgeAuthor\neostore.nodestore.db.labels rebuild id generator, highId=1 defragged count=0
2017-12-01 16:32:38.230+0000 INFO [o.n.k.i.s.NodeStore] Rebuilding id generator for[G:\SeaCore\Blulab\resource\db\KnowledgeAuthor\neostore.nodestore.db] ...
2017-12-01 16:32:38.243+0000 INFO [o.n.k.i.s.NodeStore] [G:\SeaCore\Blulab\resource\db\KnowledgeAuthor\neostore.nodestore.db] high id=9737 (defragged=0)
2017-12-01 16:32:38.243+0000 INFO [o.n.k.i.s.NodeStore] G:\SeaCore\Blulab\resource\db\KnowledgeAuthor\neostore.nodestore.db rebuild id generator, highId=9737 defragged count=0
2017-12-01 16:32:38.243+0000 INFO [o.n.k.i.s.DynamicStringStore] Rebuilding id generator for[G:\SeaCore\Blulab\resource\db\KnowledgeAuthor\neostore.propertystore.db.index.keys] ...
2017-12-01 16:32:38.255+0000 INFO [o.n.k.i.s.DynamicStringStore] [G:\SeaCore\Blulab\resource\db\KnowledgeAuthor\neostore.propertystore.db.index.keys] high id=15 (defragged=0)
2017-12-01 16:32:38.255+0000 INFO [o.n.k.i.s.DynamicStringStore] G:\SeaCore\Blulab\resource\db\KnowledgeAuthor\neostore.propertystore.db.index.keys rebuild id generator, highId=15 defragged count=0
2017-12-01 16:32:38.255+0000 INFO [o.n.k.i.s.PropertyKeyTokenStore] Rebuilding id generator for[G:\SeaCore\Blulab\resource\db\KnowledgeAuthor\neostore.propertystore.db.index] ...
2017-12-01 16:32:38.264+0000 INFO [o.n.k.i.s.PropertyKeyTokenStore] [G:\SeaCore\Blulab\resource\db\KnowledgeAuthor\neostore.propertystore.db.index] high id=14 (defragged=0)
2017-12-01 16:32:38.264+0000 INFO [o.n.k.i.s.PropertyKeyTokenStore] G:\SeaCore\Blulab\resource\db\KnowledgeAuthor\neostore.propertystore.db.index rebuild id generator, highId=14 defragged count=0
2017-12-01 16:32:38.275+0000 INFO [o.n.k.i.s.DynamicStringStore] Rebuilding id generator for[G:\SeaCore\Blulab\resource\db\KnowledgeAuthor\neostore.propertystore.db.strings] ...
2017-12-01 16:32:38.285+0000 INFO [o.n.k.i.s.DynamicStringStore] [G:\SeaCore\Blulab\resource\db\KnowledgeAuthor\neostore.propertystore.db.strings] high id=13643 (defragged=0)
2017-12-01 16:32:38.285+0000 INFO [o.n.k.i.s.DynamicStringStore] G:\SeaCore\Blulab\resource\db\KnowledgeAuthor\neostore.propertystore.db.strings rebuild id generator, highId=13643 defragged count=0
2017-12-01 16:32:38.285+0000 INFO [o.n.k.i.s.DynamicArrayStore] Rebuilding id generator for[G:\SeaCore\Blulab\resource\db\KnowledgeAuthor\neostore.propertystore.db.arrays] ...
2017-12-01 16:32:38.298+0000 INFO [o.n.k.i.s.DynamicArrayStore] [G:\SeaCore\Blulab\resource\db\KnowledgeAuthor\neostore.propertystore.db.arrays] high id=1 (defragged=0)
2017-12-01 16:32:38.298+0000 INFO [o.n.k.i.s.DynamicArrayStore] G:\SeaCore\Blulab\resource\db\KnowledgeAuthor\neostore.propertystore.db.arrays rebuild id generator, highId=1 defragged count=0
2017-12-01 16:32:38.298+0000 INFO [o.n.k.i.s.PropertyStore] Rebuilding id generator for[G:\SeaCore\Blulab\resource\db\KnowledgeAuthor\neostore.propertystore.db] ...
2017-12-01 16:32:38.311+0000 INFO [o.n.k.i.s.PropertyStore] [G:\SeaCore\Blulab\resource\db\KnowledgeAuthor\neostore.propertystore.db] high id=26557 (defragged=0)
2017-12-01 16:32:38.311+0000 INFO [o.n.k.i.s.PropertyStore] G:\SeaCore\Blulab\resource\db\KnowledgeAuthor\neostore.propertystore.db rebuild id generator, highId=26557 defragged count=0
2017-12-01 16:32:38.311+0000 INFO [o.n.k.i.s.RelationshipStore] Rebuilding id generator for[G:\SeaCore\Blulab\resource\db\KnowledgeAuthor\neostore.relationshipstore.db] ...
2017-12-01 16:32:38.324+0000 INFO [o.n.k.i.s.RelationshipStore] [G:\SeaCore\Blulab\resource\db\KnowledgeAuthor\neostore.relationshipstore.db] high id=11148 (defragged=0)
2017-12-01 16:32:38.324+0000 INFO [o.n.k.i.s.RelationshipStore] G:\SeaCore\Blulab\resource\db\KnowledgeAuthor\neostore.relationshipstore.db rebuild id generator, highId=11148 defragged count=0
2017-12-01 16:32:38.324+0000 INFO [o.n.k.i.s.DynamicStringStore] Rebuilding id generator for[G:\SeaCore\Blulab\resource\db\KnowledgeAuthor\neostore.relationshiptypestore.db.names] ...
2017-12-01 16:32:38.336+0000 INFO [o.n.k.i.s.DynamicStringStore] [G:\SeaCore\Blulab\resource\db\KnowledgeAuthor\neostore.relationshiptypestore.db.names] high id=48 (defragged=0)
2017-12-01 16:32:38.336+0000 INFO [o.n.k.i.s.DynamicStringStore] G:\SeaCore\Blulab\resource\db\KnowledgeAuthor\neostore.relationshiptypestore.db.names rebuild id generator, highId=48 defragged count=0
2017-12-01 16:32:38.336+0000 INFO [o.n.k.i.s.RelationshipTypeTokenStore] Rebuilding id generator for[G:\SeaCore\Blulab\resource\db\KnowledgeAuthor\neostore.relationshiptypestore.db] ...
2017-12-01 16:32:38.345+0000 INFO [o.n.k.i.s.RelationshipTypeTokenStore] [G:\SeaCore\Blulab\resource\db\KnowledgeAuthor\neostore.relationshiptypestore.db] high id=47 (defragged=0)
2017-12-01 16:32:38.345+0000 INFO [o.n.k.i.s.RelationshipTypeTokenStore] G:\SeaCore\Blulab\resource\db\KnowledgeAuthor\neostore.relationshiptypestore.db rebuild id generator, highId=47 defragged count=0
2017-12-01 16:32:38.356+0000 INFO [o.n.k.i.s.DynamicStringStore] Rebuilding id generator for[G:\SeaCore\Blulab\resource\db\KnowledgeAuthor\neostore.labeltokenstore.db.names] ...
2017-12-01 16:32:38.365+0000 INFO [o.n.k.i.s.DynamicStringStore] [G:\SeaCore\Blulab\resource\db\KnowledgeAuthor\neostore.labeltokenstore.db.names] high id=19 (defragged=0)
2017-12-01 16:32:38.365+0000 INFO [o.n.k.i.s.DynamicStringStore] G:\SeaCore\Blulab\resource\db\KnowledgeAuthor\neostore.labeltokenstore.db.names rebuild id generator, highId=19 defragged count=0
2017-12-01 16:32:38.365+0000 INFO [o.n.k.i.s.LabelTokenStore] Rebuilding id generator for[G:\SeaCore\Blulab\resource\db\KnowledgeAuthor\neostore.labeltokenstore.db] ...
2017-12-01 16:32:38.376+0000 INFO [o.n.k.i.s.LabelTokenStore] [G:\SeaCore\Blulab\resource\db\KnowledgeAuthor\neostore.labeltokenstore.db] high id=18 (defragged=0)
2017-12-01 16:32:38.376+0000 INFO [o.n.k.i.s.LabelTokenStore] G:\SeaCore\Blulab\resource\db\KnowledgeAuthor\neostore.labeltokenstore.db rebuild id generator, highId=18 defragged count=0
2017-12-01 16:32:38.393+0000 INFO [o.n.k.i.s.SchemaStore] Rebuilding id generator for[G:\SeaCore\Blulab\resource\db\KnowledgeAuthor\neostore.schemastore.db] ...
2017-12-01 16:32:38.405+0000 INFO [o.n.k.i.s.SchemaStore] [G:\SeaCore\Blulab\resource\db\KnowledgeAuthor\neostore.schemastore.db] high id=1 (defragged=0)
2017-12-01 16:32:38.405+0000 INFO [o.n.k.i.s.SchemaStore] G:\SeaCore\Blulab\resource\db\KnowledgeAuthor\neostore.schemastore.db rebuild id generator, highId=1 defragged count=0
2017-12-01 16:32:38.405+0000 INFO [o.n.k.i.s.RelationshipGroupStore] Rebuilding id generator for[G:\SeaCore\Blulab\resource\db\KnowledgeAuthor\neostore.relationshipgroupstore.db] ...
2017-12-01 16:32:38.417+0000 INFO [o.n.k.i.s.RelationshipGroupStore] [G:\SeaCore\Blulab\resource\db\KnowledgeAuthor\neostore.relationshipgroupstore.db] high id=33 (defragged=0)
2017-12-01 16:32:38.417+0000 INFO [o.n.k.i.s.RelationshipGroupStore] G:\SeaCore\Blulab\resource\db\KnowledgeAuthor\neostore.relationshipgroupstore.db rebuild id generator, highId=33 defragged count=0
2017-12-01 16:32:38.417+0000 INFO [o.n.k.i.s.MetaDataStore] Rebuilding id generator for[G:\SeaCore\Blulab\resource\db\KnowledgeAuthor\neostore] ...
2017-12-01 16:32:38.426+0000 INFO [o.n.k.i.s.MetaDataStore] [G:\SeaCore\Blulab\resource\db\KnowledgeAuthor\neostore] high id=15 (defragged=0)
2017-12-01 16:32:38.426+0000 INFO [o.n.k.i.s.MetaDataStore] G:\SeaCore\Blulab\resource\db\KnowledgeAuthor\neostore rebuild id generator, highId=15 defragged count=0
2017-12-01 16:32:38.479+0000 INFO [o.n.k.i.a.i.IndexingService] IndexingService.start: indexes not specifically mentioned above are null
2017-12-01 16:32:38.487+0000 INFO [o.n.k.NeoStoreDataSource] Recovery completed. 83 transactions, first:2, last:84 recovered
2017-12-01 16:32:38.487+0000 INFO [o.n.k.i.DatabaseHealth] Database health set to OK
2017-12-01 16:32:38.514+0000 INFO [o.n.k.AvailabilityGuard] Fulfilling of requirement makes database available: Database available
2017-12-01 16:32:38.514+0000 INFO [o.n.k.i.f.GraphDatabaseFacadeFactory] Database is now ready
2017-12-01 16:32:38.514+0000 INFO [o.n.k.i.DiagnosticsManager] --- STARTED diagnostics for KernelDiagnostics:Versions START ---
2017-12-01 16:32:38.514+0000 INFO [o.n.k.i.DiagnosticsManager] Graph Database: community single StoreId{creationTime=1512145934392, randomId=5408535001554936938, storeVersion=15813456178476550, upgradeTime=1512145934392, upgradeId=1}
2017-12-01 16:32:38.514+0000 INFO [o.n.k.i.DiagnosticsManager] Kernel version: 3.2.1
2017-12-01 16:32:38.514+0000 INFO [o.n.k.i.DiagnosticsManager] --- STARTED diagnostics for KernelDiagnostics:Versions END ---
2017-12-01 16:32:38.514+0000 INFO [o.n.k.i.DiagnosticsManager] --- STARTED diagnostics for NEO_STORE_VERSIONS START ---
2017-12-01 16:32:38.514+0000 INFO [o.n.k.i.DiagnosticsManager] Store versions:
2017-12-01 16:32:38.514+0000 INFO [o.n.k.i.DiagnosticsManager] Store versions:
2017-12-01 16:32:38.514+0000 INFO [o.n.k.i.DiagnosticsManager]   ArrayPropertyStore v0.A.8
2017-12-01 16:32:38.514+0000 INFO [o.n.k.i.DiagnosticsManager]   NodeStore v0.A.8
2017-12-01 16:32:38.515+0000 INFO [o.n.k.i.DiagnosticsManager]   StringPropertyStore v0.A.8
2017-12-01 16:32:38.515+0000 INFO [o.n.k.i.DiagnosticsManager]   PropertyIndexStore v0.A.8
2017-12-01 16:32:38.515+0000 INFO [o.n.k.i.DiagnosticsManager]   StringPropertyStore v0.A.8
2017-12-01 16:32:38.515+0000 INFO [o.n.k.i.DiagnosticsManager]   ArrayPropertyStore v0.A.8
2017-12-01 16:32:38.515+0000 INFO [o.n.k.i.DiagnosticsManager]   PropertyStore v0.A.8
2017-12-01 16:32:38.515+0000 INFO [o.n.k.i.DiagnosticsManager]   RelationshipStore v0.A.8
2017-12-01 16:32:38.515+0000 INFO [o.n.k.i.DiagnosticsManager]   StringPropertyStore v0.A.8
2017-12-01 16:32:38.515+0000 INFO [o.n.k.i.DiagnosticsManager]   RelationshipTypeStore v0.A.8
2017-12-01 16:32:38.515+0000 INFO [o.n.k.i.DiagnosticsManager]   StringPropertyStore v0.A.8
2017-12-01 16:32:38.515+0000 INFO [o.n.k.i.DiagnosticsManager]   LabelTokenStore v0.A.8
2017-12-01 16:32:38.515+0000 INFO [o.n.k.i.DiagnosticsManager]   SchemaStore v0.A.8
2017-12-01 16:32:38.515+0000 INFO [o.n.k.i.DiagnosticsManager]   RelationshipGroupStore v0.A.8
2017-12-01 16:32:38.515+0000 INFO [o.n.k.i.DiagnosticsManager]   NeoStore v0.A.8
2017-12-01 16:32:38.515+0000 INFO [o.n.k.i.DiagnosticsManager] --- STARTED diagnostics for NEO_STORE_VERSIONS END ---
2017-12-01 16:32:38.515+0000 INFO [o.n.k.i.DiagnosticsManager] --- STARTED diagnostics for NEO_STORE_ID_USAGE START ---
2017-12-01 16:32:38.515+0000 INFO [o.n.k.i.DiagnosticsManager] Id usage:
2017-12-01 16:32:38.515+0000 INFO [o.n.k.i.DiagnosticsManager] Id usage:
2017-12-01 16:32:38.515+0000 INFO [o.n.k.i.DiagnosticsManager]   ArrayPropertyStore: used=1 high=0
2017-12-01 16:32:38.515+0000 INFO [o.n.k.i.DiagnosticsManager]   NodeStore: used=9737 high=9736
2017-12-01 16:32:38.515+0000 INFO [o.n.k.i.DiagnosticsManager]   StringPropertyStore: used=15 high=14
2017-12-01 16:32:38.515+0000 INFO [o.n.k.i.DiagnosticsManager]   PropertyIndexStore: used=14 high=13
2017-12-01 16:32:38.515+0000 INFO [o.n.k.i.DiagnosticsManager]   StringPropertyStore: used=13643 high=13642
2017-12-01 16:32:38.515+0000 INFO [o.n.k.i.DiagnosticsManager]   ArrayPropertyStore: used=1 high=0
2017-12-01 16:32:38.515+0000 INFO [o.n.k.i.DiagnosticsManager]   PropertyStore: used=26557 high=26556
2017-12-01 16:32:38.515+0000 INFO [o.n.k.i.DiagnosticsManager]   RelationshipStore: used=11148 high=11147
2017-12-01 16:32:38.515+0000 INFO [o.n.k.i.DiagnosticsManager]   StringPropertyStore: used=48 high=47
2017-12-01 16:32:38.515+0000 INFO [o.n.k.i.DiagnosticsManager]   RelationshipTypeStore: used=47 high=46
2017-12-01 16:32:38.515+0000 INFO [o.n.k.i.DiagnosticsManager]   StringPropertyStore: used=19 high=18
2017-12-01 16:32:38.515+0000 INFO [o.n.k.i.DiagnosticsManager]   LabelTokenStore: used=18 high=17
2017-12-01 16:32:38.515+0000 INFO [o.n.k.i.DiagnosticsManager]   SchemaStore: used=1 high=0
2017-12-01 16:32:38.515+0000 INFO [o.n.k.i.DiagnosticsManager]   RelationshipGroupStore: used=33 high=32
2017-12-01 16:32:38.515+0000 INFO [o.n.k.i.DiagnosticsManager]   NeoStore: used=15 high=14
2017-12-01 16:32:38.515+0000 INFO [o.n.k.i.DiagnosticsManager] --- STARTED diagnostics for NEO_STORE_ID_USAGE END ---
2017-12-01 16:32:38.515+0000 INFO [o.n.k.i.DiagnosticsManager] --- STARTED diagnostics for NEO_STORE_RECORDS START ---
2017-12-01 16:32:38.515+0000 INFO [o.n.k.i.DiagnosticsManager] Neostore records:
2017-12-01 16:32:38.515+0000 INFO [o.n.k.i.DiagnosticsManager] TIME (Creation time): 1512145934392
2017-12-01 16:32:38.515+0000 INFO [o.n.k.i.DiagnosticsManager] RANDOM_NUMBER (Random number for store id): 5408535001554936938
2017-12-01 16:32:38.515+0000 INFO [o.n.k.i.DiagnosticsManager] LOG_VERSION (Current log version): 0
2017-12-01 16:32:38.516+0000 INFO [o.n.k.i.DiagnosticsManager] LAST_TRANSACTION_ID (Last committed transaction): 84
2017-12-01 16:32:38.516+0000 INFO [o.n.k.i.DiagnosticsManager] STORE_VERSION (Store format version): 15813456178476550
2017-12-01 16:32:38.516+0000 INFO [o.n.k.i.DiagnosticsManager] FIRST_GRAPH_PROPERTY (First property record containing graph properties): -1
2017-12-01 16:32:38.516+0000 INFO [o.n.k.i.DiagnosticsManager] LAST_CONSTRAINT_TRANSACTION (Last committed transaction containing constraint changes): 0
2017-12-01 16:32:38.516+0000 INFO [o.n.k.i.DiagnosticsManager] UPGRADE_TRANSACTION_ID (Transaction id most recent upgrade was performed at): 1
2017-12-01 16:32:38.516+0000 INFO [o.n.k.i.DiagnosticsManager] UPGRADE_TIME (Time of last upgrade): 1512145934392
2017-12-01 16:32:38.516+0000 INFO [o.n.k.i.DiagnosticsManager] LAST_TRANSACTION_CHECKSUM (Checksum of last committed transaction): -160523236653
2017-12-01 16:32:38.516+0000 INFO [o.n.k.i.DiagnosticsManager] UPGRADE_TRANSACTION_CHECKSUM (Checksum of transaction id the most recent upgrade was performed at): 0
2017-12-01 16:32:38.516+0000 INFO [o.n.k.i.DiagnosticsManager] LAST_CLOSED_TRANSACTION_LOG_VERSION (Log version where the last transaction commit entry has been written into): 0
2017-12-01 16:32:38.516+0000 INFO [o.n.k.i.DiagnosticsManager] LAST_CLOSED_TRANSACTION_LOG_BYTE_OFFSET (Byte offset in the log file where the last transaction commit entry has been written into): 5550336
2017-12-01 16:32:38.516+0000 INFO [o.n.k.i.DiagnosticsManager] LAST_TRANSACTION_COMMIT_TIMESTAMP (Commit time timestamp for last committed transaction): 1512145935035
2017-12-01 16:32:38.516+0000 INFO [o.n.k.i.DiagnosticsManager] UPGRADE_TRANSACTION_COMMIT_TIMESTAMP (Commit timestamp of transaction the most recent upgrade was performed at): 0
2017-12-01 16:32:38.516+0000 INFO [o.n.k.i.DiagnosticsManager] --- STARTED diagnostics for NEO_STORE_RECORDS END ---
2017-12-01 16:32:38.516+0000 INFO [o.n.k.i.DiagnosticsManager] --- STARTED diagnostics for TRANSACTION_RANGE START ---
2017-12-01 16:32:38.516+0000 INFO [o.n.k.i.DiagnosticsManager] Transaction log:
2017-12-01 16:32:38.516+0000 INFO [o.n.k.i.DiagnosticsManager] Oldest transaction 2 found in log with version 0
2017-12-01 16:32:38.516+0000 INFO [o.n.k.i.DiagnosticsManager] --- STARTED diagnostics for TRANSACTION_RANGE END ---
2017-12-01 16:32:38.517+0000 INFO [o.n.k.i.DiagnosticsManager] --- STARTED diagnostics for KernelDiagnostics:StoreFiles START ---
2017-12-01 16:32:38.518+0000 INFO [o.n.k.i.DiagnosticsManager] Disk space on partition (Total / Free / Free %): 256058060800 / 99139092480 / 38
Storage files: (filename : modification date - size)
2017-12-01 16:32:38.518+0000 INFO [o.n.k.i.DiagnosticsManager]   certificates:
2017-12-01 16:32:38.518+0000 INFO [o.n.k.i.DiagnosticsManager]     neo4j.cert: 2017-12-01T08:32:37-0800 - 1002.00 B
2017-12-01 16:32:38.518+0000 INFO [o.n.k.i.DiagnosticsManager]     neo4j.key: 2017-12-01T08:32:37-0800 - 1.70 kB
2017-12-01 16:32:38.518+0000 INFO [o.n.k.i.DiagnosticsManager]   - Total: 2017-12-01T08:32:37-0800 - 2.67 kB
2017-12-01 16:32:38.518+0000 INFO [o.n.k.i.DiagnosticsManager]   data:
2017-12-01 16:32:38.519+0000 INFO [o.n.k.i.DiagnosticsManager]     dbms:
2017-12-01 16:32:38.519+0000 INFO [o.n.k.i.DiagnosticsManager]       auth: 2017-12-01T08:32:38-0800 - 137.00 B
2017-12-01 16:32:38.519+0000 INFO [o.n.k.i.DiagnosticsManager]     - Total: 2017-12-01T08:32:38-0800 - 137.00 B
2017-12-01 16:32:38.519+0000 INFO [o.n.k.i.DiagnosticsManager]   - Total: 2017-12-01T08:32:38-0800 - 137.00 B
2017-12-01 16:32:38.519+0000 INFO [o.n.k.i.DiagnosticsManager]   index:
2017-12-01 16:32:38.519+0000 INFO [o.n.k.i.DiagnosticsManager]   - Total: 2017-12-01T08:32:14-0800 - 0.00 B
2017-12-01 16:32:38.519+0000 INFO [o.n.k.i.DiagnosticsManager]   logs:
2017-12-01 16:32:38.519+0000 INFO [o.n.k.i.DiagnosticsManager]     debug.log: 2017-12-01T08:32:17-0800 - 81.70 kB
2017-12-01 16:32:38.519+0000 INFO [o.n.k.i.DiagnosticsManager]   - Total: 2017-12-01T08:32:13-0800 - 81.70 kB
2017-12-01 16:32:38.520+0000 INFO [o.n.k.i.DiagnosticsManager]   neostore: 2017-12-01T08:32:38-0800 - 8.00 kB
2017-12-01 16:32:38.520+0000 INFO [o.n.k.i.DiagnosticsManager]   neostore.counts.db.a: 2017-12-01T08:32:14-0800 - 96.00 B
2017-12-01 16:32:38.520+0000 INFO [o.n.k.i.DiagnosticsManager]   neostore.counts.db.b: 2017-12-01T08:32:38-0800 - 10.19 kB
2017-12-01 16:32:38.520+0000 INFO [o.n.k.i.DiagnosticsManager]   neostore.id: 2017-12-01T08:32:38-0800 - 9.00 B
2017-12-01 16:32:38.520+0000 INFO [o.n.k.i.DiagnosticsManager]   neostore.labelscanstore.db: 2017-12-01T08:32:38-0800 - 64.00 kB
2017-12-01 16:32:38.520+0000 INFO [o.n.k.i.DiagnosticsManager]   neostore.labeltokenstore.db: 2017-12-01T08:32:38-0800 - 8.00 kB
2017-12-01 16:32:38.520+0000 INFO [o.n.k.i.DiagnosticsManager]   neostore.labeltokenstore.db.id: 2017-12-01T08:32:38-0800 - 9.00 B
2017-12-01 16:32:38.520+0000 INFO [o.n.k.i.DiagnosticsManager]   neostore.labeltokenstore.db.names: 2017-12-01T08:32:38-0800 - 8.00 kB
2017-12-01 16:32:38.520+0000 INFO [o.n.k.i.DiagnosticsManager]   neostore.labeltokenstore.db.names.id: 2017-12-01T08:32:38-0800 - 9.00 B
2017-12-01 16:32:38.520+0000 INFO [o.n.k.i.DiagnosticsManager]   neostore.nodestore.db: 2017-12-01T08:32:38-0800 - 143.96 kB
2017-12-01 16:32:38.520+0000 INFO [o.n.k.i.DiagnosticsManager]   neostore.nodestore.db.id: 2017-12-01T08:32:38-0800 - 9.00 B
2017-12-01 16:32:38.520+0000 INFO [o.n.k.i.DiagnosticsManager]   neostore.nodestore.db.labels: 2017-12-01T08:32:14-0800 - 8.00 kB
2017-12-01 16:32:38.521+0000 INFO [o.n.k.i.DiagnosticsManager]   neostore.nodestore.db.labels.id: 2017-12-01T08:32:38-0800 - 9.00 B
2017-12-01 16:32:38.521+0000 INFO [o.n.k.i.DiagnosticsManager]   neostore.propertystore.db: 2017-12-01T08:32:38-0800 - 1.04 MB
2017-12-01 16:32:38.521+0000 INFO [o.n.k.i.DiagnosticsManager]   neostore.propertystore.db.arrays: 2017-12-01T08:32:14-0800 - 8.00 kB
2017-12-01 16:32:38.521+0000 INFO [o.n.k.i.DiagnosticsManager]   neostore.propertystore.db.arrays.id: 2017-12-01T08:32:38-0800 - 9.00 B
2017-12-01 16:32:38.521+0000 INFO [o.n.k.i.DiagnosticsManager]   neostore.propertystore.db.id: 2017-12-01T08:32:38-0800 - 9.00 B
2017-12-01 16:32:38.521+0000 INFO [o.n.k.i.DiagnosticsManager]   neostore.propertystore.db.index: 2017-12-01T08:32:38-0800 - 8.00 kB
2017-12-01 16:32:38.521+0000 INFO [o.n.k.i.DiagnosticsManager]   neostore.propertystore.db.index.id: 2017-12-01T08:32:38-0800 - 9.00 B
2017-12-01 16:32:38.521+0000 INFO [o.n.k.i.DiagnosticsManager]   neostore.propertystore.db.index.keys: 2017-12-01T08:32:38-0800 - 8.00 kB
2017-12-01 16:32:38.521+0000 INFO [o.n.k.i.DiagnosticsManager]   neostore.propertystore.db.index.keys.id: 2017-12-01T08:32:38-0800 - 9.00 B
2017-12-01 16:32:38.521+0000 INFO [o.n.k.i.DiagnosticsManager]   neostore.propertystore.db.strings: 2017-12-01T08:32:38-0800 - 1.67 MB
2017-12-01 16:32:38.521+0000 INFO [o.n.k.i.DiagnosticsManager]   neostore.propertystore.db.strings.id: 2017-12-01T08:32:38-0800 - 9.00 B
2017-12-01 16:32:38.522+0000 INFO [o.n.k.i.DiagnosticsManager]   neostore.relationshipgroupstore.db: 2017-12-01T08:32:38-0800 - 8.00 kB
2017-12-01 16:32:38.522+0000 INFO [o.n.k.i.DiagnosticsManager]   neostore.relationshipgroupstore.db.id: 2017-12-01T08:32:38-0800 - 9.00 B
2017-12-01 16:32:38.522+0000 INFO [o.n.k.i.DiagnosticsManager]   neostore.relationshipstore.db: 2017-12-01T08:32:38-0800 - 374.53 kB
2017-12-01 16:32:38.522+0000 INFO [o.n.k.i.DiagnosticsManager]   neostore.relationshipstore.db.id: 2017-12-01T08:32:38-0800 - 9.00 B
2017-12-01 16:32:38.522+0000 INFO [o.n.k.i.DiagnosticsManager]   neostore.relationshiptypestore.db: 2017-12-01T08:32:38-0800 - 8.00 kB
2017-12-01 16:32:38.522+0000 INFO [o.n.k.i.DiagnosticsManager]   neostore.relationshiptypestore.db.id: 2017-12-01T08:32:38-0800 - 9.00 B
2017-12-01 16:32:38.522+0000 INFO [o.n.k.i.DiagnosticsManager]   neostore.relationshiptypestore.db.names: 2017-12-01T08:32:38-0800 - 8.00 kB
2017-12-01 16:32:38.522+0000 INFO [o.n.k.i.DiagnosticsManager]   neostore.relationshiptypestore.db.names.id: 2017-12-01T08:32:38-0800 - 9.00 B
2017-12-01 16:32:38.522+0000 INFO [o.n.k.i.DiagnosticsManager]   neostore.schemastore.db: 2017-12-01T08:32:14-0800 - 8.00 kB
2017-12-01 16:32:38.522+0000 INFO [o.n.k.i.DiagnosticsManager]   neostore.schemastore.db.id: 2017-12-01T08:32:38-0800 - 9.00 B
2017-12-01 16:32:38.523+0000 INFO [o.n.k.i.DiagnosticsManager]   neostore.transaction.db.0: 2017-12-01T08:32:15-0800 - 5.29 MB
2017-12-01 16:32:38.523+0000 INFO [o.n.k.i.DiagnosticsManager]   store_lock: 2017-12-01T08:32:14-0800 - 0.00 B
2017-12-01 16:32:38.523+0000 INFO [o.n.k.i.DiagnosticsManager] --- STARTED diagnostics for KernelDiagnostics:StoreFiles END ---
2017-12-01 16:32:38.528+0000 INFO [o.n.k.i.DiagnosticsManager] --- SERVER STARTED START ---
2017-12-01 16:32:38.891+0000 INFO [o.n.k.i.DiagnosticsManager] --- SERVER STARTED END ---
2017-12-01 22:32:48.178+0000 WARN [o.n.k.i.c.MonitorGc] GC Monitor: Application threads blocked for 285ms.
